2025-04-29 06:35:50.393: [INFO] VisibilityChanged: 0
2025-04-29 06:35:50.427: [INFO] RecordSyncInitDuration has_sync_been_enabled: 0 state: 0
2025-04-29 06:35:50.427: [INFO] RecordSyncInitDuration has_sync_been_enabled: 0 state: 0
2025-04-29 06:35:50.427: [INFO] RecordSyncInitDuration has_sync_been_enabled: 0 state: 0
2025-04-29 06:35:50.427: [INFO] RecordSyncInitDuration has_sync_been_enabled: 0 state: 0
2025-04-29 06:35:50.427: [INFO] RecordSyncInitDuration has_sync_been_enabled: 0 state: 0
2025-04-29 06:35:50.428: [INFO] RecordSyncInitDuration has_sync_been_enabled: 0 state: 0
2025-04-29 06:35:50.428: [INFO] RecordSyncInitDuration has_sync_been_enabled: 0 state: 0
2025-04-29 06:35:50.428: [INFO] RecordSyncInitDuration has_sync_been_enabled: 0 state: 0
2025-04-29 06:35:50.428: [INFO] RecordSyncInitDuration has_sync_been_enabled: 0 state: 0
2025-04-29 06:35:50.428: [INFO] RecordSyncInitDuration has_sync_been_enabled: 0 state: 0
2025-04-29 06:35:50.428: [INFO] RecordSyncInitDuration has_sync_been_enabled: 0 state: 0
2025-04-29 06:35:50.436: [INFO] BookmarkNodeAdded, ABU: 0
2025-04-29 06:35:50.436: [INFO] BookmarkNodeAdded, ABU: 0
2025-04-29 06:35:50.436: [INFO] BookmarkNodeAdded, ABU: 0
2025-04-29 06:35:50.436: [INFO] BookmarkModelLoaded, ids_reassigned: 0
2025-04-29 06:35:50.436: [INFO] OnDoneLoading sync enabled: 0
2025-04-29 06:35:50.500: [INFO] RecordSyncInitDuration has_sync_been_enabled: 0 state: 0
2025-04-29 06:35:50.731: [INFO] RecordSyncInitDuration has_sync_been_enabled: 0 state: 3
2025-04-29 06:35:50.734: [INFO] Primary account changed.
2025-04-29 06:35:50.734: [INFO] OnPrimaryAccountChanged PrimaryAccountChangeEvent::Type::kSet
2025-04-29 06:35:50.735: [INFO] RecordSyncInitDuration has_sync_been_enabled: 0 state: 3
2025-04-29 06:35:51.023: [INFO] RecordSyncInitDuration has_sync_been_enabled: 0 state: 3
2025-04-29 06:35:57.362: [INFO] BookmarkNodeAdded, ABU: 0
2025-04-29 06:35:57.759: [INFO] Sync initialization duration: 6610ms
