{"logTime": "0429/063554", "correlationVector":"+1jkZRcWDje2FaqR5PmLEV.1","action":"SyncServerConnectionManagerRequest", "result":"SYNC_SERVER_OK", "context":{"environment":"Prod_southeastasia_prod-s01-065-apac-southeastasia", "migrationStage":"NotStarted", "server":"akswtt00700000x"}}
{"logTime": "0429/063554", "correlationVector":"+1jkZRcWDje2FaqR5PmLEV.2","action":"ProcessGetUpdates", "result":"Done", "context":{"dataType":"Encryption Keys", "deleted":"0", "process_failed_to_decrypt":"0", "process_pending_decryption":"0", "process_success":"1", "total":"1"}}
{"logTime": "0429/063556", "correlationVector":"Ljp/066fp55/l0EdGRiyOH","action":"SyncServerConnectionManagerRequest", "result":"SYNC_SERVER_OK", "context":{"environment":"", "migrationStage":"", "server":""}}
{"logTime": "0429/063556", "correlationVector":"Ljp/066fp55/l0EdGRiyOH.0","action":"EncryptionKeysFetcher.DownloadKeys:", "result":"Success", "context":Key count: 6, Last key timestamp: 2025-04-12T04:26:06Z}
{"logTime": "0429/063556", "correlationVector":"Ljp/066fp55/l0EdGRiyOH.1","action":"EncryptionKeysManager::SetEncryptionKeys:", "result":"Success", "context":Key names[6]:[jDaXdZmK/sn9pEOBrHk51NgCGE2MikUXvWEgOHiBxNCT9f6nE4gnevH8vKaWHMNxpZPojJ2bENZ/o4epObl7Uw==][eQ83YXTexEYG8NRg0IiSBKkZa631ZXamvN23M9nxkX3IEaHACUiABX2in912YUEdpnx2bQcjnxyI3ezvTNjZSQ==][JuRNeVQ0N0QFygQTrTgjZW/gpB6RmB/fF5I6bBkKMyGlmUbYOBRq1hnFm0jp0q3Xz5Tr6G+aeGdw9SFhMh0aMQ==][k6mxfmnbf6BMkp4CBb/yGI3pWgImd7S+LwwUCuAMpEmSQBc2DV9o88wNlIwo/+hPMbAvB6Z7rhqvz0PTYDaaHA==][Xt0QpuPw0/jUvENCW1XlbfrYtXy+TrwcSLzyZxEQKF98vaqL9N9kvwzWGUAQz6k9l9IB06pzNjhBxniChJXXZg==][YGbkfDgSPf3nX8P8ZHsExvutfBUpZ9p6VaHBs1ynn6sp6h6YcYh44Egv6sbKNCv/+H6sa+M9LxqPq3VrnuSWmA==]}
{"logTime": "0429/063556", "correlationVector":"Ljp/066fp55/l0EdGRiyOH.2","action":"EncryptionKeysManager::SetEncryptionKeysWithTimestamps:", "result":"Success", "context":Key timestamps[6]:[2022-07-01T06:25:26Z][2023-02-07T01:56:18Z][2023-08-10T04:25:01Z][2024-02-12T11:46:11Z][2024-08-11T09:30:34Z][2025-04-12T04:26:06Z]}
{"logTime": "0429/063556", "correlationVector":"+1jkZRcWDje2FaqR5PmLEV","action":"Initial GetUpdates", "result":"", "context":Reason: NEW_CLIENT. cV=+1jkZRcWDje2FaqR5PmLEV}
{"logTime": "0429/063556", "correlationVector":"+1jkZRcWDje2FaqR5PmLEV.3","action":"GetUpdates Response", "result":"Success", "context":Received 1 update(s). cV=+1jkZRcWDje2FaqR5PmLEV.0;server=akswtt00700000x;cloudType=Consumer;environment=Prod_southeastasia_prod-s01-065-apac-southeastasia;migrationStage=NotStarted}
{"logTime": "0429/063556", "correlationVector":"1BZtTPb3FJGusETyTlnk9f","action":"Initial GetUpdates", "result":"", "context":Reason: NEWLY_SUPPORTED_DATATYPE. cV=1BZtTPb3FJGusETyTlnk9f}
{"logTime": "0429/063556", "correlationVector":"1BZtTPb3FJGusETyTlnk9f.1","action":"SyncServerConnectionManagerRequest", "result":"SYNC_SERVER_OK", "context":{"environment":"Prod_southeastasia_prod-s01-064-apac-southeastasia", "migrationStage":"NotStarted", "server":"akswtt00700001w"}}
{"logTime": "0429/063556", "correlationVector":"1BZtTPb3FJGusETyTlnk9f.2","action":"ProcessGetUpdates", "result":"Done", "context":{"dataType":"Preferences", "deleted":"0", "process_failed_to_decrypt":"0", "process_pending_decryption":"0", "process_success":"68", "total":"68"}}
{"logTime": "0429/063556", "correlationVector":"1BZtTPb3FJGusETyTlnk9f.3","action":"ProcessGetUpdates", "result":"Done", "context":{"dataType":"Passwords", "deleted":"1", "process_failed_to_decrypt":"0", "process_pending_decryption":"0", "process_success":"7", "total":"7"}}
{"logTime": "0429/063556", "correlationVector":"1BZtTPb3FJGusETyTlnk9f.4","action":"ProcessGetUpdates", "result":"Done", "context":{"dataType":"Device Info", "deleted":"0", "process_failed_to_decrypt":"0", "process_pending_decryption":"0", "process_success":"16", "total":"16"}}
{"logTime": "0429/063556", "correlationVector":"1BZtTPb3FJGusETyTlnk9f.5","action":"GetUpdates Response", "result":"Success", "context":Received 91 update(s). cV=1BZtTPb3FJGusETyTlnk9f.0;server=akswtt00700001w;cloudType=Consumer;environment=Prod_southeastasia_prod-s01-064-apac-southeastasia;migrationStage=NotStarted}
{"logTime": "0429/063556", "correlationVector":"CeSndHKjtXPfBnPHyWsx9L","action":"Initial GetUpdates", "result":"", "context":Reason: NEWLY_SUPPORTED_DATATYPE. cV=CeSndHKjtXPfBnPHyWsx9L}
{"logTime": "0429/063557", "correlationVector":"CeSndHKjtXPfBnPHyWsx9L.1","action":"SyncServerConnectionManagerRequest", "result":"SYNC_SERVER_OK", "context":{"environment":"Prod_southeastasia_prod-s01-064-apac-southeastasia", "migrationStage":"NotStarted", "server":"akswtt00700001k"}}
{"logTime": "0429/063557", "correlationVector":"CeSndHKjtXPfBnPHyWsx9L.2","action":"ProcessGetUpdates", "result":"Done", "context":{"dataType":"Bookmarks", "deleted":"0", "process_failed_to_decrypt":"0", "process_pending_decryption":"0", "process_success":"6", "total":"6"}}
{"logTime": "0429/063557", "correlationVector":"CeSndHKjtXPfBnPHyWsx9L.3","action":"GetUpdates Response", "result":"Success", "context":Received 6 update(s). cV=CeSndHKjtXPfBnPHyWsx9L.0;server=akswtt00700001k;cloudType=Consumer;environment=Prod_southeastasia_prod-s01-064-apac-southeastasia;migrationStage=NotStarted}
{"logTime": "0429/063557", "correlationVector":"su+WtgJc3+YPd9C1KrLnrt","action":"Initial GetUpdates", "result":"", "context":Reason: NEWLY_SUPPORTED_DATATYPE. cV=su+WtgJc3+YPd9C1KrLnrt}
{"logTime": "0429/063557", "correlationVector":"su+WtgJc3+YPd9C1KrLnrt.1","action":"SyncServerConnectionManagerRequest", "result":"SYNC_SERVER_OK", "context":{"environment":"Prod_southeastasia_prod-s01-064-apac-southeastasia", "migrationStage":"NotStarted", "server":"akswtt00700001v"}}
{"logTime": "0429/063557", "correlationVector":"su+WtgJc3+YPd9C1KrLnrt.2","action":"ProcessGetUpdates", "result":"Done", "context":{"dataType":"Autofill", "deleted":"0", "process_failed_to_decrypt":"0", "process_pending_decryption":"0", "process_success":"1", "total":"1"}}
{"logTime": "0429/063557", "correlationVector":"su+WtgJc3+YPd9C1KrLnrt.3","action":"ProcessGetUpdates", "result":"Done", "context":{"dataType":"Sessions", "deleted":"71", "process_failed_to_decrypt":"0", "process_pending_decryption":"0", "process_success":"88", "total":"88"}}
{"logTime": "0429/063557", "correlationVector":"su+WtgJc3+YPd9C1KrLnrt.4","action":"GetUpdates Response", "result":"Success", "context":Received 89 update(s). cV=su+WtgJc3+YPd9C1KrLnrt.0;server=akswtt00700001v;cloudType=Consumer;environment=Prod_southeastasia_prod-s01-064-apac-southeastasia;migrationStage=NotStarted}
{"logTime": "0429/063557", "correlationVector":"DkCyFB+vA8aNLLfy4VH0XH","action":"Initial GetUpdates", "result":"", "context":Reason: NEWLY_SUPPORTED_DATATYPE. cV=DkCyFB+vA8aNLLfy4VH0XH}
{"logTime": "0429/063558", "correlationVector":"DkCyFB+vA8aNLLfy4VH0XH.1","action":"SyncServerConnectionManagerRequest", "result":"SYNC_SERVER_OK", "context":{"environment":"Prod_southeastasia_prod-s01-064-apac-southeastasia", "migrationStage":"NotStarted", "server":"akswtt00700002w"}}
{"logTime": "0429/063558", "correlationVector":"DkCyFB+vA8aNLLfy4VH0XH.2","action":"ProcessGetUpdates", "result":"Done", "context":{"dataType":"History", "deleted":"0", "process_failed_to_decrypt":"0", "process_pending_decryption":"0", "process_success":"250", "total":"250"}}
{"logTime": "0429/063558", "correlationVector":"DkCyFB+vA8aNLLfy4VH0XH.3","action":"GetUpdates Response", "result":"Success", "context":Received 250 update(s). cV=DkCyFB+vA8aNLLfy4VH0XH.0;server=akswtt00700002w;cloudType=Consumer;environment=Prod_southeastasia_prod-s01-064-apac-southeastasia;migrationStage=NotStarted Some updates remain.}
{"logTime": "0429/063558", "correlationVector":"TkktczfXgnxaImtF9JTAFT","action":"Initial GetUpdates", "result":"", "context":Reason: NEWLY_SUPPORTED_DATATYPE. cV=TkktczfXgnxaImtF9JTAFT}
{"logTime": "0429/063559", "correlationVector":"TkktczfXgnxaImtF9JTAFT.1","action":"SyncServerConnectionManagerRequest", "result":"SYNC_SERVER_OK", "context":{"environment":"Prod_southeastasia_prod-s01-064-apac-southeastasia", "migrationStage":"NotStarted", "server":"akswtt00700003c"}}
{"logTime": "0429/063559", "correlationVector":"TkktczfXgnxaImtF9JTAFT.2","action":"ProcessGetUpdates", "result":"Done", "context":{"dataType":"History", "deleted":"0", "process_failed_to_decrypt":"0", "process_pending_decryption":"0", "process_success":"206", "total":"206"}}
{"logTime": "0429/063559", "correlationVector":"TkktczfXgnxaImtF9JTAFT.3","action":"GetUpdates Response", "result":"Success", "context":Received 206 update(s). cV=TkktczfXgnxaImtF9JTAFT.0;server=akswtt00700003c;cloudType=Consumer;environment=Prod_southeastasia_prod-s01-064-apac-southeastasia;migrationStage=NotStarted}
{"logTime": "0429/063559", "correlationVector":"Uv+MASDLDXhcDmveCVDmd2","action":"Normal GetUpdate request", "result":"", "context":cV=Uv+MASDLDXhcDmveCVDmd2
Nudged types: Bookmarks, Preferences, Sessions, Device Info, User Consents
Refresh requested types: Bookmarks, Preferences, Passwords, Autofill Profiles, Autofill, Extensions, Sessions, Extension settings, History Delete Directives, Device Info, User Consents, Send Tab To Self, Web Apps, History, Saved Tab Group, Collection, Edge E Drop, Edge Hub App Usage, Edge Tab Group, Edge Wallet, Encryption Keys}
{"logTime": "0429/063600", "correlationVector":"Uv+MASDLDXhcDmveCVDmd2.1","action":"SyncServerConnectionManagerRequest", "result":"SYNC_SERVER_OK", "context":{"environment":"Prod_southeastasia_prod-s01-064-apac-southeastasia", "migrationStage":"NotStarted", "server":"akswtt007000000"}}
{"logTime": "0429/063600", "correlationVector":"Uv+MASDLDXhcDmveCVDmd2.2","action":"GetUpdates Response", "result":"Success", "context":Received 0 update(s). cV=Uv+MASDLDXhcDmveCVDmd2.0;server=akswtt007000000;cloudType=Consumer;environment=Prod_southeastasia_prod-s01-064-apac-southeastasia;migrationStage=NotStarted}
{"logTime": "0429/063600", "correlationVector":"HyPkvUSYtgFiLj1UgMg2Lh","action":"Commit Request", "result":"", "context":Item count: 7
Contributing types: Bookmarks, Preferences, Sessions, Device Info, User Consents}
{"logTime": "0429/063601", "correlationVector":"HyPkvUSYtgFiLj1UgMg2Lh.1","action":"SyncServerConnectionManagerRequest", "result":"SYNC_SERVER_OK", "context":{"environment":"Prod_southeastasia_prod-s01-064-apac-southeastasia", "migrationStage":"NotStarted", "server":"akswtt00700000d"}}
{"logTime": "0429/063601", "correlationVector":"HyPkvUSYtgFiLj1UgMg2Lh.2","action":"Commit Response", "result":"Success", "context":Result: Success. cV=HyPkvUSYtgFiLj1UgMg2Lh.0;server=akswtt00700000d;cloudType=Consumer;environment=Prod_southeastasia_prod-s01-064-apac-southeastasia;migrationStage=NotStarted}
