2025-05-01 03:21:37.531: [INFO] VisibilityChanged: 0
2025-05-01 03:21:37.570: [INFO] RecordSyncInitDuration has_sync_been_enabled: 0 state: 0
2025-05-01 03:21:37.570: [INFO] RecordSyncInitDuration has_sync_been_enabled: 0 state: 0
2025-05-01 03:21:37.570: [INFO] RecordSyncInitDuration has_sync_been_enabled: 0 state: 0
2025-05-01 03:21:37.570: [INFO] RecordSyncInitDuration has_sync_been_enabled: 0 state: 0
2025-05-01 03:21:37.570: [INFO] RecordSyncInitDuration has_sync_been_enabled: 0 state: 0
2025-05-01 03:21:37.570: [INFO] RecordSyncInitDuration has_sync_been_enabled: 0 state: 0
2025-05-01 03:21:37.570: [INFO] RecordSyncInitDuration has_sync_been_enabled: 0 state: 0
2025-05-01 03:21:37.571: [INFO] RecordSyncInitDuration has_sync_been_enabled: 0 state: 0
2025-05-01 03:21:37.571: [INFO] RecordSyncInitDuration has_sync_been_enabled: 0 state: 0
2025-05-01 03:21:37.571: [INFO] RecordSyncInitDuration has_sync_been_enabled: 0 state: 0
2025-05-01 03:21:37.571: [INFO] RecordSyncInitDuration has_sync_been_enabled: 0 state: 0
2025-05-01 03:21:37.580: [INFO] BookmarkNodeAdded, ABU: 0
2025-05-01 03:21:37.581: [INFO] BookmarkNodeAdded, ABU: 0
2025-05-01 03:21:37.581: [INFO] BookmarkNodeAdded, ABU: 0
2025-05-01 03:21:37.581: [INFO] BookmarkModelLoaded, ids_reassigned: 0
2025-05-01 03:21:37.581: [INFO] OnDoneLoading sync enabled: 0
2025-05-01 03:21:37.630: [INFO] RecordSyncInitDuration has_sync_been_enabled: 0 state: 0
2025-05-01 03:21:37.753: [INFO] RecordSyncInitDuration has_sync_been_enabled: 0 state: 3
2025-05-01 03:21:37.756: [INFO] Primary account changed.
2025-05-01 03:21:37.756: [INFO] OnPrimaryAccountChanged PrimaryAccountChangeEvent::Type::kSet
2025-05-01 03:21:37.758: [INFO] RecordSyncInitDuration has_sync_been_enabled: 0 state: 3
2025-05-01 03:21:38.020: [INFO] RecordSyncInitDuration has_sync_been_enabled: 0 state: 3
2025-05-01 03:22:01.259: [INFO] BookmarkNodeAdded, ABU: 0
2025-05-01 03:22:01.691: [INFO] Sync initialization duration: 23451ms
2025-05-01 03:35:36.822: [INFO] VisibilityChanged: 0
2025-05-01 03:35:36.875: [INFO] BookmarkNodeAdded, ABU: 0
2025-05-01 03:35:36.876: [INFO] BookmarkNodeAdded, ABU: 0
2025-05-01 03:35:36.876: [INFO] BookmarkNodeAdded, ABU: 0
2025-05-01 03:35:36.876: [INFO] BookmarkModelLoaded, ids_reassigned: 0
2025-05-01 03:35:36.876: [INFO] OnDoneLoading sync enabled: 1
2025-05-01 03:37:15.498: [INFO] VisibilityChanged: 0
2025-05-01 03:37:15.552: [INFO] BookmarkNodeAdded, ABU: 0
2025-05-01 03:37:15.552: [INFO] BookmarkNodeAdded, ABU: 0
2025-05-01 03:37:15.552: [INFO] BookmarkNodeAdded, ABU: 0
2025-05-01 03:37:15.552: [INFO] BookmarkModelLoaded, ids_reassigned: 0
2025-05-01 03:37:15.552: [INFO] OnDoneLoading sync enabled: 1
2025-05-01 03:37:20.883: [INFO] Sync initialization duration: 5039ms
2025-05-01 04:33:20.280: [INFO] VisibilityChanged: 0
2025-05-01 04:33:20.331: [INFO] BookmarkNodeAdded, ABU: 0
2025-05-01 04:33:20.331: [INFO] BookmarkNodeAdded, ABU: 0
2025-05-01 04:33:20.331: [INFO] BookmarkNodeAdded, ABU: 0
2025-05-01 04:33:20.331: [INFO] BookmarkModelLoaded, ids_reassigned: 0
2025-05-01 04:33:20.331: [INFO] OnDoneLoading sync enabled: 1
2025-05-01 04:33:24.329: [INFO] Sync initialization duration: 3670ms
2025-05-01 05:23:11.895: [INFO] VisibilityChanged: 0
2025-05-01 05:23:11.972: [INFO] BookmarkNodeAdded, ABU: 0
2025-05-01 05:23:11.972: [INFO] BookmarkNodeAdded, ABU: 0
2025-05-01 05:23:11.973: [INFO] BookmarkNodeAdded, ABU: 0
2025-05-01 05:23:11.973: [INFO] BookmarkModelLoaded, ids_reassigned: 0
2025-05-01 05:23:11.973: [INFO] OnDoneLoading sync enabled: 1
2025-05-01 05:23:15.758: [INFO] Sync initialization duration: 3204ms
2025-05-01 06:53:34.085: [INFO] VisibilityChanged: 0
2025-05-01 06:53:34.125: [INFO] BookmarkNodeAdded, ABU: 0
2025-05-01 06:53:34.125: [INFO] BookmarkNodeAdded, ABU: 0
2025-05-01 06:53:34.126: [INFO] BookmarkNodeAdded, ABU: 0
2025-05-01 06:53:34.126: [INFO] BookmarkModelLoaded, ids_reassigned: 0
2025-05-01 06:53:34.126: [INFO] OnDoneLoading sync enabled: 1
2025-05-01 06:53:37.682: [INFO] Sync initialization duration: 3299ms
2025-05-01 07:41:16.321: [INFO] VisibilityChanged: 0
2025-05-01 07:41:16.369: [INFO] BookmarkNodeAdded, ABU: 0
2025-05-01 07:41:16.369: [INFO] BookmarkNodeAdded, ABU: 0
2025-05-01 07:41:16.370: [INFO] BookmarkNodeAdded, ABU: 0
2025-05-01 07:41:16.370: [INFO] BookmarkModelLoaded, ids_reassigned: 0
2025-05-01 07:41:16.370: [INFO] OnDoneLoading sync enabled: 1
2025-05-01 07:41:21.483: [INFO] Sync initialization duration: 4839ms
2025-05-01 09:32:02.497: [INFO] VisibilityChanged: 0
2025-05-01 09:32:02.553: [INFO] BookmarkNodeAdded, ABU: 0
2025-05-01 09:32:02.554: [INFO] BookmarkNodeAdded, ABU: 0
2025-05-01 09:32:02.554: [INFO] BookmarkNodeAdded, ABU: 0
2025-05-01 09:32:02.554: [INFO] BookmarkModelLoaded, ids_reassigned: 0
2025-05-01 09:32:02.554: [INFO] OnDoneLoading sync enabled: 1
2025-05-01 09:32:06.252: [INFO] Sync initialization duration: 3408ms
