{"logTime": "0502/121840", "correlationVector":"9lomT11RnClLK0eKYcDgLF.1","action":"SyncServerConnectionManagerRequest", "result":"SYNC_SERVER_OK", "context":{"environment":"Prod_southeastasia_prod-s01-064-apac-southeastasia", "migrationStage":"NotStarted", "server":"akswtt00700001d"}}
{"logTime": "0502/121840", "correlationVector":"9lomT11RnClLK0eKYcDgLF.2","action":"ProcessGetUpdates", "result":"Done", "context":{"dataType":"Encryption Keys", "deleted":"0", "process_failed_to_decrypt":"0", "process_pending_decryption":"0", "process_success":"1", "total":"1"}}
{"logTime": "0502/121841", "correlationVector":"Xn7mcr+8Cr7k7KyZCN4P4E","action":"SyncServerConnectionManagerRequest", "result":"SYNC_SERVER_OK", "context":{"environment":"", "migrationStage":"", "server":""}}
{"logTime": "0502/121841", "correlationVector":"Xn7mcr+8Cr7k7KyZCN4P4E.0","action":"EncryptionKeysFetcher.DownloadKeys:", "result":"Success", "context":Key count: 6, Last key timestamp: 2025-04-12T04:26:06Z}
{"logTime": "0502/121841", "correlationVector":"Xn7mcr+8Cr7k7KyZCN4P4E.1","action":"EncryptionKeysManager::SetEncryptionKeys:", "result":"Success", "context":Key names[6]:[jDaXdZmK/sn9pEOBrHk51NgCGE2MikUXvWEgOHiBxNCT9f6nE4gnevH8vKaWHMNxpZPojJ2bENZ/o4epObl7Uw==][eQ83YXTexEYG8NRg0IiSBKkZa631ZXamvN23M9nxkX3IEaHACUiABX2in912YUEdpnx2bQcjnxyI3ezvTNjZSQ==][JuRNeVQ0N0QFygQTrTgjZW/gpB6RmB/fF5I6bBkKMyGlmUbYOBRq1hnFm0jp0q3Xz5Tr6G+aeGdw9SFhMh0aMQ==][k6mxfmnbf6BMkp4CBb/yGI3pWgImd7S+LwwUCuAMpEmSQBc2DV9o88wNlIwo/+hPMbAvB6Z7rhqvz0PTYDaaHA==][Xt0QpuPw0/jUvENCW1XlbfrYtXy+TrwcSLzyZxEQKF98vaqL9N9kvwzWGUAQz6k9l9IB06pzNjhBxniChJXXZg==][YGbkfDgSPf3nX8P8ZHsExvutfBUpZ9p6VaHBs1ynn6sp6h6YcYh44Egv6sbKNCv/+H6sa+M9LxqPq3VrnuSWmA==]}
{"logTime": "0502/121841", "correlationVector":"Xn7mcr+8Cr7k7KyZCN4P4E.2","action":"EncryptionKeysManager::SetEncryptionKeysWithTimestamps:", "result":"Success", "context":Key timestamps[6]:[2022-07-01T06:25:26Z][2023-02-07T01:56:18Z][2023-08-10T04:25:01Z][2024-02-12T11:46:11Z][2024-08-11T09:30:34Z][2025-04-12T04:26:06Z]}
{"logTime": "0502/121841", "correlationVector":"9lomT11RnClLK0eKYcDgLF","action":"Initial GetUpdates", "result":"", "context":Reason: NEW_CLIENT. cV=9lomT11RnClLK0eKYcDgLF}
{"logTime": "0502/121841", "correlationVector":"9lomT11RnClLK0eKYcDgLF.3","action":"GetUpdates Response", "result":"Success", "context":Received 1 update(s). cV=9lomT11RnClLK0eKYcDgLF.0;server=akswtt00700001d;cloudType=Consumer;environment=Prod_southeastasia_prod-s01-064-apac-southeastasia;migrationStage=NotStarted}
{"logTime": "0502/121841", "correlationVector":"mjY3Sf31vlEkNfmlFKUwka","action":"Initial GetUpdates", "result":"", "context":Reason: NEWLY_SUPPORTED_DATATYPE. cV=mjY3Sf31vlEkNfmlFKUwka}
{"logTime": "0502/121842", "correlationVector":"mjY3Sf31vlEkNfmlFKUwka.1","action":"SyncServerConnectionManagerRequest", "result":"SYNC_SERVER_OK", "context":{"environment":"Prod_southeastasia_prod-s01-065-apac-southeastasia", "migrationStage":"NotStarted", "server":"akswtt007000049"}}
{"logTime": "0502/121842", "correlationVector":"mjY3Sf31vlEkNfmlFKUwka.2","action":"ProcessGetUpdates", "result":"Done", "context":{"dataType":"Preferences", "deleted":"0", "process_failed_to_decrypt":"0", "process_pending_decryption":"0", "process_success":"68", "total":"68"}}
{"logTime": "0502/121842", "correlationVector":"mjY3Sf31vlEkNfmlFKUwka.3","action":"ProcessGetUpdates", "result":"Done", "context":{"dataType":"Passwords", "deleted":"1", "process_failed_to_decrypt":"0", "process_pending_decryption":"0", "process_success":"7", "total":"7"}}
{"logTime": "0502/121842", "correlationVector":"mjY3Sf31vlEkNfmlFKUwka.4","action":"ProcessGetUpdates", "result":"Done", "context":{"dataType":"Device Info", "deleted":"0", "process_failed_to_decrypt":"0", "process_pending_decryption":"0", "process_success":"18", "total":"18"}}
{"logTime": "0502/121842", "correlationVector":"mjY3Sf31vlEkNfmlFKUwka.5","action":"GetUpdates Response", "result":"Success", "context":Received 93 update(s). cV=mjY3Sf31vlEkNfmlFKUwka.0;server=akswtt007000049;cloudType=Consumer;environment=Prod_southeastasia_prod-s01-065-apac-southeastasia;migrationStage=NotStarted}
{"logTime": "0502/121842", "correlationVector":"fzogvS8f8us1OttmCVeLcF","action":"Initial GetUpdates", "result":"", "context":Reason: NEWLY_SUPPORTED_DATATYPE. cV=fzogvS8f8us1OttmCVeLcF}
{"logTime": "0502/121842", "correlationVector":"fzogvS8f8us1OttmCVeLcF.1","action":"SyncServerConnectionManagerRequest", "result":"SYNC_SERVER_OK", "context":{"environment":"Prod_southeastasia_prod-s01-065-apac-southeastasia", "migrationStage":"NotStarted", "server":"akswtt00700002g"}}
{"logTime": "0502/121842", "correlationVector":"fzogvS8f8us1OttmCVeLcF.2","action":"ProcessGetUpdates", "result":"Done", "context":{"dataType":"Bookmarks", "deleted":"0", "process_failed_to_decrypt":"0", "process_pending_decryption":"0", "process_success":"6", "total":"6"}}
{"logTime": "0502/121842", "correlationVector":"fzogvS8f8us1OttmCVeLcF.3","action":"GetUpdates Response", "result":"Success", "context":Received 6 update(s). cV=fzogvS8f8us1OttmCVeLcF.0;server=akswtt00700002g;cloudType=Consumer;environment=Prod_southeastasia_prod-s01-065-apac-southeastasia;migrationStage=NotStarted}
{"logTime": "0502/121842", "correlationVector":"3drKl8+QvsHeDxS58bsglf","action":"Initial GetUpdates", "result":"", "context":Reason: NEWLY_SUPPORTED_DATATYPE. cV=3drKl8+QvsHeDxS58bsglf}
{"logTime": "0502/121843", "correlationVector":"3drKl8+QvsHeDxS58bsglf.1","action":"SyncServerConnectionManagerRequest", "result":"SYNC_SERVER_OK", "context":{"environment":"Prod_southeastasia_prod-s01-065-apac-southeastasia", "migrationStage":"NotStarted", "server":"akswtt007000041"}}
{"logTime": "0502/121843", "correlationVector":"3drKl8+QvsHeDxS58bsglf.2","action":"ProcessGetUpdates", "result":"Done", "context":{"dataType":"Autofill", "deleted":"0", "process_failed_to_decrypt":"0", "process_pending_decryption":"0", "process_success":"1", "total":"1"}}
{"logTime": "0502/121843", "correlationVector":"3drKl8+QvsHeDxS58bsglf.3","action":"ProcessGetUpdates", "result":"Done", "context":{"dataType":"Sessions", "deleted":"88", "process_failed_to_decrypt":"0", "process_pending_decryption":"0", "process_success":"106", "total":"106"}}
{"logTime": "0502/121843", "correlationVector":"3drKl8+QvsHeDxS58bsglf.4","action":"ProcessGetUpdates", "result":"Done", "context":{"dataType":"Edge Hub App Usage", "deleted":"0", "process_failed_to_decrypt":"0", "process_pending_decryption":"0", "process_success":"1", "total":"1"}}
{"logTime": "0502/121843", "correlationVector":"3drKl8+QvsHeDxS58bsglf.5","action":"GetUpdates Response", "result":"Success", "context":Received 108 update(s). cV=3drKl8+QvsHeDxS58bsglf.0;server=akswtt007000041;cloudType=Consumer;environment=Prod_southeastasia_prod-s01-065-apac-southeastasia;migrationStage=NotStarted}
{"logTime": "0502/121843", "correlationVector":"C3JPlywRtzy4swLSRP+unk","action":"Initial GetUpdates", "result":"", "context":Reason: NEWLY_SUPPORTED_DATATYPE. cV=C3JPlywRtzy4swLSRP+unk}
{"logTime": "0502/121844", "correlationVector":"C3JPlywRtzy4swLSRP+unk.1","action":"SyncServerConnectionManagerRequest", "result":"SYNC_SERVER_OK", "context":{"environment":"Prod_southeastasia_prod-s01-065-apac-southeastasia", "migrationStage":"NotStarted", "server":"akswtt00700000n"}}
{"logTime": "0502/121844", "correlationVector":"C3JPlywRtzy4swLSRP+unk.2","action":"ProcessGetUpdates", "result":"Done", "context":{"dataType":"History", "deleted":"0", "process_failed_to_decrypt":"0", "process_pending_decryption":"0", "process_success":"250", "total":"250"}}
{"logTime": "0502/121844", "correlationVector":"C3JPlywRtzy4swLSRP+unk.3","action":"GetUpdates Response", "result":"Success", "context":Received 250 update(s). cV=C3JPlywRtzy4swLSRP+unk.0;server=akswtt00700000n;cloudType=Consumer;environment=Prod_southeastasia_prod-s01-065-apac-southeastasia;migrationStage=NotStarted Some updates remain.}
{"logTime": "0502/121844", "correlationVector":"xgDfsWe0SyKy3mLhSZE3PB","action":"Initial GetUpdates", "result":"", "context":Reason: NEWLY_SUPPORTED_DATATYPE. cV=xgDfsWe0SyKy3mLhSZE3PB}
{"logTime": "0502/121845", "correlationVector":"xgDfsWe0SyKy3mLhSZE3PB.1","action":"SyncServerConnectionManagerRequest", "result":"SYNC_SERVER_OK", "context":{"environment":"Prod_southeastasia_prod-s01-065-apac-southeastasia", "migrationStage":"NotStarted", "server":"akswtt00700000n"}}
{"logTime": "0502/121845", "correlationVector":"xgDfsWe0SyKy3mLhSZE3PB.2","action":"ProcessGetUpdates", "result":"Done", "context":{"dataType":"History", "deleted":"0", "process_failed_to_decrypt":"0", "process_pending_decryption":"0", "process_success":"250", "total":"250"}}
{"logTime": "0502/121845", "correlationVector":"xgDfsWe0SyKy3mLhSZE3PB.3","action":"GetUpdates Response", "result":"Success", "context":Received 250 update(s). cV=xgDfsWe0SyKy3mLhSZE3PB.0;server=akswtt00700000n;cloudType=Consumer;environment=Prod_southeastasia_prod-s01-065-apac-southeastasia;migrationStage=NotStarted Some updates remain.}
{"logTime": "0502/121845", "correlationVector":"V8NMQhBlGpnAnNnRePLetN","action":"Initial GetUpdates", "result":"", "context":Reason: NEWLY_SUPPORTED_DATATYPE. cV=V8NMQhBlGpnAnNnRePLetN}
{"logTime": "0502/121845", "correlationVector":"V8NMQhBlGpnAnNnRePLetN.1","action":"SyncServerConnectionManagerRequest", "result":"SYNC_SERVER_OK", "context":{"environment":"Prod_southeastasia_prod-s01-065-apac-southeastasia", "migrationStage":"NotStarted", "server":"akswtt007000019"}}
{"logTime": "0502/121845", "correlationVector":"V8NMQhBlGpnAnNnRePLetN.2","action":"ProcessGetUpdates", "result":"Done", "context":{"dataType":"History", "deleted":"0", "process_failed_to_decrypt":"0", "process_pending_decryption":"0", "process_success":"51", "total":"51"}}
{"logTime": "0502/121845", "correlationVector":"V8NMQhBlGpnAnNnRePLetN.3","action":"GetUpdates Response", "result":"Success", "context":Received 51 update(s). cV=V8NMQhBlGpnAnNnRePLetN.0;server=akswtt007000019;cloudType=Consumer;environment=Prod_southeastasia_prod-s01-065-apac-southeastasia;migrationStage=NotStarted}
{"logTime": "0502/121845", "correlationVector":"P3KHLU6ZnmScCepjpmGLdy","action":"Normal GetUpdate request", "result":"", "context":cV=P3KHLU6ZnmScCepjpmGLdy
Nudged types: Bookmarks, Preferences, Sessions, Device Info, User Consents
Refresh requested types: Bookmarks, Preferences, Passwords, Autofill Profiles, Autofill, Extensions, Sessions, Extension settings, History Delete Directives, Device Info, User Consents, Send Tab To Self, Web Apps, History, Saved Tab Group, Collection, Edge E Drop, Edge Hub App Usage, Edge Tab Group, Edge Wallet, Encryption Keys}
{"logTime": "0502/121845", "correlationVector":"P3KHLU6ZnmScCepjpmGLdy.1","action":"SyncServerConnectionManagerRequest", "result":"SYNC_SERVER_OK", "context":{"environment":"Prod_southeastasia_prod-s01-065-apac-southeastasia", "migrationStage":"NotStarted", "server":"akswtt007000049"}}
{"logTime": "0502/121845", "correlationVector":"P3KHLU6ZnmScCepjpmGLdy.2","action":"GetUpdates Response", "result":"Success", "context":Received 0 update(s). cV=P3KHLU6ZnmScCepjpmGLdy.0;server=akswtt007000049;cloudType=Consumer;environment=Prod_southeastasia_prod-s01-065-apac-southeastasia;migrationStage=NotStarted}
{"logTime": "0502/121845", "correlationVector":"cH7eiixGDeGS55ke3Zbf91","action":"Commit Request", "result":"", "context":Item count: 8
Contributing types: Bookmarks, Preferences, Sessions, Device Info, User Consents, History}
{"logTime": "0502/121847", "correlationVector":"cH7eiixGDeGS55ke3Zbf91.1","action":"SyncServerConnectionManagerRequest", "result":"SYNC_SERVER_OK", "context":{"environment":"Prod_southeastasia_prod-s01-065-apac-southeastasia", "migrationStage":"NotStarted", "server":"akswtt007000044"}}
{"logTime": "0502/121847", "correlationVector":"cH7eiixGDeGS55ke3Zbf91.2","action":"Commit Response", "result":"Success", "context":Result: Success. cV=cH7eiixGDeGS55ke3Zbf91.0;server=akswtt007000044;cloudType=Consumer;environment=Prod_southeastasia_prod-s01-065-apac-southeastasia;migrationStage=NotStarted}
{"logTime": "0502/121847", "correlationVector":"exwWSrkyIp1VgT/BlTjQ9o","action":"Commit Request", "result":"", "context":Item count: 1
Contributing types: Sessions}
{"logTime": "0502/121848", "correlationVector":"exwWSrkyIp1VgT/BlTjQ9o.1","action":"SyncServerConnectionManagerRequest", "result":"SYNC_SERVER_OK", "context":{"environment":"Prod_southeastasia_prod-s01-065-apac-southeastasia", "migrationStage":"NotStarted", "server":"akswtt00700000i"}}
{"logTime": "0502/121848", "correlationVector":"exwWSrkyIp1VgT/BlTjQ9o.2","action":"Commit Response", "result":"Success", "context":Result: Success. cV=exwWSrkyIp1VgT/BlTjQ9o.0;server=akswtt00700000i;cloudType=Consumer;environment=Prod_southeastasia_prod-s01-065-apac-southeastasia;migrationStage=NotStarted}
{"logTime": "0502/124020", "correlationVector":"JJtCvRPPH/BXdPyeBWNTuh.1","action":"SyncServerConnectionManagerRequest", "result":"SYNC_SERVER_OK", "context":{"environment":"Prod_southeastasia_prod-s01-065-apac-southeastasia", "migrationStage":"NotStarted", "server":"akswtt007000011"}}
{"logTime": "0502/124020", "correlationVector":"JJtCvRPPH/BXdPyeBWNTuh.2","action":"ProcessGetUpdates", "result":"Done", "context":{"dataType":"Encryption Keys", "deleted":"0", "process_failed_to_decrypt":"0", "process_pending_decryption":"0", "process_success":"1", "total":"1"}}
{"logTime": "0502/124021", "correlationVector":"083wH4mPUdkQwW8tveGvQW","action":"SyncServerConnectionManagerRequest", "result":"SYNC_SERVER_OK", "context":{"environment":"", "migrationStage":"", "server":""}}
{"logTime": "0502/124021", "correlationVector":"083wH4mPUdkQwW8tveGvQW.0","action":"EncryptionKeysFetcher.DownloadKeys:", "result":"Success", "context":Key count: 6, Last key timestamp: 2025-04-12T04:26:06Z}
{"logTime": "0502/124021", "correlationVector":"083wH4mPUdkQwW8tveGvQW.1","action":"EncryptionKeysManager::SetEncryptionKeys:", "result":"Success", "context":Key names[6]:[jDaXdZmK/sn9pEOBrHk51NgCGE2MikUXvWEgOHiBxNCT9f6nE4gnevH8vKaWHMNxpZPojJ2bENZ/o4epObl7Uw==][eQ83YXTexEYG8NRg0IiSBKkZa631ZXamvN23M9nxkX3IEaHACUiABX2in912YUEdpnx2bQcjnxyI3ezvTNjZSQ==][JuRNeVQ0N0QFygQTrTgjZW/gpB6RmB/fF5I6bBkKMyGlmUbYOBRq1hnFm0jp0q3Xz5Tr6G+aeGdw9SFhMh0aMQ==][k6mxfmnbf6BMkp4CBb/yGI3pWgImd7S+LwwUCuAMpEmSQBc2DV9o88wNlIwo/+hPMbAvB6Z7rhqvz0PTYDaaHA==][Xt0QpuPw0/jUvENCW1XlbfrYtXy+TrwcSLzyZxEQKF98vaqL9N9kvwzWGUAQz6k9l9IB06pzNjhBxniChJXXZg==][YGbkfDgSPf3nX8P8ZHsExvutfBUpZ9p6VaHBs1ynn6sp6h6YcYh44Egv6sbKNCv/+H6sa+M9LxqPq3VrnuSWmA==]}
{"logTime": "0502/124021", "correlationVector":"083wH4mPUdkQwW8tveGvQW.2","action":"EncryptionKeysManager::SetEncryptionKeysWithTimestamps:", "result":"Success", "context":Key timestamps[6]:[2022-07-01T06:25:26Z][2023-02-07T01:56:18Z][2023-08-10T04:25:01Z][2024-02-12T11:46:11Z][2024-08-11T09:30:34Z][2025-04-12T04:26:06Z]}
{"logTime": "0502/124021", "correlationVector":"JJtCvRPPH/BXdPyeBWNTuh","action":"Initial GetUpdates", "result":"", "context":Reason: NEW_CLIENT. cV=JJtCvRPPH/BXdPyeBWNTuh}
{"logTime": "0502/124021", "correlationVector":"JJtCvRPPH/BXdPyeBWNTuh.3","action":"GetUpdates Response", "result":"Success", "context":Received 1 update(s). cV=JJtCvRPPH/BXdPyeBWNTuh.0;server=akswtt007000011;cloudType=Consumer;environment=Prod_southeastasia_prod-s01-065-apac-southeastasia;migrationStage=NotStarted}
{"logTime": "0502/124021", "correlationVector":"m+mohMjHvXcmDg+ifAE4Y1","action":"Initial GetUpdates", "result":"", "context":Reason: NEWLY_SUPPORTED_DATATYPE. cV=m+mohMjHvXcmDg+ifAE4Y1}
{"logTime": "0502/124022", "correlationVector":"m+mohMjHvXcmDg+ifAE4Y1.1","action":"SyncServerConnectionManagerRequest", "result":"SYNC_SERVER_OK", "context":{"environment":"Prod_southeastasia_prod-s01-065-apac-southeastasia", "migrationStage":"NotStarted", "server":"akswtt00700000q"}}
{"logTime": "0502/124022", "correlationVector":"m+mohMjHvXcmDg+ifAE4Y1.2","action":"ProcessGetUpdates", "result":"Done", "context":{"dataType":"Passwords", "deleted":"1", "process_failed_to_decrypt":"0", "process_pending_decryption":"0", "process_success":"7", "total":"7"}}
{"logTime": "0502/124022", "correlationVector":"m+mohMjHvXcmDg+ifAE4Y1.3","action":"GetUpdates Response", "result":"Success", "context":Received 7 update(s). cV=m+mohMjHvXcmDg+ifAE4Y1.0;server=akswtt00700000q;cloudType=Consumer;environment=Prod_southeastasia_prod-s01-065-apac-southeastasia;migrationStage=NotStarted}
{"logTime": "0502/124022", "correlationVector":"9sOdS4z+kL1T94Br/ygzBC","action":"Normal GetUpdate request", "result":"", "context":cV=9sOdS4z+kL1T94Br/ygzBC
Nudged types: Sessions, History
Refresh requested types: Bookmarks, Preferences, Passwords, Autofill Profiles, Autofill, Extensions, Sessions, Extension settings, History Delete Directives, Device Info, User Consents, Send Tab To Self, Web Apps, History, Saved Tab Group, Collection, Edge E Drop, Edge Hub App Usage, Edge Tab Group, Edge Wallet, Encryption Keys}
{"logTime": "0502/124022", "correlationVector":"9sOdS4z+kL1T94Br/ygzBC.1","action":"SyncServerConnectionManagerRequest", "result":"SYNC_SERVER_OK", "context":{"environment":"Prod_southeastasia_prod-s01-065-apac-southeastasia", "migrationStage":"NotStarted", "server":"akswtt007000038"}}
{"logTime": "0502/124022", "correlationVector":"9sOdS4z+kL1T94Br/ygzBC.2","action":"ProcessGetUpdates", "result":"Done", "context":{"dataType":"Preferences", "deleted":"0", "process_failed_to_decrypt":"0", "process_pending_decryption":"0", "process_success":"1", "total":"1"}}
{"logTime": "0502/124022", "correlationVector":"9sOdS4z+kL1T94Br/ygzBC.3","action":"ProcessGetUpdates", "result":"Done", "context":{"dataType":"Sessions", "deleted":"1", "process_failed_to_decrypt":"0", "process_pending_decryption":"0", "process_success":"3", "total":"3"}}
{"logTime": "0502/124022", "correlationVector":"9sOdS4z+kL1T94Br/ygzBC.4","action":"ProcessGetUpdates", "result":"Done", "context":{"dataType":"History", "deleted":"0", "process_failed_to_decrypt":"0", "process_pending_decryption":"0", "process_success":"3", "total":"3"}}
{"logTime": "0502/124022", "correlationVector":"9sOdS4z+kL1T94Br/ygzBC.5","action":"GetUpdates Response", "result":"Success", "context":Received 7 update(s). cV=9sOdS4z+kL1T94Br/ygzBC.0;server=akswtt007000038;cloudType=Consumer;environment=Prod_southeastasia_prod-s01-065-apac-southeastasia;migrationStage=NotStarted}
{"logTime": "0502/124022", "correlationVector":"gZO3s783BzGSkErXDcAlJG","action":"Commit Request", "result":"", "context":Item count: 5
Contributing types: Sessions, History}
{"logTime": "0502/124023", "correlationVector":"gZO3s783BzGSkErXDcAlJG.1","action":"SyncServerConnectionManagerRequest", "result":"SYNC_SERVER_OK", "context":{"environment":"Prod_southeastasia_prod-s01-065-apac-southeastasia", "migrationStage":"NotStarted", "server":"akswtt007000002"}}
{"logTime": "0502/124023", "correlationVector":"gZO3s783BzGSkErXDcAlJG.3","action":"Commit.Sessions", "result":"Success", "context":{"id":"2e8865b2-523a-4c88-aea3-08313d1e3553", "isDeleted":"true", "size":"0", "version":"1746189306592"}}
{"logTime": "0502/124023", "correlationVector":"gZO3s783BzGSkErXDcAlJG.2","action":"Commit Response", "result":"Success", "context":Result: Success. cV=gZO3s783BzGSkErXDcAlJG.0;server=akswtt007000002;cloudType=Consumer;environment=Prod_southeastasia_prod-s01-065-apac-southeastasia;migrationStage=NotStarted}
{"logTime": "0502/124025", "correlationVector":"bIMMvfR6sgCNxlvMSoXtmN","action":"Commit Request", "result":"", "context":Item count: 1
Contributing types: Preferences}
{"logTime": "0502/124026", "correlationVector":"bIMMvfR6sgCNxlvMSoXtmN.1","action":"SyncServerConnectionManagerRequest", "result":"SYNC_SERVER_OK", "context":{"environment":"Prod_southeastasia_prod-s01-065-apac-southeastasia", "migrationStage":"NotStarted", "server":"akswtt00700001m"}}
{"logTime": "0502/124026", "correlationVector":"bIMMvfR6sgCNxlvMSoXtmN.2","action":"Commit Response", "result":"Success", "context":Result: Success. cV=bIMMvfR6sgCNxlvMSoXtmN.0;server=akswtt00700001m;cloudType=Consumer;environment=Prod_southeastasia_prod-s01-065-apac-southeastasia;migrationStage=NotStarted}
{"logTime": "0502/124128", "correlationVector":"59xBVtP0yLG5wUgP+K2J+A","action":"Commit Request", "result":"", "context":Item count: 2
Contributing types: Sessions, History}
{"logTime": "0502/124128", "correlationVector":"59xBVtP0yLG5wUgP+K2J+A.1","action":"SyncServerConnectionManagerRequest", "result":"SYNC_SERVER_OK", "context":{"environment":"Prod_southeastasia_prod-s01-065-apac-southeastasia", "migrationStage":"NotStarted", "server":"akswtt007000003"}}
{"logTime": "0502/124128", "correlationVector":"59xBVtP0yLG5wUgP+K2J+A.2","action":"Commit Response", "result":"Success", "context":Result: Success. cV=59xBVtP0yLG5wUgP+K2J+A.0;server=akswtt007000003;cloudType=Consumer;environment=Prod_southeastasia_prod-s01-065-apac-southeastasia;migrationStage=NotStarted}
{"logTime": "0502/130601", "correlationVector":"OjDaU0FCho7MwsQhcUTJhq","action":"Commit Request", "result":"", "context":Item count: 1
Contributing types: Sessions}
{"logTime": "0502/130603", "correlationVector":"OjDaU0FCho7MwsQhcUTJhq.1","action":"SyncServerConnectionManagerRequest", "result":"SYNC_SERVER_OK", "context":{"environment":"Prod_southeastasia_prod-s01-065-apac-southeastasia", "migrationStage":"NotStarted", "server":"akswtt00700001m"}}
{"logTime": "0502/130603", "correlationVector":"OjDaU0FCho7MwsQhcUTJhq.2","action":"Commit Response", "result":"Success", "context":Result: Success. cV=OjDaU0FCho7MwsQhcUTJhq.0;server=akswtt00700001m;cloudType=Consumer;environment=Prod_southeastasia_prod-s01-065-apac-southeastasia;migrationStage=NotStarted}
{"logTime": "0502/130714", "correlationVector":"mrqPqDES2cT2Jy4TWIEGKV","action":"Commit Request", "result":"", "context":Item count: 1
Contributing types: Sessions}
{"logTime": "0502/130714", "correlationVector":"mrqPqDES2cT2Jy4TWIEGKV.1","action":"SyncServerConnectionManagerRequest", "result":"SYNC_SERVER_OK", "context":{"environment":"Prod_southeastasia_prod-s01-065-apac-southeastasia", "migrationStage":"NotStarted", "server":"akswtt007000014"}}
{"logTime": "0502/130714", "correlationVector":"mrqPqDES2cT2Jy4TWIEGKV.2","action":"Commit Response", "result":"Success", "context":Result: Success. cV=mrqPqDES2cT2Jy4TWIEGKV.0;server=akswtt007000014;cloudType=Consumer;environment=Prod_southeastasia_prod-s01-065-apac-southeastasia;migrationStage=NotStarted}
{"logTime": "0502/130901", "correlationVector":"xLkyMrrjgwqT0Jimt8GXBy.1","action":"SyncServerConnectionManagerRequest", "result":"SYNC_SERVER_OK", "context":{"environment":"Prod_southeastasia_prod-s01-065-apac-southeastasia", "migrationStage":"NotStarted", "server":"akswtt00700001m"}}
{"logTime": "0502/130901", "correlationVector":"xLkyMrrjgwqT0Jimt8GXBy.2","action":"ProcessGetUpdates", "result":"Done", "context":{"dataType":"Encryption Keys", "deleted":"0", "process_failed_to_decrypt":"0", "process_pending_decryption":"0", "process_success":"1", "total":"1"}}
{"logTime": "0502/130902", "correlationVector":"8rCve6cXXmTZXeC+44HzDb","action":"SyncServerConnectionManagerRequest", "result":"SYNC_SERVER_OK", "context":{"environment":"", "migrationStage":"", "server":""}}
{"logTime": "0502/130902", "correlationVector":"8rCve6cXXmTZXeC+44HzDb.0","action":"EncryptionKeysFetcher.DownloadKeys:", "result":"Success", "context":Key count: 6, Last key timestamp: 2025-04-12T04:26:06Z}
{"logTime": "0502/130902", "correlationVector":"8rCve6cXXmTZXeC+44HzDb.1","action":"EncryptionKeysManager::SetEncryptionKeys:", "result":"Success", "context":Key names[6]:[jDaXdZmK/sn9pEOBrHk51NgCGE2MikUXvWEgOHiBxNCT9f6nE4gnevH8vKaWHMNxpZPojJ2bENZ/o4epObl7Uw==][eQ83YXTexEYG8NRg0IiSBKkZa631ZXamvN23M9nxkX3IEaHACUiABX2in912YUEdpnx2bQcjnxyI3ezvTNjZSQ==][JuRNeVQ0N0QFygQTrTgjZW/gpB6RmB/fF5I6bBkKMyGlmUbYOBRq1hnFm0jp0q3Xz5Tr6G+aeGdw9SFhMh0aMQ==][k6mxfmnbf6BMkp4CBb/yGI3pWgImd7S+LwwUCuAMpEmSQBc2DV9o88wNlIwo/+hPMbAvB6Z7rhqvz0PTYDaaHA==][Xt0QpuPw0/jUvENCW1XlbfrYtXy+TrwcSLzyZxEQKF98vaqL9N9kvwzWGUAQz6k9l9IB06pzNjhBxniChJXXZg==][YGbkfDgSPf3nX8P8ZHsExvutfBUpZ9p6VaHBs1ynn6sp6h6YcYh44Egv6sbKNCv/+H6sa+M9LxqPq3VrnuSWmA==]}
{"logTime": "0502/130902", "correlationVector":"8rCve6cXXmTZXeC+44HzDb.2","action":"EncryptionKeysManager::SetEncryptionKeysWithTimestamps:", "result":"Success", "context":Key timestamps[6]:[2022-07-01T06:25:26Z][2023-02-07T01:56:18Z][2023-08-10T04:25:01Z][2024-02-12T11:46:11Z][2024-08-11T09:30:34Z][2025-04-12T04:26:06Z]}
{"logTime": "0502/130902", "correlationVector":"xLkyMrrjgwqT0Jimt8GXBy","action":"Initial GetUpdates", "result":"", "context":Reason: NEW_CLIENT. cV=xLkyMrrjgwqT0Jimt8GXBy}
{"logTime": "0502/130902", "correlationVector":"xLkyMrrjgwqT0Jimt8GXBy.3","action":"GetUpdates Response", "result":"Success", "context":Received 1 update(s). cV=xLkyMrrjgwqT0Jimt8GXBy.0;server=akswtt00700001m;cloudType=Consumer;environment=Prod_southeastasia_prod-s01-065-apac-southeastasia;migrationStage=NotStarted}
{"logTime": "0502/130902", "correlationVector":"l4PgL/qG4ncdJxy6BBWD5g","action":"Initial GetUpdates", "result":"", "context":Reason: NEWLY_SUPPORTED_DATATYPE. cV=l4PgL/qG4ncdJxy6BBWD5g}
{"logTime": "0502/130903", "correlationVector":"l4PgL/qG4ncdJxy6BBWD5g.1","action":"SyncServerConnectionManagerRequest", "result":"SYNC_SERVER_OK", "context":{"environment":"Prod_southeastasia_prod-s01-065-apac-southeastasia", "migrationStage":"NotStarted", "server":"akswtt00700000o"}}
{"logTime": "0502/130903", "correlationVector":"l4PgL/qG4ncdJxy6BBWD5g.2","action":"ProcessGetUpdates", "result":"Done", "context":{"dataType":"Passwords", "deleted":"1", "process_failed_to_decrypt":"0", "process_pending_decryption":"0", "process_success":"7", "total":"7"}}
{"logTime": "0502/130903", "correlationVector":"l4PgL/qG4ncdJxy6BBWD5g.3","action":"GetUpdates Response", "result":"Success", "context":Received 7 update(s). cV=l4PgL/qG4ncdJxy6BBWD5g.0;server=akswtt00700000o;cloudType=Consumer;environment=Prod_southeastasia_prod-s01-065-apac-southeastasia;migrationStage=NotStarted}
{"logTime": "0502/130903", "correlationVector":"Hrl32YbxOx6wOdBQafJcjl","action":"Normal GetUpdate request", "result":"", "context":cV=Hrl32YbxOx6wOdBQafJcjl
Nudged types: Sessions, History
Refresh requested types: Bookmarks, Preferences, Passwords, Autofill Profiles, Autofill, Extensions, Sessions, Extension settings, History Delete Directives, Device Info, User Consents, Send Tab To Self, Web Apps, History, Saved Tab Group, Collection, Edge E Drop, Edge Hub App Usage, Edge Tab Group, Edge Wallet, Encryption Keys}
{"logTime": "0502/130904", "correlationVector":"Hrl32YbxOx6wOdBQafJcjl.1","action":"SyncServerConnectionManagerRequest", "result":"SYNC_SERVER_OK", "context":{"environment":"Prod_southeastasia_prod-s01-065-apac-southeastasia", "migrationStage":"NotStarted", "server":"akswtt00700001e"}}
{"logTime": "0502/130904", "correlationVector":"Hrl32YbxOx6wOdBQafJcjl.2","action":"ProcessGetUpdates", "result":"Done", "context":{"dataType":"Preferences", "deleted":"0", "process_failed_to_decrypt":"0", "process_pending_decryption":"0", "process_success":"1", "total":"1"}}
{"logTime": "0502/130904", "correlationVector":"Hrl32YbxOx6wOdBQafJcjl.3","action":"ProcessGetUpdates", "result":"Done", "context":{"dataType":"Sessions", "deleted":"1", "process_failed_to_decrypt":"0", "process_pending_decryption":"0", "process_success":"3", "total":"3"}}
{"logTime": "0502/130904", "correlationVector":"Hrl32YbxOx6wOdBQafJcjl.4","action":"ProcessGetUpdates", "result":"Done", "context":{"dataType":"History", "deleted":"0", "process_failed_to_decrypt":"0", "process_pending_decryption":"0", "process_success":"2", "total":"2"}}
{"logTime": "0502/130904", "correlationVector":"Hrl32YbxOx6wOdBQafJcjl.5","action":"GetUpdates Response", "result":"Success", "context":Received 6 update(s). cV=Hrl32YbxOx6wOdBQafJcjl.0;server=akswtt00700001e;cloudType=Consumer;environment=Prod_southeastasia_prod-s01-065-apac-southeastasia;migrationStage=NotStarted}
{"logTime": "0502/130904", "correlationVector":"sXGbRVfADdTYCp8i679HJp","action":"Commit Request", "result":"", "context":Item count: 4
Contributing types: Sessions, History}
{"logTime": "0502/130904", "correlationVector":"sXGbRVfADdTYCp8i679HJp.1","action":"SyncServerConnectionManagerRequest", "result":"SYNC_SERVER_OK", "context":{"environment":"Prod_southeastasia_prod-s01-065-apac-southeastasia", "migrationStage":"NotStarted", "server":"akswtt007000033"}}
{"logTime": "0502/130904", "correlationVector":"sXGbRVfADdTYCp8i679HJp.2","action":"Commit Response", "result":"Success", "context":Result: Success. cV=sXGbRVfADdTYCp8i679HJp.0;server=akswtt007000033;cloudType=Consumer;environment=Prod_southeastasia_prod-s01-065-apac-southeastasia;migrationStage=NotStarted}
{"logTime": "0502/130906", "correlationVector":"AOQ8dMlKcM5o8/KUbLa37h","action":"Commit Request", "result":"", "context":Item count: 3
Contributing types: Preferences, Sessions, History}
{"logTime": "0502/130907", "correlationVector":"AOQ8dMlKcM5o8/KUbLa37h.1","action":"SyncServerConnectionManagerRequest", "result":"SYNC_SERVER_OK", "context":{"environment":"Prod_southeastasia_prod-s01-065-apac-southeastasia", "migrationStage":"NotStarted", "server":"akswtt007000017"}}
{"logTime": "0502/130907", "correlationVector":"AOQ8dMlKcM5o8/KUbLa37h.2","action":"Commit Response", "result":"Success", "context":Result: Success. cV=AOQ8dMlKcM5o8/KUbLa37h.0;server=akswtt007000017;cloudType=Consumer;environment=Prod_southeastasia_prod-s01-065-apac-southeastasia;migrationStage=NotStarted}
{"logTime": "0502/131011", "correlationVector":"0MVQ5vUtKqYg3iJwAXOJJP","action":"Commit Request", "result":"", "context":Item count: 1
Contributing types: Sessions}
{"logTime": "0502/131011", "correlationVector":"0MVQ5vUtKqYg3iJwAXOJJP.1","action":"SyncServerConnectionManagerRequest", "result":"SYNC_SERVER_OK", "context":{"environment":"Prod_southeastasia_prod-s01-065-apac-southeastasia", "migrationStage":"NotStarted", "server":"akswtt007000044"}}
{"logTime": "0502/131011", "correlationVector":"0MVQ5vUtKqYg3iJwAXOJJP.2","action":"Commit Response", "result":"Success", "context":Result: Success. cV=0MVQ5vUtKqYg3iJwAXOJJP.0;server=akswtt007000044;cloudType=Consumer;environment=Prod_southeastasia_prod-s01-065-apac-southeastasia;migrationStage=NotStarted}
{"logTime": "0502/132123", "correlationVector":"dMGbX4lWkqfb0q4qDA4JpZ","action":"Commit Request", "result":"", "context":Item count: 1
Contributing types: Sessions}
{"logTime": "0502/132128", "correlationVector":"dMGbX4lWkqfb0q4qDA4JpZ.1","action":"SyncServerConnectionManagerRequest", "result":"SYNC_SERVER_OK", "context":{"environment":"Prod_southeastasia_prod-s01-065-apac-southeastasia", "migrationStage":"NotStarted", "server":"akswtt00700001q"}}
{"logTime": "0502/132128", "correlationVector":"dMGbX4lWkqfb0q4qDA4JpZ.2","action":"Commit Response", "result":"Success", "context":Result: Success. cV=dMGbX4lWkqfb0q4qDA4JpZ.0;server=akswtt00700001q;cloudType=Consumer;environment=Prod_southeastasia_prod-s01-065-apac-southeastasia;migrationStage=NotStarted}
{"logTime": "0506/034742", "correlationVector":"R2X4oT87b2rqgbIDl4cl+f.1","action":"SyncServerConnectionManagerRequest", "result":"SYNC_SERVER_OK", "context":{"environment":"Prod_southeastasia_prod-s01-065-apac-southeastasia", "migrationStage":"NotStarted", "server":"akswtt007000008"}}
{"logTime": "0506/034742", "correlationVector":"R2X4oT87b2rqgbIDl4cl+f.2","action":"ProcessGetUpdates", "result":"Done", "context":{"dataType":"Encryption Keys", "deleted":"0", "process_failed_to_decrypt":"0", "process_pending_decryption":"0", "process_success":"1", "total":"1"}}
{"logTime": "0506/034743", "correlationVector":"GfqLOgckYhWBuYV5IzOuq4","action":"SyncServerConnectionManagerRequest", "result":"SYNC_SERVER_OK", "context":{"environment":"", "migrationStage":"", "server":""}}
{"logTime": "0506/034743", "correlationVector":"GfqLOgckYhWBuYV5IzOuq4.0","action":"EncryptionKeysFetcher.DownloadKeys:", "result":"Success", "context":Key count: 6, Last key timestamp: 2025-04-12T04:26:06Z}
{"logTime": "0506/034743", "correlationVector":"GfqLOgckYhWBuYV5IzOuq4.1","action":"EncryptionKeysManager::SetEncryptionKeys:", "result":"Success", "context":Key names[6]:[jDaXdZmK/sn9pEOBrHk51NgCGE2MikUXvWEgOHiBxNCT9f6nE4gnevH8vKaWHMNxpZPojJ2bENZ/o4epObl7Uw==][eQ83YXTexEYG8NRg0IiSBKkZa631ZXamvN23M9nxkX3IEaHACUiABX2in912YUEdpnx2bQcjnxyI3ezvTNjZSQ==][JuRNeVQ0N0QFygQTrTgjZW/gpB6RmB/fF5I6bBkKMyGlmUbYOBRq1hnFm0jp0q3Xz5Tr6G+aeGdw9SFhMh0aMQ==][k6mxfmnbf6BMkp4CBb/yGI3pWgImd7S+LwwUCuAMpEmSQBc2DV9o88wNlIwo/+hPMbAvB6Z7rhqvz0PTYDaaHA==][Xt0QpuPw0/jUvENCW1XlbfrYtXy+TrwcSLzyZxEQKF98vaqL9N9kvwzWGUAQz6k9l9IB06pzNjhBxniChJXXZg==][YGbkfDgSPf3nX8P8ZHsExvutfBUpZ9p6VaHBs1ynn6sp6h6YcYh44Egv6sbKNCv/+H6sa+M9LxqPq3VrnuSWmA==]}
{"logTime": "0506/034743", "correlationVector":"GfqLOgckYhWBuYV5IzOuq4.2","action":"EncryptionKeysManager::SetEncryptionKeysWithTimestamps:", "result":"Success", "context":Key timestamps[6]:[2022-07-01T06:25:26Z][2023-02-07T01:56:18Z][2023-08-10T04:25:01Z][2024-02-12T11:46:11Z][2024-08-11T09:30:34Z][2025-04-12T04:26:06Z]}
{"logTime": "0506/034743", "correlationVector":"R2X4oT87b2rqgbIDl4cl+f","action":"Initial GetUpdates", "result":"", "context":Reason: NEW_CLIENT. cV=R2X4oT87b2rqgbIDl4cl+f}
{"logTime": "0506/034743", "correlationVector":"R2X4oT87b2rqgbIDl4cl+f.3","action":"GetUpdates Response", "result":"Success", "context":Received 1 update(s). cV=R2X4oT87b2rqgbIDl4cl+f.0;server=akswtt007000008;cloudType=Consumer;environment=Prod_southeastasia_prod-s01-065-apac-southeastasia;migrationStage=NotStarted}
{"logTime": "0506/034743", "correlationVector":"+Y8IL048NCZFF/MYust1Go","action":"Initial GetUpdates", "result":"", "context":Reason: NEWLY_SUPPORTED_DATATYPE. cV=+Y8IL048NCZFF/MYust1Go}
{"logTime": "0506/034744", "correlationVector":"+Y8IL048NCZFF/MYust1Go.1","action":"SyncServerConnectionManagerRequest", "result":"SYNC_SERVER_OK", "context":{"environment":"Prod_southeastasia_prod-s01-065-apac-southeastasia", "migrationStage":"NotStarted", "server":"akswtt00700001y"}}
{"logTime": "0506/034744", "correlationVector":"+Y8IL048NCZFF/MYust1Go.2","action":"ProcessGetUpdates", "result":"Done", "context":{"dataType":"Passwords", "deleted":"1", "process_failed_to_decrypt":"0", "process_pending_decryption":"0", "process_success":"7", "total":"7"}}
{"logTime": "0506/034744", "correlationVector":"+Y8IL048NCZFF/MYust1Go.3","action":"GetUpdates Response", "result":"Success", "context":Received 7 update(s). cV=+Y8IL048NCZFF/MYust1Go.0;server=akswtt00700001y;cloudType=Consumer;environment=Prod_southeastasia_prod-s01-065-apac-southeastasia;migrationStage=NotStarted}
{"logTime": "0506/034744", "correlationVector":"yhAysTs1HsK3Jh4iBVE9uE","action":"Normal GetUpdate request", "result":"", "context":cV=yhAysTs1HsK3Jh4iBVE9uE
Nudged types: Sessions, Device Info, History
Refresh requested types: Bookmarks, Preferences, Passwords, Autofill Profiles, Autofill, Extensions, Sessions, Extension settings, History Delete Directives, Device Info, User Consents, Send Tab To Self, Web Apps, History, Saved Tab Group, Collection, Edge E Drop, Edge Hub App Usage, Edge Tab Group, Edge Wallet, Encryption Keys}
{"logTime": "0506/034744", "correlationVector":"yhAysTs1HsK3Jh4iBVE9uE.1","action":"SyncServerConnectionManagerRequest", "result":"SYNC_SERVER_OK", "context":{"environment":"Prod_southeastasia_prod-s01-065-apac-southeastasia", "migrationStage":"NotStarted", "server":"akswtt00700000t"}}
{"logTime": "0506/034744", "correlationVector":"yhAysTs1HsK3Jh4iBVE9uE.2","action":"ProcessGetUpdates", "result":"Done", "context":{"dataType":"Preferences", "deleted":"0", "process_failed_to_decrypt":"0", "process_pending_decryption":"0", "process_success":"2", "total":"2"}}
{"logTime": "0506/034744", "correlationVector":"yhAysTs1HsK3Jh4iBVE9uE.3","action":"ProcessGetUpdates", "result":"Done", "context":{"dataType":"Sessions", "deleted":"3", "process_failed_to_decrypt":"0", "process_pending_decryption":"0", "process_success":"5", "total":"5"}}
{"logTime": "0506/034744", "correlationVector":"yhAysTs1HsK3Jh4iBVE9uE.4","action":"ProcessGetUpdates", "result":"Done", "context":{"dataType":"Device Info", "deleted":"0", "process_failed_to_decrypt":"0", "process_pending_decryption":"0", "process_success":"1", "total":"1"}}
{"logTime": "0506/034744", "correlationVector":"yhAysTs1HsK3Jh4iBVE9uE.5","action":"ProcessGetUpdates", "result":"Done", "context":{"dataType":"History", "deleted":"0", "process_failed_to_decrypt":"0", "process_pending_decryption":"0", "process_success":"3", "total":"3"}}
{"logTime": "0506/034744", "correlationVector":"yhAysTs1HsK3Jh4iBVE9uE.6","action":"GetUpdates Response", "result":"Success", "context":Received 11 update(s). cV=yhAysTs1HsK3Jh4iBVE9uE.0;server=akswtt00700000t;cloudType=Consumer;environment=Prod_southeastasia_prod-s01-065-apac-southeastasia;migrationStage=NotStarted}
{"logTime": "0506/034744", "correlationVector":"Vcbw11WI79yIE0GWjGpNJB","action":"Poll GetUpdate request", "result":"", "context":cV=Vcbw11WI79yIE0GWjGpNJB}
{"logTime": "0506/034745", "correlationVector":"Vcbw11WI79yIE0GWjGpNJB.1","action":"SyncServerConnectionManagerRequest", "result":"SYNC_SERVER_OK", "context":{"environment":"Prod_southeastasia_prod-s01-065-apac-southeastasia", "migrationStage":"NotStarted", "server":"akswtt00700002j"}}
{"logTime": "0506/034745", "correlationVector":"Vcbw11WI79yIE0GWjGpNJB.2","action":"GetUpdates Response", "result":"Success", "context":Received 0 update(s). cV=Vcbw11WI79yIE0GWjGpNJB.0;server=akswtt00700002j;cloudType=Consumer;environment=Prod_southeastasia_prod-s01-065-apac-southeastasia;migrationStage=NotStarted}
{"logTime": "0506/034747", "correlationVector":"OFJUu3Xzv0AIiV4dnoBprI","action":"Commit Request", "result":"", "context":Item count: 6
Contributing types: Preferences, Passwords, Sessions, History}
{"logTime": "0506/034747", "correlationVector":"OFJUu3Xzv0AIiV4dnoBprI.1","action":"SyncServerConnectionManagerRequest", "result":"SYNC_SERVER_OK", "context":{"environment":"Prod_southeastasia_prod-s01-065-apac-southeastasia", "migrationStage":"NotStarted", "server":"akswtt00700001q"}}
{"logTime": "0506/034747", "correlationVector":"OFJUu3Xzv0AIiV4dnoBprI.2","action":"Commit Response", "result":"Success", "context":Result: Success. cV=OFJUu3Xzv0AIiV4dnoBprI.0;server=akswtt00700001q;cloudType=Consumer;environment=Prod_southeastasia_prod-s01-065-apac-southeastasia;migrationStage=NotStarted}
{"logTime": "0506/034846", "correlationVector":"llG/CxjzxfJjNRGtZBUAxX","action":"Commit Request", "result":"", "context":Item count: 2
Contributing types: Sessions, Device Info}
{"logTime": "0506/034847", "correlationVector":"llG/CxjzxfJjNRGtZBUAxX.1","action":"SyncServerConnectionManagerRequest", "result":"SYNC_SERVER_OK", "context":{"environment":"Prod_southeastasia_prod-s01-065-apac-southeastasia", "migrationStage":"NotStarted", "server":"akswtt00700001i"}}
{"logTime": "0506/034847", "correlationVector":"llG/CxjzxfJjNRGtZBUAxX.2","action":"Commit Response", "result":"Success", "context":Result: Success. cV=llG/CxjzxfJjNRGtZBUAxX.0;server=akswtt00700001i;cloudType=Consumer;environment=Prod_southeastasia_prod-s01-065-apac-southeastasia;migrationStage=NotStarted}
{"logTime": "0506/035035", "correlationVector":"15cpp8JNTeV3/dqIMKp0kS","action":"Commit Request", "result":"", "context":Item count: 3
Contributing types: Sessions, History}
{"logTime": "0506/035035", "correlationVector":"15cpp8JNTeV3/dqIMKp0kS.1","action":"SyncServerConnectionManagerRequest", "result":"SYNC_SERVER_OK", "context":{"environment":"Prod_southeastasia_prod-s01-065-apac-southeastasia", "migrationStage":"NotStarted", "server":"akswtt007000004"}}
{"logTime": "0506/035035", "correlationVector":"15cpp8JNTeV3/dqIMKp0kS.2","action":"Commit Response", "result":"Success", "context":Result: Success. cV=15cpp8JNTeV3/dqIMKp0kS.0;server=akswtt007000004;cloudType=Consumer;environment=Prod_southeastasia_prod-s01-065-apac-southeastasia;migrationStage=NotStarted}
{"logTime": "0506/035142", "correlationVector":"51q72+a2j9trV5PI6AFHAE","action":"Commit Request", "result":"", "context":Item count: 4
Contributing types: Sessions, History}
{"logTime": "0506/035143", "correlationVector":"51q72+a2j9trV5PI6AFHAE.1","action":"SyncServerConnectionManagerRequest", "result":"SYNC_SERVER_OK", "context":{"environment":"Prod_southeastasia_prod-s01-065-apac-southeastasia", "migrationStage":"NotStarted", "server":"akswtt00700001l"}}
{"logTime": "0506/035143", "correlationVector":"51q72+a2j9trV5PI6AFHAE.2","action":"Commit Response", "result":"Success", "context":Result: Success. cV=51q72+a2j9trV5PI6AFHAE.0;server=akswtt00700001l;cloudType=Consumer;environment=Prod_southeastasia_prod-s01-065-apac-southeastasia;migrationStage=NotStarted}
{"logTime": "0506/035344", "correlationVector":"PllSOswXkwfxpren2cEoAF","action":"Commit Request", "result":"", "context":Item count: 1
Contributing types: Sessions}
{"logTime": "0506/035345", "correlationVector":"PllSOswXkwfxpren2cEoAF.1","action":"SyncServerConnectionManagerRequest", "result":"SYNC_SERVER_OK", "context":{"environment":"Prod_southeastasia_prod-s01-065-apac-southeastasia", "migrationStage":"NotStarted", "server":"akswtt00700003o"}}
{"logTime": "0506/035345", "correlationVector":"PllSOswXkwfxpren2cEoAF.2","action":"Commit Response", "result":"Success", "context":Result: Success. cV=PllSOswXkwfxpren2cEoAF.0;server=akswtt00700003o;cloudType=Consumer;environment=Prod_southeastasia_prod-s01-065-apac-southeastasia;migrationStage=NotStarted}
{"logTime": "0506/040427", "correlationVector":"T2K9c5UJwx4I3qKyvlo5cf","action":"Commit Request", "result":"", "context":Item count: 1
Contributing types: Sessions}
{"logTime": "0506/040428", "correlationVector":"T2K9c5UJwx4I3qKyvlo5cf.1","action":"SyncServerConnectionManagerRequest", "result":"SYNC_SERVER_OK", "context":{"environment":"Prod_southeastasia_prod-s01-064-apac-southeastasia", "migrationStage":"NotStarted", "server":"akswtt00700001s"}}
{"logTime": "0506/040428", "correlationVector":"T2K9c5UJwx4I3qKyvlo5cf.2","action":"Commit Response", "result":"Success", "context":Result: Success. cV=T2K9c5UJwx4I3qKyvlo5cf.0;server=akswtt00700001s;cloudType=Consumer;environment=Prod_southeastasia_prod-s01-064-apac-southeastasia;migrationStage=NotStarted}
{"logTime": "0506/040822", "correlationVector":"Uv9UdGXppr9+MIkoVuzpUG","action":"Commit Request", "result":"", "context":Item count: 1
Contributing types: Sessions}
{"logTime": "0506/040823", "correlationVector":"Uv9UdGXppr9+MIkoVuzpUG.1","action":"SyncServerConnectionManagerRequest", "result":"SYNC_SERVER_OK", "context":{"environment":"Prod_southeastasia_prod-s01-064-apac-southeastasia", "migrationStage":"NotStarted", "server":"akswtt007000012"}}
{"logTime": "0506/040823", "correlationVector":"Uv9UdGXppr9+MIkoVuzpUG.2","action":"Commit Response", "result":"Success", "context":Result: Success. cV=Uv9UdGXppr9+MIkoVuzpUG.0;server=akswtt007000012;cloudType=Consumer;environment=Prod_southeastasia_prod-s01-064-apac-southeastasia;migrationStage=NotStarted}
{"logTime": "0506/041051", "correlationVector":"4ksxQeO5ZVRBDqDfmPDByi","action":"Commit Request", "result":"", "context":Item count: 1
Contributing types: Sessions}
{"logTime": "0506/041052", "correlationVector":"4ksxQeO5ZVRBDqDfmPDByi.1","action":"SyncServerConnectionManagerRequest", "result":"SYNC_SERVER_OK", "context":{"environment":"Prod_southeastasia_prod-s01-064-apac-southeastasia", "migrationStage":"NotStarted", "server":"akswtt007000012"}}
{"logTime": "0506/041052", "correlationVector":"4ksxQeO5ZVRBDqDfmPDByi.2","action":"Commit Response", "result":"Success", "context":Result: Success. cV=4ksxQeO5ZVRBDqDfmPDByi.0;server=akswtt007000012;cloudType=Consumer;environment=Prod_southeastasia_prod-s01-064-apac-southeastasia;migrationStage=NotStarted}
{"logTime": "0506/041054", "correlationVector":"xxAqyJ8qX1X3d/PdS9kni0","action":"Commit Request", "result":"", "context":Item count: 1
Contributing types: Preferences}
{"logTime": "0506/041054", "correlationVector":"xxAqyJ8qX1X3d/PdS9kni0.1","action":"SyncServerConnectionManagerRequest", "result":"SYNC_SERVER_OK", "context":{"environment":"Prod_southeastasia_prod-s01-064-apac-southeastasia", "migrationStage":"NotStarted", "server":"akswtt00700003v"}}
{"logTime": "0506/041054", "correlationVector":"xxAqyJ8qX1X3d/PdS9kni0.2","action":"Commit Response", "result":"Success", "context":Result: Success. cV=xxAqyJ8qX1X3d/PdS9kni0.0;server=akswtt00700003v;cloudType=Consumer;environment=Prod_southeastasia_prod-s01-064-apac-southeastasia;migrationStage=NotStarted}
{"logTime": "0506/041655", "correlationVector":"VRk5Njfz14mjakF+yLJF6k","action":"Commit Request", "result":"", "context":Item count: 4
Contributing types: Sessions, History}
{"logTime": "0506/041656", "correlationVector":"VRk5Njfz14mjakF+yLJF6k.1","action":"SyncServerConnectionManagerRequest", "result":"SYNC_SERVER_OK", "context":{"environment":"Prod_southeastasia_prod-s01-065-apac-southeastasia", "migrationStage":"NotStarted", "server":"akswtt00700001c"}}
{"logTime": "0506/041656", "correlationVector":"VRk5Njfz14mjakF+yLJF6k.2","action":"Commit Response", "result":"Success", "context":Result: Success. cV=VRk5Njfz14mjakF+yLJF6k.0;server=akswtt00700001c;cloudType=Consumer;environment=Prod_southeastasia_prod-s01-065-apac-southeastasia;migrationStage=NotStarted}
{"logTime": "0506/042849", "correlationVector":"Tu5WUGMYH5v0lchC29mP6i","action":"Commit Request", "result":"", "context":Item count: 4
Contributing types: Sessions, History}
{"logTime": "0506/042850", "correlationVector":"Tu5WUGMYH5v0lchC29mP6i.1","action":"SyncServerConnectionManagerRequest", "result":"SYNC_SERVER_OK", "context":{"environment":"Prod_southeastasia_prod-s01-065-apac-southeastasia", "migrationStage":"NotStarted", "server":"akswtt00700000d"}}
{"logTime": "0506/042850", "correlationVector":"Tu5WUGMYH5v0lchC29mP6i.2","action":"Commit Response", "result":"Success", "context":Result: Success. cV=Tu5WUGMYH5v0lchC29mP6i.0;server=akswtt00700000d;cloudType=Consumer;environment=Prod_southeastasia_prod-s01-065-apac-southeastasia;migrationStage=NotStarted}
{"logTime": "0506/044337", "correlationVector":"ENu7y3Ma0gaN3FTIAKCJ+E","action":"Commit Request", "result":"", "context":Item count: 8
Contributing types: Sessions, History}
{"logTime": "0506/044338", "correlationVector":"ENu7y3Ma0gaN3FTIAKCJ+E.1","action":"SyncServerConnectionManagerRequest", "result":"SYNC_SERVER_OK", "context":{"environment":"Prod_southeastasia_prod-s01-064-apac-southeastasia", "migrationStage":"NotStarted", "server":"akswtt00700003k"}}
{"logTime": "0506/044338", "correlationVector":"ENu7y3Ma0gaN3FTIAKCJ+E.2","action":"Commit Response", "result":"Success", "context":Result: Success. cV=ENu7y3Ma0gaN3FTIAKCJ+E.0;server=akswtt00700003k;cloudType=Consumer;environment=Prod_southeastasia_prod-s01-064-apac-southeastasia;migrationStage=NotStarted}
{"logTime": "0506/044511", "correlationVector":"BXx+zkj529q8gOYQbOEvRj","action":"Commit Request", "result":"", "context":Item count: 4
Contributing types: Preferences, Passwords, Sessions, History}
{"logTime": "0506/044513", "correlationVector":"BXx+zkj529q8gOYQbOEvRj.1","action":"SyncServerConnectionManagerRequest", "result":"SYNC_SERVER_OK", "context":{"environment":"Prod_southeastasia_prod-s01-064-apac-southeastasia", "migrationStage":"NotStarted", "server":"akswtt00700003h"}}
{"logTime": "0506/044513", "correlationVector":"BXx+zkj529q8gOYQbOEvRj.2","action":"Commit Response", "result":"Success", "context":Result: Success. cV=BXx+zkj529q8gOYQbOEvRj.0;server=akswtt00700003h;cloudType=Consumer;environment=Prod_southeastasia_prod-s01-064-apac-southeastasia;migrationStage=NotStarted}
{"logTime": "0506/044657", "correlationVector":"WYMfUkmSS5gGN7fT6ZzerT","action":"Commit Request", "result":"", "context":Item count: 1
Contributing types: Sessions}
{"logTime": "0506/044657", "correlationVector":"WYMfUkmSS5gGN7fT6ZzerT.1","action":"SyncServerConnectionManagerRequest", "result":"SYNC_SERVER_OK", "context":{"environment":"Prod_southeastasia_prod-s01-064-apac-southeastasia", "migrationStage":"NotStarted", "server":"akswtt007000009"}}
{"logTime": "0506/044657", "correlationVector":"WYMfUkmSS5gGN7fT6ZzerT.2","action":"Commit Response", "result":"Success", "context":Result: Success. cV=WYMfUkmSS5gGN7fT6ZzerT.0;server=akswtt007000009;cloudType=Consumer;environment=Prod_southeastasia_prod-s01-064-apac-southeastasia;migrationStage=NotStarted}
{"logTime": "0506/044924", "correlationVector":"Q/0quy4kTvLzShofTbHpys","action":"Commit Request", "result":"", "context":Item count: 1
Contributing types: Sessions}
{"logTime": "0506/044924", "correlationVector":"Q/0quy4kTvLzShofTbHpys.1","action":"SyncServerConnectionManagerRequest", "result":"SYNC_SERVER_OK", "context":{"environment":"Prod_southeastasia_prod-s01-064-apac-southeastasia", "migrationStage":"NotStarted", "server":"akswtt00700002a"}}
{"logTime": "0506/044924", "correlationVector":"Q/0quy4kTvLzShofTbHpys.2","action":"Commit Response", "result":"Success", "context":Result: Success. cV=Q/0quy4kTvLzShofTbHpys.0;server=akswtt00700002a;cloudType=Consumer;environment=Prod_southeastasia_prod-s01-064-apac-southeastasia;migrationStage=NotStarted}
{"logTime": "0506/045222", "correlationVector":"5N0CojC69Nz0cTuzrLAdwe","action":"Commit Request", "result":"", "context":Item count: 1
Contributing types: Sessions}
{"logTime": "0506/045223", "correlationVector":"5N0CojC69Nz0cTuzrLAdwe.1","action":"SyncServerConnectionManagerRequest", "result":"SYNC_SERVER_OK", "context":{"environment":"Prod_southeastasia_prod-s01-065-apac-southeastasia", "migrationStage":"NotStarted", "server":"akswtt007000010"}}
{"logTime": "0506/045223", "correlationVector":"5N0CojC69Nz0cTuzrLAdwe.2","action":"Commit Response", "result":"Success", "context":Result: Success. cV=5N0CojC69Nz0cTuzrLAdwe.0;server=akswtt007000010;cloudType=Consumer;environment=Prod_southeastasia_prod-s01-065-apac-southeastasia;migrationStage=NotStarted}
{"logTime": "0506/045407", "correlationVector":"o6Xlx3chv2CzfmA0xLvo+v","action":"Commit Request", "result":"", "context":Item count: 1
Contributing types: Passwords}
{"logTime": "0506/045408", "correlationVector":"o6Xlx3chv2CzfmA0xLvo+v.1","action":"SyncServerConnectionManagerRequest", "result":"SYNC_SERVER_OK", "context":{"environment":"Prod_southeastasia_prod-s01-065-apac-southeastasia", "migrationStage":"NotStarted", "server":"akswtt00700000s"}}
{"logTime": "0506/045408", "correlationVector":"o6Xlx3chv2CzfmA0xLvo+v.2","action":"Commit Response", "result":"Success", "context":Result: Success. cV=o6Xlx3chv2CzfmA0xLvo+v.0;server=akswtt00700000s;cloudType=Consumer;environment=Prod_southeastasia_prod-s01-065-apac-southeastasia;migrationStage=NotStarted}
{"logTime": "0506/045508", "correlationVector":"ke4RiVxBpDrlDj/NmEfyYb","action":"Commit Request", "result":"", "context":Item count: 1
Contributing types: Sessions}
{"logTime": "0506/045508", "correlationVector":"ke4RiVxBpDrlDj/NmEfyYb.1","action":"SyncServerConnectionManagerRequest", "result":"SYNC_SERVER_OK", "context":{"environment":"Prod_southeastasia_prod-s01-064-apac-southeastasia", "migrationStage":"NotStarted", "server":"akswtt00700002a"}}
{"logTime": "0506/045508", "correlationVector":"ke4RiVxBpDrlDj/NmEfyYb.2","action":"Commit Response", "result":"Success", "context":Result: Success. cV=ke4RiVxBpDrlDj/NmEfyYb.0;server=akswtt00700002a;cloudType=Consumer;environment=Prod_southeastasia_prod-s01-064-apac-southeastasia;migrationStage=NotStarted}
{"logTime": "0506/045624", "correlationVector":"MAYGzV5XxHoEPg6fZTzRkS","action":"Commit Request", "result":"", "context":Item count: 1
Contributing types: Sessions}
{"logTime": "0506/045624", "correlationVector":"MAYGzV5XxHoEPg6fZTzRkS.1","action":"SyncServerConnectionManagerRequest", "result":"SYNC_SERVER_OK", "context":{"environment":"Prod_southeastasia_prod-s01-065-apac-southeastasia", "migrationStage":"NotStarted", "server":"akswtt00700001m"}}
{"logTime": "0506/045624", "correlationVector":"MAYGzV5XxHoEPg6fZTzRkS.2","action":"Commit Response", "result":"Success", "context":Result: Success. cV=MAYGzV5XxHoEPg6fZTzRkS.0;server=akswtt00700001m;cloudType=Consumer;environment=Prod_southeastasia_prod-s01-065-apac-southeastasia;migrationStage=NotStarted}
{"logTime": "0506/051130", "correlationVector":"auNKEXfO0//SaUev1zZuq4","action":"Commit Request", "result":"", "context":Item count: 4
Contributing types: Passwords, Sessions, History}
{"logTime": "0506/051131", "correlationVector":"auNKEXfO0//SaUev1zZuq4.1","action":"SyncServerConnectionManagerRequest", "result":"SYNC_SERVER_OK", "context":{"environment":"Prod_southeastasia_prod-s01-065-apac-southeastasia", "migrationStage":"NotStarted", "server":"akswtt007000026"}}
{"logTime": "0506/051131", "correlationVector":"auNKEXfO0//SaUev1zZuq4.2","action":"Commit Response", "result":"Success", "context":Result: Success. cV=auNKEXfO0//SaUev1zZuq4.0;server=akswtt007000026;cloudType=Consumer;environment=Prod_southeastasia_prod-s01-065-apac-southeastasia;migrationStage=NotStarted}
{"logTime": "0506/051235", "correlationVector":"sFDo/cdIxLu9BxoK1A4r2I","action":"Commit Request", "result":"", "context":Item count: 3
Contributing types: Sessions, History}
{"logTime": "0506/051235", "correlationVector":"sFDo/cdIxLu9BxoK1A4r2I.1","action":"SyncServerConnectionManagerRequest", "result":"SYNC_SERVER_OK", "context":{"environment":"Prod_southeastasia_prod-s01-065-apac-southeastasia", "migrationStage":"NotStarted", "server":"akswtt00700001n"}}
{"logTime": "0506/051235", "correlationVector":"sFDo/cdIxLu9BxoK1A4r2I.2","action":"Commit Response", "result":"Success", "context":Result: Success. cV=sFDo/cdIxLu9BxoK1A4r2I.0;server=akswtt00700001n;cloudType=Consumer;environment=Prod_southeastasia_prod-s01-065-apac-southeastasia;migrationStage=NotStarted}
{"logTime": "0506/051407", "correlationVector":"OwbO/mR+MqUxAnVpjuED+F","action":"Commit Request", "result":"", "context":Item count: 4
Contributing types: Sessions, History}
{"logTime": "0506/051407", "correlationVector":"OwbO/mR+MqUxAnVpjuED+F.1","action":"SyncServerConnectionManagerRequest", "result":"SYNC_SERVER_OK", "context":{"environment":"Prod_southeastasia_prod-s01-065-apac-southeastasia", "migrationStage":"NotStarted", "server":"akswtt007000043"}}
{"logTime": "0506/051407", "correlationVector":"OwbO/mR+MqUxAnVpjuED+F.2","action":"Commit Response", "result":"Success", "context":Result: Success. cV=OwbO/mR+MqUxAnVpjuED+F.0;server=akswtt007000043;cloudType=Consumer;environment=Prod_southeastasia_prod-s01-065-apac-southeastasia;migrationStage=NotStarted}
{"logTime": "0506/051829", "correlationVector":"QpGw5oag+b3yeXD74yVtIa","action":"Commit Request", "result":"", "context":Item count: 1
Contributing types: Passwords}
{"logTime": "0506/051829", "correlationVector":"QpGw5oag+b3yeXD74yVtIa.1","action":"SyncServerConnectionManagerRequest", "result":"SYNC_SERVER_OK", "context":{"environment":"Prod_southeastasia_prod-s01-064-apac-southeastasia", "migrationStage":"NotStarted", "server":"akswtt00700001m"}}
{"logTime": "0506/051829", "correlationVector":"QpGw5oag+b3yeXD74yVtIa.2","action":"Commit Response", "result":"Success", "context":Result: Success. cV=QpGw5oag+b3yeXD74yVtIa.0;server=akswtt00700001m;cloudType=Consumer;environment=Prod_southeastasia_prod-s01-064-apac-southeastasia;migrationStage=NotStarted}
{"logTime": "0506/051929", "correlationVector":"/iwRrqFVe+yvjTNSMWwbP+","action":"Commit Request", "result":"", "context":Item count: 1
Contributing types: Sessions}
{"logTime": "0506/051930", "correlationVector":"/iwRrqFVe+yvjTNSMWwbP+.1","action":"SyncServerConnectionManagerRequest", "result":"SYNC_SERVER_OK", "context":{"environment":"Prod_southeastasia_prod-s01-065-apac-southeastasia", "migrationStage":"NotStarted", "server":"akswtt00700000h"}}
{"logTime": "0506/051930", "correlationVector":"/iwRrqFVe+yvjTNSMWwbP+.2","action":"Commit Response", "result":"Success", "context":Result: Success. cV=/iwRrqFVe+yvjTNSMWwbP+.0;server=akswtt00700000h;cloudType=Consumer;environment=Prod_southeastasia_prod-s01-065-apac-southeastasia;migrationStage=NotStarted}
{"logTime": "0506/052036", "correlationVector":"dDLXkbuO4lFFW0ZU8Cgl3/.1","action":"SyncServerConnectionManagerRequest", "result":"SYNC_SERVER_OK", "context":{"environment":"Prod_southeastasia_prod-s01-065-apac-southeastasia", "migrationStage":"NotStarted", "server":"akswtt007000029"}}
{"logTime": "0506/052036", "correlationVector":"dDLXkbuO4lFFW0ZU8Cgl3/.2","action":"ProcessGetUpdates", "result":"Done", "context":{"dataType":"Encryption Keys", "deleted":"0", "process_failed_to_decrypt":"0", "process_pending_decryption":"0", "process_success":"1", "total":"1"}}
{"logTime": "0506/052036", "correlationVector":"bmH83ilwziJ8XIuziJr8m3","action":"SyncServerConnectionManagerRequest", "result":"SYNC_SERVER_OK", "context":{"environment":"", "migrationStage":"", "server":""}}
{"logTime": "0506/052036", "correlationVector":"bmH83ilwziJ8XIuziJr8m3.0","action":"EncryptionKeysFetcher.DownloadKeys:", "result":"Success", "context":Key count: 6, Last key timestamp: 2025-04-12T04:26:06Z}
{"logTime": "0506/052036", "correlationVector":"bmH83ilwziJ8XIuziJr8m3.1","action":"EncryptionKeysManager::SetEncryptionKeys:", "result":"Success", "context":Key names[6]:[jDaXdZmK/sn9pEOBrHk51NgCGE2MikUXvWEgOHiBxNCT9f6nE4gnevH8vKaWHMNxpZPojJ2bENZ/o4epObl7Uw==][eQ83YXTexEYG8NRg0IiSBKkZa631ZXamvN23M9nxkX3IEaHACUiABX2in912YUEdpnx2bQcjnxyI3ezvTNjZSQ==][JuRNeVQ0N0QFygQTrTgjZW/gpB6RmB/fF5I6bBkKMyGlmUbYOBRq1hnFm0jp0q3Xz5Tr6G+aeGdw9SFhMh0aMQ==][k6mxfmnbf6BMkp4CBb/yGI3pWgImd7S+LwwUCuAMpEmSQBc2DV9o88wNlIwo/+hPMbAvB6Z7rhqvz0PTYDaaHA==][Xt0QpuPw0/jUvENCW1XlbfrYtXy+TrwcSLzyZxEQKF98vaqL9N9kvwzWGUAQz6k9l9IB06pzNjhBxniChJXXZg==][YGbkfDgSPf3nX8P8ZHsExvutfBUpZ9p6VaHBs1ynn6sp6h6YcYh44Egv6sbKNCv/+H6sa+M9LxqPq3VrnuSWmA==]}
{"logTime": "0506/052036", "correlationVector":"bmH83ilwziJ8XIuziJr8m3.2","action":"EncryptionKeysManager::SetEncryptionKeysWithTimestamps:", "result":"Success", "context":Key timestamps[6]:[2022-07-01T06:25:26Z][2023-02-07T01:56:18Z][2023-08-10T04:25:01Z][2024-02-12T11:46:11Z][2024-08-11T09:30:34Z][2025-04-12T04:26:06Z]}
{"logTime": "0506/052036", "correlationVector":"dDLXkbuO4lFFW0ZU8Cgl3/","action":"Initial GetUpdates", "result":"", "context":Reason: NEW_CLIENT. cV=dDLXkbuO4lFFW0ZU8Cgl3/}
{"logTime": "0506/052036", "correlationVector":"dDLXkbuO4lFFW0ZU8Cgl3/.3","action":"GetUpdates Response", "result":"Success", "context":Received 1 update(s). cV=dDLXkbuO4lFFW0ZU8Cgl3/.0;server=akswtt007000029;cloudType=Consumer;environment=Prod_southeastasia_prod-s01-065-apac-southeastasia;migrationStage=NotStarted}
{"logTime": "0506/052036", "correlationVector":"K+OL2U/LOkZO1yhpT5SeR7","action":"Initial GetUpdates", "result":"", "context":Reason: NEWLY_SUPPORTED_DATATYPE. cV=K+OL2U/LOkZO1yhpT5SeR7}
{"logTime": "0506/052037", "correlationVector":"K+OL2U/LOkZO1yhpT5SeR7.1","action":"SyncServerConnectionManagerRequest", "result":"SYNC_SERVER_OK", "context":{"environment":"Prod_southeastasia_prod-s01-065-apac-southeastasia", "migrationStage":"NotStarted", "server":"akswtt00700002z"}}
{"logTime": "0506/052037", "correlationVector":"K+OL2U/LOkZO1yhpT5SeR7.2","action":"ProcessGetUpdates", "result":"Done", "context":{"dataType":"Passwords", "deleted":"1", "process_failed_to_decrypt":"0", "process_pending_decryption":"0", "process_success":"8", "total":"8"}}
{"logTime": "0506/052037", "correlationVector":"K+OL2U/LOkZO1yhpT5SeR7.3","action":"GetUpdates Response", "result":"Success", "context":Received 8 update(s). cV=K+OL2U/LOkZO1yhpT5SeR7.0;server=akswtt00700002z;cloudType=Consumer;environment=Prod_southeastasia_prod-s01-065-apac-southeastasia;migrationStage=NotStarted}
{"logTime": "0506/052037", "correlationVector":"zdudbcwKl9jMiMfWVOfXaB","action":"Normal GetUpdate request", "result":"", "context":cV=zdudbcwKl9jMiMfWVOfXaB
Nudged types: Sessions, Device Info, History
Refresh requested types: Bookmarks, Preferences, Passwords, Autofill Profiles, Autofill, Extensions, Sessions, Extension settings, History Delete Directives, Device Info, User Consents, Send Tab To Self, Web Apps, History, Saved Tab Group, Collection, Edge E Drop, Edge Hub App Usage, Edge Tab Group, Edge Wallet, Encryption Keys}
{"logTime": "0506/052038", "correlationVector":"zdudbcwKl9jMiMfWVOfXaB.1","action":"SyncServerConnectionManagerRequest", "result":"SYNC_SERVER_OK", "context":{"environment":"Prod_southeastasia_prod-s01-065-apac-southeastasia", "migrationStage":"NotStarted", "server":"akswtt00700001c"}}
{"logTime": "0506/052038", "correlationVector":"zdudbcwKl9jMiMfWVOfXaB.2","action":"ProcessGetUpdates", "result":"Done", "context":{"dataType":"Preferences", "deleted":"0", "process_failed_to_decrypt":"0", "process_pending_decryption":"0", "process_success":"3", "total":"3"}}
{"logTime": "0506/052038", "correlationVector":"zdudbcwKl9jMiMfWVOfXaB.3","action":"ProcessGetUpdates", "result":"Done", "context":{"dataType":"Sessions", "deleted":"0", "process_failed_to_decrypt":"0", "process_pending_decryption":"0", "process_success":"2", "total":"2"}}
{"logTime": "0506/052038", "correlationVector":"zdudbcwKl9jMiMfWVOfXaB.4","action":"ProcessGetUpdates", "result":"Done", "context":{"dataType":"Device Info", "deleted":"0", "process_failed_to_decrypt":"0", "process_pending_decryption":"0", "process_success":"1", "total":"1"}}
{"logTime": "0506/052038", "correlationVector":"zdudbcwKl9jMiMfWVOfXaB.5","action":"ProcessGetUpdates", "result":"Done", "context":{"dataType":"History", "deleted":"0", "process_failed_to_decrypt":"0", "process_pending_decryption":"0", "process_success":"12", "total":"12"}}
{"logTime": "0506/052038", "correlationVector":"zdudbcwKl9jMiMfWVOfXaB.6","action":"GetUpdates Response", "result":"Success", "context":Received 18 update(s). cV=zdudbcwKl9jMiMfWVOfXaB.0;server=akswtt00700001c;cloudType=Consumer;environment=Prod_southeastasia_prod-s01-065-apac-southeastasia;migrationStage=NotStarted}
{"logTime": "0506/052038", "correlationVector":"lORh0JV+CcezCkME8vpK3f","action":"Commit Request", "result":"", "context":Item count: 5
Contributing types: Sessions, Device Info, History}
{"logTime": "0506/052039", "correlationVector":"lORh0JV+CcezCkME8vpK3f.1","action":"SyncServerConnectionManagerRequest", "result":"SYNC_SERVER_OK", "context":{"environment":"Prod_southeastasia_prod-s01-065-apac-southeastasia", "migrationStage":"NotStarted", "server":"akswtt007000013"}}
{"logTime": "0506/052039", "correlationVector":"lORh0JV+CcezCkME8vpK3f.2","action":"Commit Response", "result":"Success", "context":Result: Success. cV=lORh0JV+CcezCkME8vpK3f.0;server=akswtt007000013;cloudType=Consumer;environment=Prod_southeastasia_prod-s01-065-apac-southeastasia;migrationStage=NotStarted}
{"logTime": "0506/052040", "correlationVector":"Rvp+tp40awLAa8PhK6Wiyy","action":"Commit Request", "result":"", "context":Item count: 5
Contributing types: Preferences, Passwords, Sessions, History}
{"logTime": "0506/052041", "correlationVector":"Rvp+tp40awLAa8PhK6Wiyy.1","action":"SyncServerConnectionManagerRequest", "result":"SYNC_SERVER_OK", "context":{"environment":"Prod_southeastasia_prod-s01-065-apac-southeastasia", "migrationStage":"NotStarted", "server":"akswtt00700003x"}}
{"logTime": "0506/052041", "correlationVector":"Rvp+tp40awLAa8PhK6Wiyy.2","action":"Commit Response", "result":"Success", "context":Result: Success. cV=Rvp+tp40awLAa8PhK6Wiyy.0;server=akswtt00700003x;cloudType=Consumer;environment=Prod_southeastasia_prod-s01-065-apac-southeastasia;migrationStage=NotStarted}
{"logTime": "0506/052141", "correlationVector":"fxC97N/cS1O0b0Izn0tbZe","action":"Commit Request", "result":"", "context":Item count: 2
Contributing types: Sessions, History}
{"logTime": "0506/052142", "correlationVector":"fxC97N/cS1O0b0Izn0tbZe.1","action":"SyncServerConnectionManagerRequest", "result":"SYNC_SERVER_OK", "context":{"environment":"Prod_southeastasia_prod-s01-065-apac-southeastasia", "migrationStage":"NotStarted", "server":"akswtt007000044"}}
{"logTime": "0506/052142", "correlationVector":"fxC97N/cS1O0b0Izn0tbZe.2","action":"Commit Response", "result":"Success", "context":Result: Success. cV=fxC97N/cS1O0b0Izn0tbZe.0;server=akswtt007000044;cloudType=Consumer;environment=Prod_southeastasia_prod-s01-065-apac-southeastasia;migrationStage=NotStarted}
{"logTime": "0506/052411", "correlationVector":"zkM4CJLf2UpVMiCbPrXQmn","action":"Commit Request", "result":"", "context":Item count: 1
Contributing types: Sessions}
{"logTime": "0506/052412", "correlationVector":"zkM4CJLf2UpVMiCbPrXQmn.1","action":"SyncServerConnectionManagerRequest", "result":"SYNC_SERVER_OK", "context":{"environment":"Prod_southeastasia_prod-s01-065-apac-southeastasia", "migrationStage":"NotStarted", "server":"akswtt007000035"}}
{"logTime": "0506/052412", "correlationVector":"zkM4CJLf2UpVMiCbPrXQmn.2","action":"Commit Response", "result":"Success", "context":Result: Success. cV=zkM4CJLf2UpVMiCbPrXQmn.0;server=akswtt007000035;cloudType=Consumer;environment=Prod_southeastasia_prod-s01-065-apac-southeastasia;migrationStage=NotStarted}
{"logTime": "0506/052632", "correlationVector":"nIzz6Q1P+jP0FCp7bBTH/N","action":"Commit Request", "result":"", "context":Item count: 1
Contributing types: Sessions}
{"logTime": "0506/052633", "correlationVector":"nIzz6Q1P+jP0FCp7bBTH/N.1","action":"SyncServerConnectionManagerRequest", "result":"SYNC_SERVER_OK", "context":{"environment":"Prod_southeastasia_prod-s01-065-apac-southeastasia", "migrationStage":"NotStarted", "server":"akswtt007000048"}}
{"logTime": "0506/052633", "correlationVector":"nIzz6Q1P+jP0FCp7bBTH/N.2","action":"Commit Response", "result":"Success", "context":Result: Success. cV=nIzz6Q1P+jP0FCp7bBTH/N.0;server=akswtt007000048;cloudType=Consumer;environment=Prod_southeastasia_prod-s01-065-apac-southeastasia;migrationStage=NotStarted}
{"logTime": "0506/052952", "correlationVector":"xaEu+4HiAcMgMxCMJ2TL03","action":"Commit Request", "result":"", "context":Item count: 1
Contributing types: Sessions}
{"logTime": "0506/052959", "correlationVector":"xaEu+4HiAcMgMxCMJ2TL03.1","action":"SyncServerConnectionManagerRequest", "result":"SYNC_SERVER_OK", "context":{"environment":"Prod_southeastasia_prod-s01-064-apac-southeastasia", "migrationStage":"NotStarted", "server":"akswtt007000029"}}
{"logTime": "0506/052959", "correlationVector":"xaEu+4HiAcMgMxCMJ2TL03.2","action":"Commit Response", "result":"Success", "context":Result: Success. cV=xaEu+4HiAcMgMxCMJ2TL03.0;server=akswtt007000029;cloudType=Consumer;environment=Prod_southeastasia_prod-s01-064-apac-southeastasia;migrationStage=NotStarted}
{"logTime": "0506/053138", "correlationVector":"dkitIvhC3hs+9asjnxv2E1","action":"Commit Request", "result":"", "context":Item count: 1
Contributing types: Sessions}
{"logTime": "0506/053138", "correlationVector":"dkitIvhC3hs+9asjnxv2E1.1","action":"SyncServerConnectionManagerRequest", "result":"SYNC_SERVER_OK", "context":{"environment":"Prod_southeastasia_prod-s01-065-apac-southeastasia", "migrationStage":"NotStarted", "server":"akswtt007000048"}}
{"logTime": "0506/053138", "correlationVector":"dkitIvhC3hs+9asjnxv2E1.2","action":"Commit Response", "result":"Success", "context":Result: Success. cV=dkitIvhC3hs+9asjnxv2E1.0;server=akswtt007000048;cloudType=Consumer;environment=Prod_southeastasia_prod-s01-065-apac-southeastasia;migrationStage=NotStarted}
{"logTime": "0506/053336", "correlationVector":"nXsxac+HkuioiflG4ny/Yr","action":"Commit Request", "result":"", "context":Item count: 1
Contributing types: Sessions}
{"logTime": "0506/053337", "correlationVector":"nXsxac+HkuioiflG4ny/Yr.1","action":"SyncServerConnectionManagerRequest", "result":"SYNC_SERVER_OK", "context":{"environment":"Prod_southeastasia_prod-s01-064-apac-southeastasia", "migrationStage":"NotStarted", "server":"akswtt007000029"}}
{"logTime": "0506/053337", "correlationVector":"nXsxac+HkuioiflG4ny/Yr.2","action":"Commit Response", "result":"Success", "context":Result: Success. cV=nXsxac+HkuioiflG4ny/Yr.0;server=akswtt007000029;cloudType=Consumer;environment=Prod_southeastasia_prod-s01-064-apac-southeastasia;migrationStage=NotStarted}
{"logTime": "0506/053506", "correlationVector":"6Z//yftHiEGu9oWw+6WT6X","action":"Commit Request", "result":"", "context":Item count: 4
Contributing types: Sessions, History}
{"logTime": "0506/053507", "correlationVector":"6Z//yftHiEGu9oWw+6WT6X.1","action":"SyncServerConnectionManagerRequest", "result":"SYNC_SERVER_OK", "context":{"environment":"Prod_southeastasia_prod-s01-064-apac-southeastasia", "migrationStage":"NotStarted", "server":"akswtt007000020"}}
{"logTime": "0506/053507", "correlationVector":"6Z//yftHiEGu9oWw+6WT6X.2","action":"Commit Response", "result":"Success", "context":Result: Success. cV=6Z//yftHiEGu9oWw+6WT6X.0;server=akswtt007000020;cloudType=Consumer;environment=Prod_southeastasia_prod-s01-064-apac-southeastasia;migrationStage=NotStarted}
{"logTime": "0506/053659", "correlationVector":"MFt47gYUedkzRKNHLx1ldZ","action":"Commit Request", "result":"", "context":Item count: 1
Contributing types: Sessions}
{"logTime": "0506/053659", "correlationVector":"MFt47gYUedkzRKNHLx1ldZ.1","action":"SyncServerConnectionManagerRequest", "result":"SYNC_SERVER_OK", "context":{"environment":"Prod_southeastasia_prod-s01-065-apac-southeastasia", "migrationStage":"NotStarted", "server":"akswtt007000019"}}
{"logTime": "0506/053659", "correlationVector":"MFt47gYUedkzRKNHLx1ldZ.2","action":"Commit Response", "result":"Success", "context":Result: Success. cV=MFt47gYUedkzRKNHLx1ldZ.0;server=akswtt007000019;cloudType=Consumer;environment=Prod_southeastasia_prod-s01-065-apac-southeastasia;migrationStage=NotStarted}
{"logTime": "0506/062634", "correlationVector":"K3e+ZInNd7lvG0h2goHpyc.1","action":"SyncServerConnectionManagerRequest", "result":"SYNC_SERVER_OK", "context":{"environment":"Prod_southeastasia_prod-s01-065-apac-southeastasia", "migrationStage":"NotStarted", "server":"akswtt00700002m"}}
{"logTime": "0506/062634", "correlationVector":"K3e+ZInNd7lvG0h2goHpyc.2","action":"ProcessGetUpdates", "result":"Done", "context":{"dataType":"Encryption Keys", "deleted":"0", "process_failed_to_decrypt":"0", "process_pending_decryption":"0", "process_success":"1", "total":"1"}}
{"logTime": "0506/062634", "correlationVector":"Gw3BHcp0pOq9Mx96jylj/U","action":"SyncServerConnectionManagerRequest", "result":"SYNC_SERVER_OK", "context":{"environment":"", "migrationStage":"", "server":""}}
{"logTime": "0506/062634", "correlationVector":"Gw3BHcp0pOq9Mx96jylj/U.0","action":"EncryptionKeysFetcher.DownloadKeys:", "result":"Success", "context":Key count: 6, Last key timestamp: 2025-04-12T04:26:06Z}
{"logTime": "0506/062634", "correlationVector":"Gw3BHcp0pOq9Mx96jylj/U.1","action":"EncryptionKeysManager::SetEncryptionKeys:", "result":"Success", "context":Key names[6]:[jDaXdZmK/sn9pEOBrHk51NgCGE2MikUXvWEgOHiBxNCT9f6nE4gnevH8vKaWHMNxpZPojJ2bENZ/o4epObl7Uw==][eQ83YXTexEYG8NRg0IiSBKkZa631ZXamvN23M9nxkX3IEaHACUiABX2in912YUEdpnx2bQcjnxyI3ezvTNjZSQ==][JuRNeVQ0N0QFygQTrTgjZW/gpB6RmB/fF5I6bBkKMyGlmUbYOBRq1hnFm0jp0q3Xz5Tr6G+aeGdw9SFhMh0aMQ==][k6mxfmnbf6BMkp4CBb/yGI3pWgImd7S+LwwUCuAMpEmSQBc2DV9o88wNlIwo/+hPMbAvB6Z7rhqvz0PTYDaaHA==][Xt0QpuPw0/jUvENCW1XlbfrYtXy+TrwcSLzyZxEQKF98vaqL9N9kvwzWGUAQz6k9l9IB06pzNjhBxniChJXXZg==][YGbkfDgSPf3nX8P8ZHsExvutfBUpZ9p6VaHBs1ynn6sp6h6YcYh44Egv6sbKNCv/+H6sa+M9LxqPq3VrnuSWmA==]}
{"logTime": "0506/062634", "correlationVector":"Gw3BHcp0pOq9Mx96jylj/U.2","action":"EncryptionKeysManager::SetEncryptionKeysWithTimestamps:", "result":"Success", "context":Key timestamps[6]:[2022-07-01T06:25:26Z][2023-02-07T01:56:18Z][2023-08-10T04:25:01Z][2024-02-12T11:46:11Z][2024-08-11T09:30:34Z][2025-04-12T04:26:06Z]}
{"logTime": "0506/062634", "correlationVector":"K3e+ZInNd7lvG0h2goHpyc","action":"Initial GetUpdates", "result":"", "context":Reason: NEW_CLIENT. cV=K3e+ZInNd7lvG0h2goHpyc}
{"logTime": "0506/062634", "correlationVector":"K3e+ZInNd7lvG0h2goHpyc.3","action":"GetUpdates Response", "result":"Success", "context":Received 1 update(s). cV=K3e+ZInNd7lvG0h2goHpyc.0;server=akswtt00700002m;cloudType=Consumer;environment=Prod_southeastasia_prod-s01-065-apac-southeastasia;migrationStage=NotStarted}
{"logTime": "0506/062634", "correlationVector":"895nG/IqREBBqS56VWGVG3","action":"Initial GetUpdates", "result":"", "context":Reason: NEWLY_SUPPORTED_DATATYPE. cV=895nG/IqREBBqS56VWGVG3}
{"logTime": "0506/062635", "correlationVector":"895nG/IqREBBqS56VWGVG3.1","action":"SyncServerConnectionManagerRequest", "result":"SYNC_SERVER_OK", "context":{"environment":"Prod_southeastasia_prod-s01-064-apac-southeastasia", "migrationStage":"NotStarted", "server":"akswtt00700000k"}}
{"logTime": "0506/062635", "correlationVector":"895nG/IqREBBqS56VWGVG3.2","action":"ProcessGetUpdates", "result":"Done", "context":{"dataType":"Passwords", "deleted":"1", "process_failed_to_decrypt":"0", "process_pending_decryption":"0", "process_success":"8", "total":"8"}}
{"logTime": "0506/062635", "correlationVector":"895nG/IqREBBqS56VWGVG3.3","action":"GetUpdates Response", "result":"Success", "context":Received 8 update(s). cV=895nG/IqREBBqS56VWGVG3.0;server=akswtt00700000k;cloudType=Consumer;environment=Prod_southeastasia_prod-s01-064-apac-southeastasia;migrationStage=NotStarted}
{"logTime": "0506/062635", "correlationVector":"THb9ogrFXIjaN1HdDufycE","action":"Normal GetUpdate request", "result":"", "context":cV=THb9ogrFXIjaN1HdDufycE
Nudged types: Sessions, Device Info, History
Refresh requested types: Bookmarks, Preferences, Passwords, Autofill Profiles, Autofill, Extensions, Sessions, Extension settings, History Delete Directives, Device Info, User Consents, Send Tab To Self, Web Apps, History, Saved Tab Group, Collection, Edge E Drop, Edge Hub App Usage, Edge Tab Group, Edge Wallet, Encryption Keys}
{"logTime": "0506/062635", "correlationVector":"THb9ogrFXIjaN1HdDufycE.1","action":"SyncServerConnectionManagerRequest", "result":"SYNC_SERVER_OK", "context":{"environment":"Prod_southeastasia_prod-s01-064-apac-southeastasia", "migrationStage":"NotStarted", "server":"akswtt00700000i"}}
{"logTime": "0506/062635", "correlationVector":"THb9ogrFXIjaN1HdDufycE.2","action":"ProcessGetUpdates", "result":"Done", "context":{"dataType":"Preferences", "deleted":"0", "process_failed_to_decrypt":"0", "process_pending_decryption":"0", "process_success":"1", "total":"1"}}
{"logTime": "0506/062635", "correlationVector":"THb9ogrFXIjaN1HdDufycE.3","action":"ProcessGetUpdates", "result":"Done", "context":{"dataType":"Sessions", "deleted":"0", "process_failed_to_decrypt":"0", "process_pending_decryption":"0", "process_success":"2", "total":"2"}}
{"logTime": "0506/062635", "correlationVector":"THb9ogrFXIjaN1HdDufycE.4","action":"ProcessGetUpdates", "result":"Done", "context":{"dataType":"Device Info", "deleted":"0", "process_failed_to_decrypt":"0", "process_pending_decryption":"0", "process_success":"1", "total":"1"}}
{"logTime": "0506/062635", "correlationVector":"THb9ogrFXIjaN1HdDufycE.5","action":"ProcessGetUpdates", "result":"Done", "context":{"dataType":"History", "deleted":"0", "process_failed_to_decrypt":"0", "process_pending_decryption":"0", "process_success":"4", "total":"4"}}
{"logTime": "0506/062635", "correlationVector":"THb9ogrFXIjaN1HdDufycE.6","action":"GetUpdates Response", "result":"Success", "context":Received 8 update(s). cV=THb9ogrFXIjaN1HdDufycE.0;server=akswtt00700000i;cloudType=Consumer;environment=Prod_southeastasia_prod-s01-064-apac-southeastasia;migrationStage=NotStarted}
{"logTime": "0506/062635", "correlationVector":"kABe2028atFaRfTF3kiY63","action":"Commit Request", "result":"", "context":Item count: 6
Contributing types: Sessions, Device Info, History}
{"logTime": "0506/062636", "correlationVector":"kABe2028atFaRfTF3kiY63.1","action":"SyncServerConnectionManagerRequest", "result":"SYNC_SERVER_OK", "context":{"environment":"Prod_southeastasia_prod-s01-064-apac-southeastasia", "migrationStage":"NotStarted", "server":"akswtt00700000f"}}
{"logTime": "0506/062636", "correlationVector":"kABe2028atFaRfTF3kiY63.3","action":"Commit.Sessions", "result":"Success", "context":{"id":"69500cd3-5491-4df9-b8e8-c97164932420", "isDeleted":"true", "size":"0", "version":"1746509819701"}}
{"logTime": "0506/062636", "correlationVector":"kABe2028atFaRfTF3kiY63.2","action":"Commit Response", "result":"Success", "context":Result: Success. cV=kABe2028atFaRfTF3kiY63.0;server=akswtt00700000f;cloudType=Consumer;environment=Prod_southeastasia_prod-s01-064-apac-southeastasia;migrationStage=NotStarted}
{"logTime": "0506/062638", "correlationVector":"z1QU9Tn0Av6Hzb4qPz53PL","action":"Commit Request", "result":"", "context":Item count: 3
Contributing types: Preferences, Passwords}
{"logTime": "0506/062639", "correlationVector":"z1QU9Tn0Av6Hzb4qPz53PL.1","action":"SyncServerConnectionManagerRequest", "result":"SYNC_SERVER_OK", "context":{"environment":"Prod_southeastasia_prod-s01-064-apac-southeastasia", "migrationStage":"NotStarted", "server":"akswtt00700003l"}}
{"logTime": "0506/062639", "correlationVector":"z1QU9Tn0Av6Hzb4qPz53PL.2","action":"Commit Response", "result":"Success", "context":Result: Success. cV=z1QU9Tn0Av6Hzb4qPz53PL.0;server=akswtt00700003l;cloudType=Consumer;environment=Prod_southeastasia_prod-s01-064-apac-southeastasia;migrationStage=NotStarted}
{"logTime": "0506/062739", "correlationVector":"HGkmx0rMO4BgKAB9hEfKxb","action":"Commit Request", "result":"", "context":Item count: 2
Contributing types: Sessions, History}
{"logTime": "0506/062739", "correlationVector":"HGkmx0rMO4BgKAB9hEfKxb.1","action":"SyncServerConnectionManagerRequest", "result":"SYNC_SERVER_OK", "context":{"environment":"Prod_southeastasia_prod-s01-064-apac-southeastasia", "migrationStage":"NotStarted", "server":"akswtt00700001n"}}
{"logTime": "0506/062739", "correlationVector":"HGkmx0rMO4BgKAB9hEfKxb.2","action":"Commit Response", "result":"Success", "context":Result: Success. cV=HGkmx0rMO4BgKAB9hEfKxb.0;server=akswtt00700001n;cloudType=Consumer;environment=Prod_southeastasia_prod-s01-064-apac-southeastasia;migrationStage=NotStarted}
{"logTime": "0506/062846", "correlationVector":"GLZSJdCMCMhA68VQRhrKMP","action":"Commit Request", "result":"", "context":Item count: 3
Contributing types: Sessions, History}
{"logTime": "0506/062847", "correlationVector":"GLZSJdCMCMhA68VQRhrKMP.1","action":"SyncServerConnectionManagerRequest", "result":"SYNC_SERVER_OK", "context":{"environment":"Prod_southeastasia_prod-s01-064-apac-southeastasia", "migrationStage":"NotStarted", "server":"akswtt007000018"}}
{"logTime": "0506/062847", "correlationVector":"GLZSJdCMCMhA68VQRhrKMP.2","action":"Commit Response", "result":"Success", "context":Result: Success. cV=GLZSJdCMCMhA68VQRhrKMP.0;server=akswtt007000018;cloudType=Consumer;environment=Prod_southeastasia_prod-s01-064-apac-southeastasia;migrationStage=NotStarted}
