2025-05-01 03:21:37.422: [INFO][Sync] Reset engine, reason: 8
2025-05-01 03:21:37.422: [INFO][Sync] Stopped: Bookmarks
2025-05-01 03:21:37.422: [INFO][Sync] Stopped: Preferences
2025-05-01 03:21:37.422: [INFO][Sync] Stopped: Passwords
2025-05-01 03:21:37.422: [INFO][Sync] Stopped: Autofill Profiles
2025-05-01 03:21:37.422: [INFO][Sync] Stopped: Autofill
2025-05-01 03:21:37.422: [INFO][Sync] Stopped: Extensions
2025-05-01 03:21:37.422: [INFO][Sync] Stopped: Sessions
2025-05-01 03:21:37.422: [INFO][Sync] Stopped: Extension settings
2025-05-01 03:21:37.422: [INFO][Sync] Stopped: History Delete Directives
2025-05-01 03:21:37.422: [INFO][Sync] Stopped: Device Info
2025-05-01 03:21:37.422: [INFO][Sync] Stopped: User Consents
2025-05-01 03:21:37.422: [INFO][Sync] Stopped: Send Tab To Self
2025-05-01 03:21:37.422: [INFO][Sync] Stopped: Web Apps
2025-05-01 03:21:37.422: [INFO][Sync] Stopped: History
2025-05-01 03:21:37.422: [INFO][Sync] Stopped: Saved Tab Group
2025-05-01 03:21:37.422: [INFO][Sync] Stopped: Collection
2025-05-01 03:21:37.422: [INFO][Sync] Stopped: Edge E Drop
2025-05-01 03:21:37.422: [INFO][Sync] Stopped: Edge Hub App Usage
2025-05-01 03:21:37.422: [INFO][Sync] Stopped: Edge Tab Group
2025-05-01 03:21:37.422: [INFO][Sync] Stopped: Edge Wallet
2025-05-01 03:21:37.422: [INFO][Sync] SyncState after authenticated was: NotSignedIn
2025-05-01 03:21:37.629: [INFO][Sync] Reset engine, reason: 8
2025-05-01 03:21:37.629: [INFO][Sync] Stopped: Bookmarks
2025-05-01 03:21:37.629: [INFO][Sync] Stopped: Preferences
2025-05-01 03:21:37.629: [INFO][Sync] Stopped: Passwords
2025-05-01 03:21:37.629: [INFO][Sync] Stopped: Autofill Profiles
2025-05-01 03:21:37.629: [INFO][Sync] Stopped: Autofill
2025-05-01 03:21:37.629: [INFO][Sync] Stopped: Extensions
2025-05-01 03:21:37.629: [INFO][Sync] Stopped: Sessions
2025-05-01 03:21:37.629: [INFO][Sync] Stopped: Extension settings
2025-05-01 03:21:37.629: [INFO][Sync] Stopped: History Delete Directives
2025-05-01 03:21:37.629: [INFO][Sync] Stopped: Device Info
2025-05-01 03:21:37.629: [INFO][Sync] Stopped: User Consents
2025-05-01 03:21:37.629: [INFO][Sync] Stopped: Send Tab To Self
2025-05-01 03:21:37.629: [INFO][Sync] Stopped: Web Apps
2025-05-01 03:21:37.629: [INFO][Sync] Stopped: History
2025-05-01 03:21:37.629: [INFO][Sync] Stopped: Saved Tab Group
2025-05-01 03:21:37.629: [INFO][Sync] Stopped: Collection
2025-05-01 03:21:37.629: [INFO][Sync] Stopped: Edge E Drop
2025-05-01 03:21:37.629: [INFO][Sync] Stopped: Edge Hub App Usage
2025-05-01 03:21:37.629: [INFO][Sync] Stopped: Edge Tab Group
2025-05-01 03:21:37.629: [INFO][Sync] Stopped: Edge Wallet
2025-05-01 03:21:37.778: [INFO][Sync] Try to start sync engine
2025-05-01 03:21:37.907: [INFO][SyncManagerImpl::NudgeForInitialDownload] Initial download nudge for Encryption Keys
2025-05-01 03:21:37.907: [INFO][SyncEngineBackend::LoadAndConnectNigoriController] Load and connect Nigori controller
2025-05-01 03:21:37.907: [INFO][SyncEngineBackend::DoInitialize] Control Types added: Encryption Keys
2025-05-01 03:21:37.907: [INFO][SyncManagerImpl::ConfigureSyncer] Types to download: Encryption Keys with reason: 3
2025-05-01 03:21:37.915: [INFO][SyncSchedulerImpl::DoConfigurationSyncCycleJob] Configure job was blocked
2025-05-01 03:21:38.019: [INFO][SyncAuthManager::SetLastAuthError] Current auth error: None
2025-05-01 03:21:38.019: [INFO][SyncAuthManager::EdgeLogTokenErrorState] Token error with: None for account type: MSA
2025-05-01 03:21:38.019: [INFO][Sync] Credentials changed for: EdgeSyncScopeNew
2025-05-01 03:21:57.044: [INFO][SyncAuthManager::SetLastAuthError] Current auth error: None
2025-05-01 03:21:57.044: [INFO][SyncAuthManager::EdgeLogTokenErrorState] Token error with: None for account type: MSA
2025-05-01 03:21:57.044: [INFO][Sync] Credentials changed for: EdgeSyncKeyDataScope
2025-05-01 03:21:57.044: [INFO][SyncEngineBackend::DoUpdateKeyDataCredentials] Update key data credentials
2025-05-01 03:21:57.044: [INFO][SyncEngineBackend::DoUpdateCredentials] Update credentials
2025-05-01 03:21:57.044: [INFO][SyncSchedulerImpl::DoConfigurationSyncCycleJob] Blocked types:  and types to download: Encryption Keys
2025-05-01 03:21:58.656: [INFO][Sync] Started DataTypeManager configuration, reason: 4
2025-05-01 03:21:58.656: [INFO][Sync] Configuring for: Bookmarks, Preferences, Passwords, Autofill Profiles, Autofill, Extensions, Sessions, Extension settings, History Delete Directives, Device Info, User Consents, Send Tab To Self, Web Apps, History, Saved Tab Group, Collection, Edge E Drop, Edge Hub App Usage, Edge Tab Group, Edge Wallet, Encryption Keys, reason: 3, current state: 0
2025-05-01 03:21:58.656: [WARN][Sync] Crypto error data types: Passwords, Autofill Profiles, Autofill
2025-05-01 03:21:58.657: [INFO][Sync] Configure, desired: Bookmarks, Preferences, Extensions, Sessions, Extension settings, History Delete Directives, Device Info, User Consents, Send Tab To Self, Web Apps, History, Saved Tab Group, Collection, Edge E Drop, Edge Hub App Usage, Edge Tab Group, Edge Wallet, Encryption Keys; Allow fail: Passwords, Autofill Profiles, Autofill
2025-05-01 03:21:58.657: [INFO][Sync] Loading: Bookmarks
2025-05-01 03:21:58.657: [INFO][Sync] Loading: Preferences
2025-05-01 03:21:58.657: [INFO][Sync] Loading: Extensions
2025-05-01 03:21:58.657: [INFO][Sync] Loading: Sessions
2025-05-01 03:21:58.657: [INFO][Sync] Loading: Extension settings
2025-05-01 03:21:58.657: [INFO][Sync] Loading: History Delete Directives
2025-05-01 03:21:58.657: [INFO][Sync] Loading: Device Info
2025-05-01 03:21:58.657: [INFO][Sync] Loading: User Consents
2025-05-01 03:21:58.657: [INFO][Sync] Loading: Send Tab To Self
2025-05-01 03:21:58.657: [INFO][Sync] Loading: Web Apps
2025-05-01 03:21:58.657: [INFO][Sync] Loading: History
2025-05-01 03:21:58.657: [INFO][Sync] Loading: Saved Tab Group
2025-05-01 03:21:58.657: [INFO][Sync] Loading: Collection
2025-05-01 03:21:58.657: [INFO][Sync] Loading: Edge E Drop
2025-05-01 03:21:58.657: [INFO][Sync] Loading: Edge Hub App Usage
2025-05-01 03:21:58.657: [INFO][Sync] Loading: Edge Tab Group
2025-05-01 03:21:58.657: [INFO][Sync] Loading: Edge Wallet
2025-05-01 03:21:58.660: [INFO][Sync] All data types are ready for configure.
2025-05-01 03:21:59.878: [INFO][Sync] Started DataTypeManager configuration, reason: 5
2025-05-01 03:21:59.878: [INFO][Sync] Configuring for: Bookmarks, Preferences, Passwords, Autofill Profiles, Autofill, Extensions, Sessions, Extension settings, History Delete Directives, Device Info, User Consents, Send Tab To Self, Web Apps, History, Saved Tab Group, Collection, Edge E Drop, Edge Hub App Usage, Edge Tab Group, Edge Wallet, Encryption Keys, reason: 5, current state: 1
2025-05-01 03:21:59.882: [INFO][SyncEngineBackend::DoStartConfiguration] Start configuration
2025-05-01 03:21:59.882: [INFO][SyncManagerImpl::NudgeForInitialDownload] Initial download nudge for Bookmarks
2025-05-01 03:21:59.882: [INFO][SyncManagerImpl::NudgeForInitialDownload] Initial download nudge for Preferences
2025-05-01 03:21:59.882: [INFO][SyncManagerImpl::NudgeForInitialDownload] Initial download nudge for Extensions
2025-05-01 03:21:59.882: [INFO][SyncManagerImpl::NudgeForInitialDownload] Initial download nudge for Sessions
2025-05-01 03:21:59.882: [INFO][SyncManagerImpl::NudgeForInitialDownload] Initial download nudge for Extension settings
2025-05-01 03:21:59.882: [INFO][SyncManagerImpl::NudgeForInitialDownload] Initial download nudge for History Delete Directives
2025-05-01 03:21:59.882: [INFO][SyncManagerImpl::NudgeForInitialDownload] Initial download nudge for Device Info
2025-05-01 03:21:59.882: [INFO][SyncManagerImpl::NudgeForInitialDownload] Initial download nudge for Send Tab To Self
2025-05-01 03:21:59.882: [INFO][SyncManagerImpl::NudgeForInitialDownload] Initial download nudge for Web Apps
2025-05-01 03:21:59.882: [INFO][SyncManagerImpl::NudgeForInitialDownload] Initial download nudge for History
2025-05-01 03:21:59.882: [INFO][SyncManagerImpl::NudgeForInitialDownload] Initial download nudge for Saved Tab Group
2025-05-01 03:21:59.882: [INFO][SyncManagerImpl::NudgeForInitialDownload] Initial download nudge for Collection
2025-05-01 03:21:59.882: [INFO][SyncManagerImpl::NudgeForInitialDownload] Initial download nudge for Edge E Drop
2025-05-01 03:21:59.882: [INFO][SyncManagerImpl::NudgeForInitialDownload] Initial download nudge for Edge Hub App Usage
2025-05-01 03:21:59.882: [INFO][SyncManagerImpl::NudgeForInitialDownload] Initial download nudge for Edge Tab Group
2025-05-01 03:21:59.882: [INFO][SyncManagerImpl::NudgeForInitialDownload] Initial download nudge for Edge Wallet
2025-05-01 03:21:59.882: [INFO][SyncManagerImpl::ConfigureSyncer] Types to download:  with reason: 3
2025-05-01 03:21:59.882: [INFO][SyncEngineBackend::DoFinishConfigureDataTypes] Failed to download types:  and succeeded types: 
2025-05-01 03:21:59.882: [INFO][Sync] ConfigurationDone, failed: , succeeded: , remaining count: 4
2025-05-01 03:21:59.882: [WARN][Sync]     Reconfigure requested while configuration ongoing.
2025-05-01 03:21:59.882: [INFO][Sync] Configuring for: Bookmarks, Preferences, Passwords, Autofill Profiles, Autofill, Extensions, Sessions, Extension settings, History Delete Directives, Device Info, User Consents, Send Tab To Self, Web Apps, History, Saved Tab Group, Collection, Edge E Drop, Edge Hub App Usage, Edge Tab Group, Edge Wallet, Encryption Keys, reason: 5, current state: 2
2025-05-01 03:21:59.882: [INFO][Sync] Configure, desired: Bookmarks, Preferences, Passwords, Autofill Profiles, Autofill, Extensions, Sessions, Extension settings, History Delete Directives, Device Info, User Consents, Send Tab To Self, Web Apps, History, Saved Tab Group, Collection, Edge E Drop, Edge Hub App Usage, Edge Tab Group, Edge Wallet, Encryption Keys; Allow fail: 
2025-05-01 03:21:59.882: [INFO][Sync] Loading: Passwords
2025-05-01 03:21:59.882: [INFO][Sync] Loading: Autofill Profiles
2025-05-01 03:21:59.882: [INFO][Sync] Loading: Autofill
2025-05-01 03:21:59.882: [INFO][Sync] All data types are ready for configure.
2025-05-01 03:21:59.882: [INFO][SyncManagerImpl::NudgeForInitialDownload] Initial download nudge for Passwords
2025-05-01 03:21:59.882: [INFO][SyncManagerImpl::NudgeForInitialDownload] Initial download nudge for Autofill Profiles
2025-05-01 03:21:59.882: [INFO][SyncManagerImpl::NudgeForInitialDownload] Initial download nudge for Autofill
2025-05-01 03:21:59.882: [INFO][SyncManagerImpl::ConfigureSyncer] Types to download:  with reason: 5
2025-05-01 03:21:59.882: [INFO][SyncEngineBackend::DoFinishConfigureDataTypes] Failed to download types:  and succeeded types: 
2025-05-01 03:21:59.882: [INFO][Sync] ConfigurationDone, failed: , succeeded: , remaining count: 4
2025-05-01 03:21:59.882: [INFO][Sync] Prepare to configure types: Preferences, Passwords, Device Info, Send Tab To Self, Edge E Drop, Encryption Keys
2025-05-01 03:21:59.882: [INFO][SyncManagerImpl::ConfigureSyncer] Types to download: Preferences, Passwords, Device Info, Send Tab To Self, Edge E Drop, Encryption Keys with reason: 5
2025-05-01 03:21:59.882: [INFO][SyncSchedulerImpl::DoConfigurationSyncCycleJob] Blocked types:  and types to download: Preferences, Passwords, Device Info, Send Tab To Self, Edge E Drop, Encryption Keys
2025-05-01 03:22:00.901: [INFO][SyncEngineBackend::DoFinishConfigureDataTypes] Failed to download types:  and succeeded types: Preferences, Passwords, Device Info, Send Tab To Self, Edge E Drop, Encryption Keys
2025-05-01 03:22:00.901: [INFO][Sync] ConfigurationDone, failed: , succeeded: Preferences, Passwords, Device Info, Send Tab To Self, Edge E Drop, Encryption Keys, remaining count: 3
2025-05-01 03:22:00.901: [INFO][Sync] Prepare to configure types: Bookmarks, Encryption Keys
2025-05-01 03:22:00.901: [INFO][SyncManagerImpl::ConfigureSyncer] Types to download: Bookmarks, Encryption Keys with reason: 5
2025-05-01 03:22:00.901: [INFO][SyncSchedulerImpl::DoConfigurationSyncCycleJob] Blocked types:  and types to download: Bookmarks, Encryption Keys
2025-05-01 03:22:01.262: [INFO][SyncEngineBackend::DoFinishConfigureDataTypes] Failed to download types:  and succeeded types: Bookmarks, Encryption Keys
2025-05-01 03:22:01.262: [INFO][Sync] ConfigurationDone, failed: , succeeded: Bookmarks, Encryption Keys, remaining count: 2
2025-05-01 03:22:01.262: [INFO][Sync] Prepare to configure types: Autofill Profiles, Autofill, Extensions, Sessions, Extension settings, History Delete Directives, Web Apps, Saved Tab Group, Collection, Edge Hub App Usage, Edge Tab Group, Edge Wallet, Encryption Keys
2025-05-01 03:22:01.262: [INFO][SyncManagerImpl::ConfigureSyncer] Types to download: Autofill Profiles, Autofill, Extensions, Sessions, Extension settings, History Delete Directives, Web Apps, Saved Tab Group, Collection, Edge Hub App Usage, Edge Tab Group, Edge Wallet, Encryption Keys with reason: 5
2025-05-01 03:22:01.263: [INFO][SyncSchedulerImpl::DoConfigurationSyncCycleJob] Blocked types:  and types to download: Autofill Profiles, Autofill, Extensions, Sessions, Extension settings, History Delete Directives, Web Apps, Saved Tab Group, Collection, Edge Hub App Usage, Edge Tab Group, Edge Wallet, Encryption Keys
2025-05-01 03:22:01.690: [INFO][SyncEngineBackend::DoFinishConfigureDataTypes] Failed to download types:  and succeeded types: Autofill Profiles, Autofill, Extensions, Sessions, Extension settings, History Delete Directives, Web Apps, Saved Tab Group, Collection, Edge Hub App Usage, Edge Tab Group, Edge Wallet, Encryption Keys
2025-05-01 03:22:01.691: [INFO][Sync] ConfigurationDone, failed: , succeeded: Autofill Profiles, Autofill, Extensions, Sessions, Extension settings, History Delete Directives, Web Apps, Saved Tab Group, Collection, Edge Hub App Usage, Edge Tab Group, Edge Wallet, Encryption Keys, remaining count: 1
2025-05-01 03:22:01.691: [INFO][Sync] Prepare to configure types: History, Encryption Keys
2025-05-01 03:22:01.691: [INFO][SyncManagerImpl::ConfigureSyncer] Types to download: History, Encryption Keys with reason: 5
2025-05-01 03:22:01.691: [INFO][SyncSchedulerImpl::DoConfigurationSyncCycleJob] Blocked types:  and types to download: History, Encryption Keys
2025-05-01 03:22:03.618: [INFO][SyncEngineBackend::DoFinishConfigureDataTypes] Failed to download types:  and succeeded types: History, Encryption Keys
2025-05-01 03:22:03.619: [INFO][Sync] ConfigurationDone, failed: , succeeded: History, Encryption Keys, remaining count: 0
2025-05-01 03:22:03.619: [INFO][Sync]     Configuration completed, state: 7
2025-05-01 03:22:03.619: [INFO][Sync] Configured DataTypeManager: Ok
2025-05-01 03:22:03.620: [INFO][SyncEngineBackend::DoStartSyncing] Start syncing
2025-05-01 03:28:47.209: [INFO][Sync] Reset engine, reason: 0
2025-05-01 03:28:47.209: [INFO][Sync] Reset engine with reason: 0
2025-05-01 03:35:36.685: [INFO][Sync] SyncState after authenticated was: FeatureCanStart
2025-05-01 03:35:37.166: [INFO][Sync] Try to start sync engine
2025-05-01 03:35:37.167: [INFO][SyncManagerImpl::NudgeForInitialDownload] Initial download nudge for Encryption Keys
2025-05-01 03:35:37.167: [INFO][SyncEngineBackend::LoadAndConnectNigoriController] Load and connect Nigori controller
2025-05-01 03:35:37.167: [INFO][SyncEngineBackend::DoInitialize] Control Types added: Encryption Keys
2025-05-01 03:35:37.167: [INFO][SyncManagerImpl::ConfigureSyncer] Types to download: Encryption Keys with reason: 3
2025-05-01 03:35:37.167: [INFO][SyncSchedulerImpl::DoConfigurationSyncCycleJob] Configure job was blocked
2025-05-01 03:35:37.218: [INFO][SyncAuthManager::SetLastAuthError] Current auth error: None
2025-05-01 03:35:37.219: [INFO][SyncAuthManager::EdgeLogTokenErrorState] Token error with: None for account type: MSA
2025-05-01 03:35:37.219: [INFO][Sync] Credentials changed for: EdgeSyncScopeNew
2025-05-01 03:35:38.667: [INFO][SyncAuthManager::SetLastAuthError] Current auth error: None
2025-05-01 03:35:38.667: [INFO][SyncAuthManager::EdgeLogTokenErrorState] Token error with: None for account type: MSA
2025-05-01 03:35:38.667: [INFO][Sync] Credentials changed for: EdgeSyncKeyDataScope
2025-05-01 03:35:38.667: [INFO][SyncEngineBackend::DoUpdateKeyDataCredentials] Update key data credentials
2025-05-01 03:35:38.667: [INFO][SyncEngineBackend::DoUpdateCredentials] Update credentials
2025-05-01 03:35:38.667: [INFO][SyncSchedulerImpl::DoConfigurationSyncCycleJob] Blocked types:  and types to download: Encryption Keys
2025-05-01 03:35:39.783: [INFO][Sync] Started DataTypeManager configuration, reason: 4
2025-05-01 03:35:39.783: [INFO][Sync] Configuring for: Bookmarks, Preferences, Passwords, Autofill Profiles, Autofill, Extensions, Sessions, Extension settings, History Delete Directives, Device Info, User Consents, Send Tab To Self, Web Apps, History, Saved Tab Group, Collection, Edge E Drop, Edge Hub App Usage, Edge Tab Group, Edge Wallet, Encryption Keys, reason: 4, current state: 0
2025-05-01 03:35:39.783: [WARN][Sync] Crypto error data types: Passwords, Autofill Profiles, Autofill
2025-05-01 03:35:39.784: [INFO][Sync] Configure, desired: Bookmarks, Preferences, Extensions, Sessions, Extension settings, History Delete Directives, Device Info, User Consents, Send Tab To Self, Web Apps, History, Saved Tab Group, Collection, Edge E Drop, Edge Hub App Usage, Edge Tab Group, Edge Wallet, Encryption Keys; Allow fail: Passwords, Autofill Profiles, Autofill
2025-05-01 03:37:15.347: [INFO][Sync] SyncState after authenticated was: FeatureCanStart
2025-05-01 03:37:15.796: [INFO][Sync] Try to start sync engine
2025-05-01 03:37:15.797: [INFO][SyncManagerImpl::NudgeForInitialDownload] Initial download nudge for Encryption Keys
2025-05-01 03:37:15.797: [INFO][SyncEngineBackend::LoadAndConnectNigoriController] Load and connect Nigori controller
2025-05-01 03:37:15.797: [INFO][SyncEngineBackend::DoInitialize] Control Types added: Encryption Keys
2025-05-01 03:37:15.797: [INFO][SyncManagerImpl::ConfigureSyncer] Types to download: Encryption Keys with reason: 3
2025-05-01 03:37:15.797: [INFO][SyncSchedulerImpl::DoConfigurationSyncCycleJob] Configure job was blocked
2025-05-01 03:37:15.842: [INFO][SyncAuthManager::SetLastAuthError] Current auth error: None
2025-05-01 03:37:15.842: [INFO][SyncAuthManager::EdgeLogTokenErrorState] Token error with: None for account type: MSA
2025-05-01 03:37:15.842: [INFO][Sync] Credentials changed for: EdgeSyncScopeNew
2025-05-01 03:37:17.444: [INFO][SyncAuthManager::SetLastAuthError] Current auth error: None
2025-05-01 03:37:17.444: [INFO][SyncAuthManager::EdgeLogTokenErrorState] Token error with: None for account type: MSA
2025-05-01 03:37:17.444: [INFO][Sync] Credentials changed for: EdgeSyncKeyDataScope
2025-05-01 03:37:17.445: [INFO][SyncEngineBackend::DoUpdateKeyDataCredentials] Update key data credentials
2025-05-01 03:37:17.445: [INFO][SyncEngineBackend::DoUpdateCredentials] Update credentials
2025-05-01 03:37:17.445: [INFO][SyncSchedulerImpl::DoConfigurationSyncCycleJob] Blocked types:  and types to download: Encryption Keys
2025-05-01 03:37:18.732: [INFO][Sync] Started DataTypeManager configuration, reason: 4
2025-05-01 03:37:18.733: [INFO][Sync] Configuring for: Bookmarks, Preferences, Passwords, Autofill Profiles, Autofill, Extensions, Sessions, Extension settings, History Delete Directives, Device Info, User Consents, Send Tab To Self, Web Apps, History, Saved Tab Group, Collection, Edge E Drop, Edge Hub App Usage, Edge Tab Group, Edge Wallet, Encryption Keys, reason: 4, current state: 0
2025-05-01 03:37:18.733: [WARN][Sync] Crypto error data types: Passwords, Autofill Profiles, Autofill
2025-05-01 03:37:18.733: [INFO][Sync] Configure, desired: Bookmarks, Preferences, Extensions, Sessions, Extension settings, History Delete Directives, Device Info, User Consents, Send Tab To Self, Web Apps, History, Saved Tab Group, Collection, Edge E Drop, Edge Hub App Usage, Edge Tab Group, Edge Wallet, Encryption Keys; Allow fail: Passwords, Autofill Profiles, Autofill
2025-05-01 03:37:18.733: [INFO][Sync] Loading: Bookmarks
2025-05-01 03:37:18.734: [INFO][Sync] Loading: Preferences
2025-05-01 03:37:18.734: [INFO][Sync] Loading: Extensions
2025-05-01 03:37:18.734: [INFO][Sync] Loading: Sessions
2025-05-01 03:37:18.734: [INFO][Sync] Loading: Extension settings
2025-05-01 03:37:18.734: [INFO][Sync] Loading: History Delete Directives
2025-05-01 03:37:18.734: [INFO][Sync] Loading: Device Info
2025-05-01 03:37:18.734: [INFO][Sync] Loading: User Consents
2025-05-01 03:37:18.734: [INFO][Sync] Loading: Send Tab To Self
2025-05-01 03:37:18.734: [INFO][Sync] Loading: Web Apps
2025-05-01 03:37:18.734: [INFO][Sync] Loading: History
2025-05-01 03:37:18.734: [INFO][Sync] Loading: Saved Tab Group
2025-05-01 03:37:18.734: [INFO][Sync] Loading: Collection
2025-05-01 03:37:18.734: [INFO][Sync] Loading: Edge E Drop
2025-05-01 03:37:18.734: [INFO][Sync] Loading: Edge Hub App Usage
2025-05-01 03:37:18.734: [INFO][Sync] Loading: Edge Tab Group
2025-05-01 03:37:18.734: [INFO][Sync] Loading: Edge Wallet
2025-05-01 03:37:18.736: [INFO][Sync] All data types are ready for configure.
2025-05-01 03:37:20.050: [INFO][Sync] Started DataTypeManager configuration, reason: 5
2025-05-01 03:37:20.050: [INFO][Sync] Configuring for: Bookmarks, Preferences, Passwords, Autofill Profiles, Autofill, Extensions, Sessions, Extension settings, History Delete Directives, Device Info, User Consents, Send Tab To Self, Web Apps, History, Saved Tab Group, Collection, Edge E Drop, Edge Hub App Usage, Edge Tab Group, Edge Wallet, Encryption Keys, reason: 5, current state: 1
2025-05-01 03:37:20.054: [INFO][SyncEngineBackend::DoStartConfiguration] Start configuration
2025-05-01 03:37:20.054: [INFO][SyncManagerImpl::ConfigureSyncer] Types to download:  with reason: 4
2025-05-01 03:37:20.054: [INFO][SyncEngineBackend::DoFinishConfigureDataTypes] Failed to download types:  and succeeded types: 
2025-05-01 03:37:20.055: [INFO][Sync] ConfigurationDone, failed: , succeeded: , remaining count: 4
2025-05-01 03:37:20.055: [WARN][Sync]     Reconfigure requested while configuration ongoing.
2025-05-01 03:37:20.055: [INFO][Sync] Configuring for: Bookmarks, Preferences, Passwords, Autofill Profiles, Autofill, Extensions, Sessions, Extension settings, History Delete Directives, Device Info, User Consents, Send Tab To Self, Web Apps, History, Saved Tab Group, Collection, Edge E Drop, Edge Hub App Usage, Edge Tab Group, Edge Wallet, Encryption Keys, reason: 5, current state: 2
2025-05-01 03:37:20.055: [INFO][Sync] Configure, desired: Bookmarks, Preferences, Passwords, Autofill Profiles, Autofill, Extensions, Sessions, Extension settings, History Delete Directives, Device Info, User Consents, Send Tab To Self, Web Apps, History, Saved Tab Group, Collection, Edge E Drop, Edge Hub App Usage, Edge Tab Group, Edge Wallet, Encryption Keys; Allow fail: 
2025-05-01 03:37:20.055: [INFO][Sync] Loading: Passwords
2025-05-01 03:37:20.055: [INFO][Sync] Loading: Autofill Profiles
2025-05-01 03:37:20.055: [INFO][Sync] Loading: Autofill
2025-05-01 03:37:20.055: [INFO][Sync] All data types are ready for configure.
2025-05-01 03:37:20.055: [INFO][SyncManagerImpl::NudgeForInitialDownload] Initial download nudge for Passwords
2025-05-01 03:37:20.055: [INFO][SyncManagerImpl::ConfigureSyncer] Types to download:  with reason: 5
2025-05-01 03:37:20.055: [INFO][SyncEngineBackend::DoFinishConfigureDataTypes] Failed to download types:  and succeeded types: 
2025-05-01 03:37:20.055: [INFO][Sync] ConfigurationDone, failed: , succeeded: , remaining count: 4
2025-05-01 03:37:20.055: [INFO][Sync] Prepare to configure types: Passwords, Encryption Keys
2025-05-01 03:37:20.055: [INFO][SyncManagerImpl::ConfigureSyncer] Types to download: Passwords, Encryption Keys with reason: 5
2025-05-01 03:37:20.055: [INFO][SyncSchedulerImpl::DoConfigurationSyncCycleJob] Blocked types:  and types to download: Passwords, Encryption Keys
2025-05-01 03:37:20.879: [INFO][SyncEngineBackend::DoFinishConfigureDataTypes] Failed to download types:  and succeeded types: Passwords, Encryption Keys
2025-05-01 03:37:20.880: [INFO][Sync] ConfigurationDone, failed: , succeeded: Passwords, Encryption Keys, remaining count: 3
2025-05-01 03:37:20.880: [INFO][SyncManagerImpl::ConfigureSyncer] Types to download:  with reason: 5
2025-05-01 03:37:20.880: [INFO][SyncEngineBackend::DoFinishConfigureDataTypes] Failed to download types:  and succeeded types: 
2025-05-01 03:37:20.880: [INFO][Sync] ConfigurationDone, failed: , succeeded: , remaining count: 2
2025-05-01 03:37:20.880: [INFO][SyncManagerImpl::ConfigureSyncer] Types to download:  with reason: 5
2025-05-01 03:37:20.880: [INFO][SyncEngineBackend::DoFinishConfigureDataTypes] Failed to download types:  and succeeded types: 
2025-05-01 03:37:20.882: [INFO][Sync] ConfigurationDone, failed: , succeeded: , remaining count: 1
2025-05-01 03:37:20.883: [INFO][SyncManagerImpl::ConfigureSyncer] Types to download:  with reason: 5
2025-05-01 03:37:20.883: [INFO][SyncEngineBackend::DoFinishConfigureDataTypes] Failed to download types:  and succeeded types: 
2025-05-01 03:37:20.883: [INFO][Sync] ConfigurationDone, failed: , succeeded: , remaining count: 0
2025-05-01 03:37:20.884: [INFO][Sync]     Configuration completed, state: 7
2025-05-01 03:37:20.884: [INFO][Sync] Configured DataTypeManager: Ok
2025-05-01 03:37:20.884: [INFO][SyncEngineBackend::DoStartSyncing] Start syncing
2025-05-01 03:51:19.810: [INFO][Sync] Reset engine, reason: 0
2025-05-01 03:51:19.810: [INFO][Sync] Reset engine with reason: 0
2025-05-01 04:33:20.154: [INFO][Sync] SyncState after authenticated was: FeatureCanStart
2025-05-01 04:33:20.601: [INFO][Sync] Try to start sync engine
2025-05-01 04:33:20.602: [INFO][SyncManagerImpl::NudgeForInitialDownload] Initial download nudge for Encryption Keys
2025-05-01 04:33:20.602: [INFO][SyncEngineBackend::LoadAndConnectNigoriController] Load and connect Nigori controller
2025-05-01 04:33:20.602: [INFO][SyncEngineBackend::DoInitialize] Control Types added: Encryption Keys
2025-05-01 04:33:20.602: [INFO][SyncManagerImpl::ConfigureSyncer] Types to download: Encryption Keys with reason: 3
2025-05-01 04:33:20.602: [INFO][SyncSchedulerImpl::DoConfigurationSyncCycleJob] Configure job was blocked
2025-05-01 04:33:20.658: [INFO][SyncAuthManager::SetLastAuthError] Current auth error: None
2025-05-01 04:33:20.658: [INFO][SyncAuthManager::EdgeLogTokenErrorState] Token error with: None for account type: MSA
2025-05-01 04:33:20.658: [INFO][Sync] Credentials changed for: EdgeSyncScopeNew
2025-05-01 04:33:21.721: [INFO][SyncAuthManager::SetLastAuthError] Current auth error: None
2025-05-01 04:33:21.721: [INFO][SyncAuthManager::EdgeLogTokenErrorState] Token error with: None for account type: MSA
2025-05-01 04:33:21.721: [INFO][Sync] Credentials changed for: EdgeSyncKeyDataScope
2025-05-01 04:33:21.721: [INFO][SyncEngineBackend::DoUpdateKeyDataCredentials] Update key data credentials
2025-05-01 04:33:21.721: [INFO][SyncEngineBackend::DoUpdateCredentials] Update credentials
2025-05-01 04:33:21.721: [INFO][SyncSchedulerImpl::DoConfigurationSyncCycleJob] Blocked types:  and types to download: Encryption Keys
2025-05-01 04:33:22.821: [INFO][Sync] Started DataTypeManager configuration, reason: 4
2025-05-01 04:33:22.821: [INFO][Sync] Configuring for: Bookmarks, Preferences, Passwords, Autofill Profiles, Autofill, Extensions, Sessions, Extension settings, History Delete Directives, Device Info, User Consents, Send Tab To Self, Web Apps, History, Saved Tab Group, Collection, Edge E Drop, Edge Hub App Usage, Edge Tab Group, Edge Wallet, Encryption Keys, reason: 4, current state: 0
2025-05-01 04:33:22.821: [WARN][Sync] Crypto error data types: Passwords, Autofill Profiles, Autofill
2025-05-01 04:33:22.821: [INFO][Sync] Configure, desired: Bookmarks, Preferences, Extensions, Sessions, Extension settings, History Delete Directives, Device Info, User Consents, Send Tab To Self, Web Apps, History, Saved Tab Group, Collection, Edge E Drop, Edge Hub App Usage, Edge Tab Group, Edge Wallet, Encryption Keys; Allow fail: Passwords, Autofill Profiles, Autofill
2025-05-01 04:33:22.821: [INFO][Sync] Loading: Bookmarks
2025-05-01 04:33:22.821: [INFO][Sync] Loading: Preferences
2025-05-01 04:33:22.821: [INFO][Sync] Loading: Extensions
2025-05-01 04:33:22.821: [INFO][Sync] Loading: Sessions
2025-05-01 04:33:22.821: [INFO][Sync] Loading: Extension settings
2025-05-01 04:33:22.821: [INFO][Sync] Loading: History Delete Directives
2025-05-01 04:33:22.821: [INFO][Sync] Loading: Device Info
2025-05-01 04:33:22.822: [INFO][Sync] Loading: User Consents
2025-05-01 04:33:22.822: [INFO][Sync] Loading: Send Tab To Self
2025-05-01 04:33:22.822: [INFO][Sync] Loading: Web Apps
2025-05-01 04:33:22.822: [INFO][Sync] Loading: History
2025-05-01 04:33:22.822: [INFO][Sync] Loading: Saved Tab Group
2025-05-01 04:33:22.822: [INFO][Sync] Loading: Collection
2025-05-01 04:33:22.822: [INFO][Sync] Loading: Edge E Drop
2025-05-01 04:33:22.822: [INFO][Sync] Loading: Edge Hub App Usage
2025-05-01 04:33:22.822: [INFO][Sync] Loading: Edge Tab Group
2025-05-01 04:33:22.822: [INFO][Sync] Loading: Edge Wallet
2025-05-01 04:33:22.826: [INFO][Sync] All data types are ready for configure.
2025-05-01 04:33:23.762: [INFO][Sync] Started DataTypeManager configuration, reason: 5
2025-05-01 04:33:23.762: [INFO][Sync] Configuring for: Bookmarks, Preferences, Passwords, Autofill Profiles, Autofill, Extensions, Sessions, Extension settings, History Delete Directives, Device Info, User Consents, Send Tab To Self, Web Apps, History, Saved Tab Group, Collection, Edge E Drop, Edge Hub App Usage, Edge Tab Group, Edge Wallet, Encryption Keys, reason: 5, current state: 1
2025-05-01 04:33:23.767: [INFO][SyncEngineBackend::DoStartConfiguration] Start configuration
2025-05-01 04:33:23.767: [INFO][SyncManagerImpl::ConfigureSyncer] Types to download:  with reason: 4
2025-05-01 04:33:23.767: [INFO][SyncEngineBackend::DoFinishConfigureDataTypes] Failed to download types:  and succeeded types: 
2025-05-01 04:33:23.767: [INFO][Sync] ConfigurationDone, failed: , succeeded: , remaining count: 4
2025-05-01 04:33:23.767: [WARN][Sync]     Reconfigure requested while configuration ongoing.
2025-05-01 04:33:23.767: [INFO][Sync] Configuring for: Bookmarks, Preferences, Passwords, Autofill Profiles, Autofill, Extensions, Sessions, Extension settings, History Delete Directives, Device Info, User Consents, Send Tab To Self, Web Apps, History, Saved Tab Group, Collection, Edge E Drop, Edge Hub App Usage, Edge Tab Group, Edge Wallet, Encryption Keys, reason: 5, current state: 2
2025-05-01 04:33:23.767: [INFO][Sync] Configure, desired: Bookmarks, Preferences, Passwords, Autofill Profiles, Autofill, Extensions, Sessions, Extension settings, History Delete Directives, Device Info, User Consents, Send Tab To Self, Web Apps, History, Saved Tab Group, Collection, Edge E Drop, Edge Hub App Usage, Edge Tab Group, Edge Wallet, Encryption Keys; Allow fail: 
2025-05-01 04:33:23.767: [INFO][Sync] Loading: Passwords
2025-05-01 04:33:23.767: [INFO][Sync] Loading: Autofill Profiles
2025-05-01 04:33:23.767: [INFO][Sync] Loading: Autofill
2025-05-01 04:33:23.767: [INFO][Sync] All data types are ready for configure.
2025-05-01 04:33:23.767: [INFO][SyncManagerImpl::NudgeForInitialDownload] Initial download nudge for Passwords
2025-05-01 04:33:23.768: [INFO][SyncManagerImpl::ConfigureSyncer] Types to download:  with reason: 5
2025-05-01 04:33:23.768: [INFO][SyncEngineBackend::DoFinishConfigureDataTypes] Failed to download types:  and succeeded types: 
2025-05-01 04:33:23.768: [INFO][Sync] ConfigurationDone, failed: , succeeded: , remaining count: 4
2025-05-01 04:33:23.768: [INFO][Sync] Prepare to configure types: Passwords, Encryption Keys
2025-05-01 04:33:23.768: [INFO][SyncManagerImpl::ConfigureSyncer] Types to download: Passwords, Encryption Keys with reason: 5
2025-05-01 04:33:23.768: [INFO][SyncSchedulerImpl::DoConfigurationSyncCycleJob] Blocked types:  and types to download: Passwords, Encryption Keys
2025-05-01 04:33:24.325: [INFO][SyncEngineBackend::DoFinishConfigureDataTypes] Failed to download types:  and succeeded types: Passwords, Encryption Keys
2025-05-01 04:33:24.326: [INFO][Sync] ConfigurationDone, failed: , succeeded: Passwords, Encryption Keys, remaining count: 3
2025-05-01 04:33:24.326: [INFO][SyncManagerImpl::ConfigureSyncer] Types to download:  with reason: 5
2025-05-01 04:33:24.326: [INFO][SyncEngineBackend::DoFinishConfigureDataTypes] Failed to download types:  and succeeded types: 
2025-05-01 04:33:24.326: [INFO][Sync] ConfigurationDone, failed: , succeeded: , remaining count: 2
2025-05-01 04:33:24.326: [INFO][SyncManagerImpl::ConfigureSyncer] Types to download:  with reason: 5
2025-05-01 04:33:24.326: [INFO][SyncEngineBackend::DoFinishConfigureDataTypes] Failed to download types:  and succeeded types: 
2025-05-01 04:33:24.328: [INFO][Sync] ConfigurationDone, failed: , succeeded: , remaining count: 1
2025-05-01 04:33:24.329: [INFO][SyncManagerImpl::ConfigureSyncer] Types to download:  with reason: 5
2025-05-01 04:33:24.329: [INFO][SyncEngineBackend::DoFinishConfigureDataTypes] Failed to download types:  and succeeded types: 
2025-05-01 04:33:24.329: [INFO][Sync] ConfigurationDone, failed: , succeeded: , remaining count: 0
2025-05-01 04:33:24.330: [INFO][Sync]     Configuration completed, state: 7
2025-05-01 04:33:24.330: [INFO][Sync] Configured DataTypeManager: Ok
2025-05-01 04:33:24.331: [INFO][SyncEngineBackend::DoStartSyncing] Start syncing
2025-05-01 04:33:42.273: [INFO][Sync] Reset engine, reason: 0
2025-05-01 05:23:11.576: [INFO][Sync] SyncState after authenticated was: FeatureCanStart
2025-05-01 05:23:12.306: [INFO][Sync] Try to start sync engine
2025-05-01 05:23:12.308: [INFO][SyncManagerImpl::NudgeForInitialDownload] Initial download nudge for Encryption Keys
2025-05-01 05:23:12.308: [INFO][SyncEngineBackend::LoadAndConnectNigoriController] Load and connect Nigori controller
2025-05-01 05:23:12.308: [INFO][SyncEngineBackend::DoInitialize] Control Types added: Encryption Keys
2025-05-01 05:23:12.308: [INFO][SyncManagerImpl::ConfigureSyncer] Types to download: Encryption Keys with reason: 3
2025-05-01 05:23:12.308: [INFO][SyncSchedulerImpl::DoConfigurationSyncCycleJob] Configure job was blocked
2025-05-01 05:23:12.552: [INFO][SyncAuthManager::SetLastAuthError] Current auth error: None
2025-05-01 05:23:12.552: [INFO][SyncAuthManager::EdgeLogTokenErrorState] Token error with: None for account type: MSA
2025-05-01 05:23:12.552: [INFO][Sync] Credentials changed for: EdgeSyncScopeNew
2025-05-01 05:23:13.240: [INFO][SyncAuthManager::SetLastAuthError] Current auth error: None
2025-05-01 05:23:13.240: [INFO][SyncAuthManager::EdgeLogTokenErrorState] Token error with: None for account type: MSA
2025-05-01 05:23:13.240: [INFO][Sync] Credentials changed for: EdgeSyncKeyDataScope
2025-05-01 05:23:13.240: [INFO][SyncEngineBackend::DoUpdateKeyDataCredentials] Update key data credentials
2025-05-01 05:23:13.240: [INFO][SyncEngineBackend::DoUpdateCredentials] Update credentials
2025-05-01 05:23:13.240: [INFO][SyncSchedulerImpl::DoConfigurationSyncCycleJob] Blocked types:  and types to download: Encryption Keys
2025-05-01 05:23:14.499: [INFO][Sync] Started DataTypeManager configuration, reason: 4
2025-05-01 05:23:14.500: [INFO][Sync] Configuring for: Bookmarks, Preferences, Passwords, Autofill Profiles, Autofill, Extensions, Sessions, Extension settings, History Delete Directives, Device Info, User Consents, Send Tab To Self, Web Apps, History, Saved Tab Group, Collection, Edge E Drop, Edge Hub App Usage, Edge Tab Group, Edge Wallet, Encryption Keys, reason: 4, current state: 0
2025-05-01 05:23:14.500: [WARN][Sync] Crypto error data types: Passwords, Autofill Profiles, Autofill
2025-05-01 05:23:14.500: [INFO][Sync] Configure, desired: Bookmarks, Preferences, Extensions, Sessions, Extension settings, History Delete Directives, Device Info, User Consents, Send Tab To Self, Web Apps, History, Saved Tab Group, Collection, Edge E Drop, Edge Hub App Usage, Edge Tab Group, Edge Wallet, Encryption Keys; Allow fail: Passwords, Autofill Profiles, Autofill
2025-05-01 05:23:14.500: [INFO][Sync] Loading: Bookmarks
2025-05-01 05:23:14.501: [INFO][Sync] Loading: Preferences
2025-05-01 05:23:14.501: [INFO][Sync] Loading: Extensions
2025-05-01 05:23:14.501: [INFO][Sync] Loading: Sessions
2025-05-01 05:23:14.501: [INFO][Sync] Loading: Extension settings
2025-05-01 05:23:14.501: [INFO][Sync] Loading: History Delete Directives
2025-05-01 05:23:14.501: [INFO][Sync] Loading: Device Info
2025-05-01 05:23:14.501: [INFO][Sync] Loading: User Consents
2025-05-01 05:23:14.501: [INFO][Sync] Loading: Send Tab To Self
2025-05-01 05:23:14.501: [INFO][Sync] Loading: Web Apps
2025-05-01 05:23:14.501: [INFO][Sync] Loading: History
2025-05-01 05:23:14.501: [INFO][Sync] Loading: Saved Tab Group
2025-05-01 05:23:14.501: [INFO][Sync] Loading: Collection
2025-05-01 05:23:14.501: [INFO][Sync] Loading: Edge E Drop
2025-05-01 05:23:14.501: [INFO][Sync] Loading: Edge Hub App Usage
2025-05-01 05:23:14.501: [INFO][Sync] Loading: Edge Tab Group
2025-05-01 05:23:14.501: [INFO][Sync] Loading: Edge Wallet
2025-05-01 05:23:14.506: [INFO][Sync] All data types are ready for configure.
2025-05-01 05:23:15.142: [INFO][Sync] Started DataTypeManager configuration, reason: 5
2025-05-01 05:23:15.142: [INFO][Sync] Configuring for: Bookmarks, Preferences, Passwords, Autofill Profiles, Autofill, Extensions, Sessions, Extension settings, History Delete Directives, Device Info, User Consents, Send Tab To Self, Web Apps, History, Saved Tab Group, Collection, Edge E Drop, Edge Hub App Usage, Edge Tab Group, Edge Wallet, Encryption Keys, reason: 5, current state: 1
2025-05-01 05:23:15.149: [INFO][SyncEngineBackend::DoStartConfiguration] Start configuration
2025-05-01 05:23:15.149: [INFO][SyncManagerImpl::ConfigureSyncer] Types to download:  with reason: 4
2025-05-01 05:23:15.149: [INFO][SyncEngineBackend::DoFinishConfigureDataTypes] Failed to download types:  and succeeded types: 
2025-05-01 05:23:15.149: [INFO][Sync] ConfigurationDone, failed: , succeeded: , remaining count: 4
2025-05-01 05:23:15.149: [WARN][Sync]     Reconfigure requested while configuration ongoing.
2025-05-01 05:23:15.149: [INFO][Sync] Configuring for: Bookmarks, Preferences, Passwords, Autofill Profiles, Autofill, Extensions, Sessions, Extension settings, History Delete Directives, Device Info, User Consents, Send Tab To Self, Web Apps, History, Saved Tab Group, Collection, Edge E Drop, Edge Hub App Usage, Edge Tab Group, Edge Wallet, Encryption Keys, reason: 5, current state: 2
2025-05-01 05:23:15.149: [INFO][Sync] Configure, desired: Bookmarks, Preferences, Passwords, Autofill Profiles, Autofill, Extensions, Sessions, Extension settings, History Delete Directives, Device Info, User Consents, Send Tab To Self, Web Apps, History, Saved Tab Group, Collection, Edge E Drop, Edge Hub App Usage, Edge Tab Group, Edge Wallet, Encryption Keys; Allow fail: 
2025-05-01 05:23:15.149: [INFO][Sync] Loading: Passwords
2025-05-01 05:23:15.149: [INFO][Sync] Loading: Autofill Profiles
2025-05-01 05:23:15.149: [INFO][Sync] Loading: Autofill
2025-05-01 05:23:15.149: [INFO][Sync] All data types are ready for configure.
2025-05-01 05:23:15.149: [INFO][SyncManagerImpl::NudgeForInitialDownload] Initial download nudge for Passwords
2025-05-01 05:23:15.149: [INFO][SyncManagerImpl::ConfigureSyncer] Types to download:  with reason: 5
2025-05-01 05:23:15.149: [INFO][SyncEngineBackend::DoFinishConfigureDataTypes] Failed to download types:  and succeeded types: 
2025-05-01 05:23:15.149: [INFO][Sync] ConfigurationDone, failed: , succeeded: , remaining count: 4
2025-05-01 05:23:15.149: [INFO][Sync] Prepare to configure types: Passwords, Encryption Keys
2025-05-01 05:23:15.149: [INFO][SyncManagerImpl::ConfigureSyncer] Types to download: Passwords, Encryption Keys with reason: 5
2025-05-01 05:23:15.149: [INFO][SyncSchedulerImpl::DoConfigurationSyncCycleJob] Blocked types:  and types to download: Passwords, Encryption Keys
2025-05-01 05:23:15.753: [INFO][SyncEngineBackend::DoFinishConfigureDataTypes] Failed to download types:  and succeeded types: Passwords, Encryption Keys
2025-05-01 05:23:15.754: [INFO][Sync] ConfigurationDone, failed: , succeeded: Passwords, Encryption Keys, remaining count: 3
2025-05-01 05:23:15.754: [INFO][SyncManagerImpl::ConfigureSyncer] Types to download:  with reason: 5
2025-05-01 05:23:15.754: [INFO][SyncEngineBackend::DoFinishConfigureDataTypes] Failed to download types:  and succeeded types: 
2025-05-01 05:23:15.754: [INFO][Sync] ConfigurationDone, failed: , succeeded: , remaining count: 2
2025-05-01 05:23:15.754: [INFO][SyncManagerImpl::ConfigureSyncer] Types to download:  with reason: 5
2025-05-01 05:23:15.754: [INFO][SyncEngineBackend::DoFinishConfigureDataTypes] Failed to download types:  and succeeded types: 
2025-05-01 05:23:15.757: [INFO][Sync] ConfigurationDone, failed: , succeeded: , remaining count: 1
2025-05-01 05:23:15.758: [INFO][SyncManagerImpl::ConfigureSyncer] Types to download:  with reason: 5
2025-05-01 05:23:15.758: [INFO][SyncEngineBackend::DoFinishConfigureDataTypes] Failed to download types:  and succeeded types: 
2025-05-01 05:23:15.758: [INFO][Sync] ConfigurationDone, failed: , succeeded: , remaining count: 0
2025-05-01 05:23:15.759: [INFO][Sync]     Configuration completed, state: 7
2025-05-01 05:23:15.759: [INFO][Sync] Configured DataTypeManager: Ok
2025-05-01 05:23:15.760: [INFO][SyncEngineBackend::DoStartSyncing] Start syncing
2025-05-01 06:52:36.303: [INFO][Sync] Reset engine, reason: 0
2025-05-01 06:52:36.303: [INFO][Sync] Reset engine with reason: 0
2025-05-01 06:53:33.974: [INFO][Sync] SyncState after authenticated was: FeatureCanStart
2025-05-01 06:53:34.327: [INFO][Sync] Try to start sync engine
2025-05-01 06:53:34.328: [INFO][SyncManagerImpl::NudgeForInitialDownload] Initial download nudge for Encryption Keys
2025-05-01 06:53:34.328: [INFO][SyncEngineBackend::LoadAndConnectNigoriController] Load and connect Nigori controller
2025-05-01 06:53:34.328: [INFO][SyncEngineBackend::DoInitialize] Control Types added: Encryption Keys
2025-05-01 06:53:34.328: [INFO][SyncManagerImpl::ConfigureSyncer] Types to download: Encryption Keys with reason: 3
2025-05-01 06:53:34.328: [INFO][SyncSchedulerImpl::DoConfigurationSyncCycleJob] Configure job was blocked
2025-05-01 06:53:34.382: [INFO][SyncAuthManager::SetLastAuthError] Current auth error: None
2025-05-01 06:53:34.382: [INFO][SyncAuthManager::EdgeLogTokenErrorState] Token error with: None for account type: MSA
2025-05-01 06:53:34.382: [INFO][Sync] Credentials changed for: EdgeSyncScopeNew
2025-05-01 06:53:35.457: [INFO][SyncAuthManager::SetLastAuthError] Current auth error: None
2025-05-01 06:53:35.457: [INFO][SyncAuthManager::EdgeLogTokenErrorState] Token error with: None for account type: MSA
2025-05-01 06:53:35.458: [INFO][Sync] Credentials changed for: EdgeSyncKeyDataScope
2025-05-01 06:53:35.458: [INFO][SyncEngineBackend::DoUpdateKeyDataCredentials] Update key data credentials
2025-05-01 06:53:35.458: [INFO][SyncEngineBackend::DoUpdateCredentials] Update credentials
2025-05-01 06:53:35.458: [INFO][SyncSchedulerImpl::DoConfigurationSyncCycleJob] Blocked types:  and types to download: Encryption Keys
2025-05-01 06:53:36.511: [INFO][Sync] Started DataTypeManager configuration, reason: 4
2025-05-01 06:53:36.511: [INFO][Sync] Configuring for: Bookmarks, Preferences, Passwords, Autofill Profiles, Autofill, Extensions, Sessions, Extension settings, History Delete Directives, Device Info, User Consents, Send Tab To Self, Web Apps, History, Saved Tab Group, Collection, Edge E Drop, Edge Hub App Usage, Edge Tab Group, Edge Wallet, Encryption Keys, reason: 4, current state: 0
2025-05-01 06:53:36.511: [WARN][Sync] Crypto error data types: Passwords, Autofill Profiles, Autofill
2025-05-01 06:53:36.511: [INFO][Sync] Configure, desired: Bookmarks, Preferences, Extensions, Sessions, Extension settings, History Delete Directives, Device Info, User Consents, Send Tab To Self, Web Apps, History, Saved Tab Group, Collection, Edge E Drop, Edge Hub App Usage, Edge Tab Group, Edge Wallet, Encryption Keys; Allow fail: Passwords, Autofill Profiles, Autofill
2025-05-01 06:53:36.512: [INFO][Sync] Loading: Bookmarks
2025-05-01 06:53:36.512: [INFO][Sync] Loading: Preferences
2025-05-01 06:53:36.512: [INFO][Sync] Loading: Extensions
2025-05-01 06:53:36.512: [INFO][Sync] Loading: Sessions
2025-05-01 06:53:36.512: [INFO][Sync] Loading: Extension settings
2025-05-01 06:53:36.512: [INFO][Sync] Loading: History Delete Directives
2025-05-01 06:53:36.512: [INFO][Sync] Loading: Device Info
2025-05-01 06:53:36.512: [INFO][Sync] Loading: User Consents
2025-05-01 06:53:36.512: [INFO][Sync] Loading: Send Tab To Self
2025-05-01 06:53:36.512: [INFO][Sync] Loading: Web Apps
2025-05-01 06:53:36.512: [INFO][Sync] Loading: History
2025-05-01 06:53:36.512: [INFO][Sync] Loading: Saved Tab Group
2025-05-01 06:53:36.512: [INFO][Sync] Loading: Collection
2025-05-01 06:53:36.512: [INFO][Sync] Loading: Edge E Drop
2025-05-01 06:53:36.512: [INFO][Sync] Loading: Edge Hub App Usage
2025-05-01 06:53:36.512: [INFO][Sync] Loading: Edge Tab Group
2025-05-01 06:53:36.512: [INFO][Sync] Loading: Edge Wallet
2025-05-01 06:53:36.513: [INFO][Sync] All data types are ready for configure.
2025-05-01 06:53:37.137: [INFO][Sync] Started DataTypeManager configuration, reason: 5
2025-05-01 06:53:37.137: [INFO][Sync] Configuring for: Bookmarks, Preferences, Passwords, Autofill Profiles, Autofill, Extensions, Sessions, Extension settings, History Delete Directives, Device Info, User Consents, Send Tab To Self, Web Apps, History, Saved Tab Group, Collection, Edge E Drop, Edge Hub App Usage, Edge Tab Group, Edge Wallet, Encryption Keys, reason: 5, current state: 1
2025-05-01 06:53:37.140: [INFO][SyncEngineBackend::DoStartConfiguration] Start configuration
2025-05-01 06:53:37.140: [INFO][SyncManagerImpl::ConfigureSyncer] Types to download:  with reason: 4
2025-05-01 06:53:37.140: [INFO][SyncEngineBackend::DoFinishConfigureDataTypes] Failed to download types:  and succeeded types: 
2025-05-01 06:53:37.140: [INFO][Sync] ConfigurationDone, failed: , succeeded: , remaining count: 4
2025-05-01 06:53:37.140: [WARN][Sync]     Reconfigure requested while configuration ongoing.
2025-05-01 06:53:37.140: [INFO][Sync] Configuring for: Bookmarks, Preferences, Passwords, Autofill Profiles, Autofill, Extensions, Sessions, Extension settings, History Delete Directives, Device Info, User Consents, Send Tab To Self, Web Apps, History, Saved Tab Group, Collection, Edge E Drop, Edge Hub App Usage, Edge Tab Group, Edge Wallet, Encryption Keys, reason: 5, current state: 2
2025-05-01 06:53:37.140: [INFO][Sync] Configure, desired: Bookmarks, Preferences, Passwords, Autofill Profiles, Autofill, Extensions, Sessions, Extension settings, History Delete Directives, Device Info, User Consents, Send Tab To Self, Web Apps, History, Saved Tab Group, Collection, Edge E Drop, Edge Hub App Usage, Edge Tab Group, Edge Wallet, Encryption Keys; Allow fail: 
2025-05-01 06:53:37.140: [INFO][Sync] Loading: Passwords
2025-05-01 06:53:37.140: [INFO][Sync] Loading: Autofill Profiles
2025-05-01 06:53:37.140: [INFO][Sync] Loading: Autofill
2025-05-01 06:53:37.141: [INFO][Sync] All data types are ready for configure.
2025-05-01 06:53:37.141: [INFO][SyncManagerImpl::NudgeForInitialDownload] Initial download nudge for Passwords
2025-05-01 06:53:37.141: [INFO][SyncManagerImpl::ConfigureSyncer] Types to download:  with reason: 5
2025-05-01 06:53:37.141: [INFO][SyncEngineBackend::DoFinishConfigureDataTypes] Failed to download types:  and succeeded types: 
2025-05-01 06:53:37.141: [INFO][Sync] ConfigurationDone, failed: , succeeded: , remaining count: 4
2025-05-01 06:53:37.141: [INFO][Sync] Prepare to configure types: Passwords, Encryption Keys
2025-05-01 06:53:37.141: [INFO][SyncManagerImpl::ConfigureSyncer] Types to download: Passwords, Encryption Keys with reason: 5
2025-05-01 06:53:37.141: [INFO][SyncSchedulerImpl::DoConfigurationSyncCycleJob] Blocked types:  and types to download: Passwords, Encryption Keys
2025-05-01 06:53:37.679: [INFO][SyncEngineBackend::DoFinishConfigureDataTypes] Failed to download types:  and succeeded types: Passwords, Encryption Keys
2025-05-01 06:53:37.680: [INFO][Sync] ConfigurationDone, failed: , succeeded: Passwords, Encryption Keys, remaining count: 3
2025-05-01 06:53:37.680: [INFO][SyncManagerImpl::ConfigureSyncer] Types to download:  with reason: 5
2025-05-01 06:53:37.680: [INFO][SyncEngineBackend::DoFinishConfigureDataTypes] Failed to download types:  and succeeded types: 
2025-05-01 06:53:37.680: [INFO][Sync] ConfigurationDone, failed: , succeeded: , remaining count: 2
2025-05-01 06:53:37.680: [INFO][SyncManagerImpl::ConfigureSyncer] Types to download:  with reason: 5
2025-05-01 06:53:37.680: [INFO][SyncEngineBackend::DoFinishConfigureDataTypes] Failed to download types:  and succeeded types: 
2025-05-01 06:53:37.681: [INFO][Sync] ConfigurationDone, failed: , succeeded: , remaining count: 1
2025-05-01 06:53:37.682: [INFO][SyncManagerImpl::ConfigureSyncer] Types to download:  with reason: 5
2025-05-01 06:53:37.682: [INFO][SyncEngineBackend::DoFinishConfigureDataTypes] Failed to download types:  and succeeded types: 
2025-05-01 06:53:37.682: [INFO][Sync] ConfigurationDone, failed: , succeeded: , remaining count: 0
2025-05-01 06:53:37.682: [INFO][Sync]     Configuration completed, state: 7
2025-05-01 06:53:37.683: [INFO][Sync] Configured DataTypeManager: Ok
2025-05-01 06:53:37.683: [INFO][SyncEngineBackend::DoStartSyncing] Start syncing
2025-05-01 07:40:39.318: [INFO][Sync] Reset engine, reason: 0
2025-05-01 07:40:39.318: [INFO][Sync] Reset engine with reason: 0
2025-05-01 07:41:16.194: [INFO][Sync] SyncState after authenticated was: FeatureCanStart
2025-05-01 07:41:16.593: [INFO][Sync] Try to start sync engine
2025-05-01 07:41:16.594: [INFO][SyncManagerImpl::NudgeForInitialDownload] Initial download nudge for Encryption Keys
2025-05-01 07:41:16.594: [INFO][SyncEngineBackend::LoadAndConnectNigoriController] Load and connect Nigori controller
2025-05-01 07:41:16.594: [INFO][SyncEngineBackend::DoInitialize] Control Types added: Encryption Keys
2025-05-01 07:41:16.594: [INFO][SyncManagerImpl::ConfigureSyncer] Types to download: Encryption Keys with reason: 3
2025-05-01 07:41:16.594: [INFO][SyncSchedulerImpl::DoConfigurationSyncCycleJob] Configure job was blocked
2025-05-01 07:41:16.643: [INFO][SyncAuthManager::SetLastAuthError] Current auth error: None
2025-05-01 07:41:16.643: [INFO][SyncAuthManager::EdgeLogTokenErrorState] Token error with: None for account type: MSA
2025-05-01 07:41:16.643: [INFO][Sync] Credentials changed for: EdgeSyncScopeNew
2025-05-01 07:41:17.745: [INFO][SyncAuthManager::SetLastAuthError] Current auth error: None
2025-05-01 07:41:17.745: [INFO][SyncAuthManager::EdgeLogTokenErrorState] Token error with: None for account type: MSA
2025-05-01 07:41:17.745: [INFO][Sync] Credentials changed for: EdgeSyncKeyDataScope
2025-05-01 07:41:17.745: [INFO][SyncEngineBackend::DoUpdateKeyDataCredentials] Update key data credentials
2025-05-01 07:41:17.745: [INFO][SyncEngineBackend::DoUpdateCredentials] Update credentials
2025-05-01 07:41:17.745: [INFO][SyncSchedulerImpl::DoConfigurationSyncCycleJob] Blocked types:  and types to download: Encryption Keys
2025-05-01 07:41:18.401: [INFO][Sync] Started DataTypeManager configuration, reason: 4
2025-05-01 07:41:18.401: [INFO][Sync] Configuring for: Bookmarks, Preferences, Passwords, Autofill Profiles, Autofill, Extensions, Sessions, Extension settings, History Delete Directives, Device Info, User Consents, Send Tab To Self, Web Apps, History, Saved Tab Group, Collection, Edge E Drop, Edge Hub App Usage, Edge Tab Group, Edge Wallet, Encryption Keys, reason: 4, current state: 0
2025-05-01 07:41:18.401: [WARN][Sync] Crypto error data types: Passwords, Autofill Profiles, Autofill
2025-05-01 07:41:18.402: [INFO][Sync] Configure, desired: Bookmarks, Preferences, Extensions, Sessions, Extension settings, History Delete Directives, Device Info, User Consents, Send Tab To Self, Web Apps, History, Saved Tab Group, Collection, Edge E Drop, Edge Hub App Usage, Edge Tab Group, Edge Wallet, Encryption Keys; Allow fail: Passwords, Autofill Profiles, Autofill
2025-05-01 07:41:18.402: [INFO][Sync] Loading: Bookmarks
2025-05-01 07:41:18.402: [INFO][Sync] Loading: Preferences
2025-05-01 07:41:18.402: [INFO][Sync] Loading: Extensions
2025-05-01 07:41:18.402: [INFO][Sync] Loading: Sessions
2025-05-01 07:41:18.402: [INFO][Sync] Loading: Extension settings
2025-05-01 07:41:18.402: [INFO][Sync] Loading: History Delete Directives
2025-05-01 07:41:18.402: [INFO][Sync] Loading: Device Info
2025-05-01 07:41:18.402: [INFO][Sync] Loading: User Consents
2025-05-01 07:41:18.402: [INFO][Sync] Loading: Send Tab To Self
2025-05-01 07:41:18.402: [INFO][Sync] Loading: Web Apps
2025-05-01 07:41:18.402: [INFO][Sync] Loading: History
2025-05-01 07:41:18.402: [INFO][Sync] Loading: Saved Tab Group
2025-05-01 07:41:18.402: [INFO][Sync] Loading: Collection
2025-05-01 07:41:18.402: [INFO][Sync] Loading: Edge E Drop
2025-05-01 07:41:18.402: [INFO][Sync] Loading: Edge Hub App Usage
2025-05-01 07:41:18.402: [INFO][Sync] Loading: Edge Tab Group
2025-05-01 07:41:18.402: [INFO][Sync] Loading: Edge Wallet
2025-05-01 07:41:18.403: [INFO][Sync] All data types are ready for configure.
2025-05-01 07:41:20.340: [INFO][Sync] Started DataTypeManager configuration, reason: 5
2025-05-01 07:41:20.340: [INFO][Sync] Configuring for: Bookmarks, Preferences, Passwords, Autofill Profiles, Autofill, Extensions, Sessions, Extension settings, History Delete Directives, Device Info, User Consents, Send Tab To Self, Web Apps, History, Saved Tab Group, Collection, Edge E Drop, Edge Hub App Usage, Edge Tab Group, Edge Wallet, Encryption Keys, reason: 5, current state: 1
2025-05-01 07:41:20.346: [INFO][SyncEngineBackend::DoStartConfiguration] Start configuration
2025-05-01 07:41:20.346: [INFO][SyncManagerImpl::ConfigureSyncer] Types to download:  with reason: 4
2025-05-01 07:41:20.346: [INFO][SyncEngineBackend::DoFinishConfigureDataTypes] Failed to download types:  and succeeded types: 
2025-05-01 07:41:20.346: [INFO][Sync] ConfigurationDone, failed: , succeeded: , remaining count: 4
2025-05-01 07:41:20.346: [WARN][Sync]     Reconfigure requested while configuration ongoing.
2025-05-01 07:41:20.346: [INFO][Sync] Configuring for: Bookmarks, Preferences, Passwords, Autofill Profiles, Autofill, Extensions, Sessions, Extension settings, History Delete Directives, Device Info, User Consents, Send Tab To Self, Web Apps, History, Saved Tab Group, Collection, Edge E Drop, Edge Hub App Usage, Edge Tab Group, Edge Wallet, Encryption Keys, reason: 5, current state: 2
2025-05-01 07:41:20.346: [INFO][Sync] Configure, desired: Bookmarks, Preferences, Passwords, Autofill Profiles, Autofill, Extensions, Sessions, Extension settings, History Delete Directives, Device Info, User Consents, Send Tab To Self, Web Apps, History, Saved Tab Group, Collection, Edge E Drop, Edge Hub App Usage, Edge Tab Group, Edge Wallet, Encryption Keys; Allow fail: 
2025-05-01 07:41:20.346: [INFO][Sync] Loading: Passwords
2025-05-01 07:41:20.346: [INFO][Sync] Loading: Autofill Profiles
2025-05-01 07:41:20.346: [INFO][Sync] Loading: Autofill
2025-05-01 07:41:20.346: [INFO][Sync] All data types are ready for configure.
2025-05-01 07:41:20.346: [INFO][SyncManagerImpl::NudgeForInitialDownload] Initial download nudge for Passwords
2025-05-01 07:41:20.346: [INFO][SyncManagerImpl::ConfigureSyncer] Types to download:  with reason: 5
2025-05-01 07:41:20.346: [INFO][SyncEngineBackend::DoFinishConfigureDataTypes] Failed to download types:  and succeeded types: 
2025-05-01 07:41:20.346: [INFO][Sync] ConfigurationDone, failed: , succeeded: , remaining count: 4
2025-05-01 07:41:20.346: [INFO][Sync] Prepare to configure types: Passwords, Encryption Keys
2025-05-01 07:41:20.346: [INFO][SyncManagerImpl::ConfigureSyncer] Types to download: Passwords, Encryption Keys with reason: 5
2025-05-01 07:41:20.346: [INFO][SyncSchedulerImpl::DoConfigurationSyncCycleJob] Blocked types:  and types to download: Passwords, Encryption Keys
2025-05-01 07:41:21.480: [INFO][SyncEngineBackend::DoFinishConfigureDataTypes] Failed to download types:  and succeeded types: Passwords, Encryption Keys
2025-05-01 07:41:21.480: [INFO][Sync] ConfigurationDone, failed: , succeeded: Passwords, Encryption Keys, remaining count: 3
2025-05-01 07:41:21.480: [INFO][SyncManagerImpl::ConfigureSyncer] Types to download:  with reason: 5
2025-05-01 07:41:21.481: [INFO][SyncEngineBackend::DoFinishConfigureDataTypes] Failed to download types:  and succeeded types: 
2025-05-01 07:41:21.481: [INFO][Sync] ConfigurationDone, failed: , succeeded: , remaining count: 2
2025-05-01 07:41:21.481: [INFO][SyncManagerImpl::ConfigureSyncer] Types to download:  with reason: 5
2025-05-01 07:41:21.481: [INFO][SyncEngineBackend::DoFinishConfigureDataTypes] Failed to download types:  and succeeded types: 
2025-05-01 07:41:21.483: [INFO][Sync] ConfigurationDone, failed: , succeeded: , remaining count: 1
2025-05-01 07:41:21.483: [INFO][SyncManagerImpl::ConfigureSyncer] Types to download:  with reason: 5
2025-05-01 07:41:21.483: [INFO][SyncEngineBackend::DoFinishConfigureDataTypes] Failed to download types:  and succeeded types: 
2025-05-01 07:41:21.483: [INFO][Sync] ConfigurationDone, failed: , succeeded: , remaining count: 0
2025-05-01 07:41:21.484: [INFO][Sync]     Configuration completed, state: 7
2025-05-01 07:41:21.484: [INFO][Sync] Configured DataTypeManager: Ok
2025-05-01 07:41:21.485: [INFO][SyncEngineBackend::DoStartSyncing] Start syncing
2025-05-01 09:25:59.334: [INFO][Sync] Reset engine, reason: 0
2025-05-01 09:25:59.334: [INFO][Sync] Reset engine with reason: 0
2025-05-01 09:32:02.346: [INFO][Sync] SyncState after authenticated was: FeatureCanStart
2025-05-01 09:32:02.798: [INFO][Sync] Try to start sync engine
2025-05-01 09:32:02.799: [INFO][SyncManagerImpl::NudgeForInitialDownload] Initial download nudge for Encryption Keys
2025-05-01 09:32:02.799: [INFO][SyncEngineBackend::LoadAndConnectNigoriController] Load and connect Nigori controller
2025-05-01 09:32:02.799: [INFO][SyncEngineBackend::DoInitialize] Control Types added: Encryption Keys
2025-05-01 09:32:02.799: [INFO][SyncManagerImpl::ConfigureSyncer] Types to download: Encryption Keys with reason: 3
2025-05-01 09:32:02.799: [INFO][SyncSchedulerImpl::DoConfigurationSyncCycleJob] Configure job was blocked
2025-05-01 09:32:02.843: [INFO][SyncAuthManager::SetLastAuthError] Current auth error: None
2025-05-01 09:32:02.843: [INFO][SyncAuthManager::EdgeLogTokenErrorState] Token error with: None for account type: MSA
2025-05-01 09:32:02.843: [INFO][Sync] Credentials changed for: EdgeSyncScopeNew
2025-05-01 09:32:03.745: [INFO][SyncAuthManager::SetLastAuthError] Current auth error: None
2025-05-01 09:32:03.745: [INFO][SyncAuthManager::EdgeLogTokenErrorState] Token error with: None for account type: MSA
2025-05-01 09:32:03.745: [INFO][Sync] Credentials changed for: EdgeSyncKeyDataScope
2025-05-01 09:32:03.745: [INFO][SyncEngineBackend::DoUpdateKeyDataCredentials] Update key data credentials
2025-05-01 09:32:03.745: [INFO][SyncEngineBackend::DoUpdateCredentials] Update credentials
2025-05-01 09:32:03.746: [INFO][SyncSchedulerImpl::DoConfigurationSyncCycleJob] Blocked types:  and types to download: Encryption Keys
2025-05-01 09:32:04.299: [INFO][Sync] Started DataTypeManager configuration, reason: 4
2025-05-01 09:32:04.299: [INFO][Sync] Configuring for: Bookmarks, Preferences, Passwords, Autofill Profiles, Autofill, Extensions, Sessions, Extension settings, History Delete Directives, Device Info, User Consents, Send Tab To Self, Web Apps, History, Saved Tab Group, Collection, Edge E Drop, Edge Hub App Usage, Edge Tab Group, Edge Wallet, Encryption Keys, reason: 4, current state: 0
2025-05-01 09:32:04.299: [WARN][Sync] Crypto error data types: Passwords, Autofill Profiles, Autofill
2025-05-01 09:32:04.300: [INFO][Sync] Configure, desired: Bookmarks, Preferences, Extensions, Sessions, Extension settings, History Delete Directives, Device Info, User Consents, Send Tab To Self, Web Apps, History, Saved Tab Group, Collection, Edge E Drop, Edge Hub App Usage, Edge Tab Group, Edge Wallet, Encryption Keys; Allow fail: Passwords, Autofill Profiles, Autofill
2025-05-01 09:32:04.300: [INFO][Sync] Loading: Bookmarks
2025-05-01 09:32:04.300: [INFO][Sync] Loading: Preferences
2025-05-01 09:32:04.300: [INFO][Sync] Loading: Extensions
2025-05-01 09:32:04.300: [INFO][Sync] Loading: Sessions
2025-05-01 09:32:04.300: [INFO][Sync] Loading: Extension settings
2025-05-01 09:32:04.300: [INFO][Sync] Loading: History Delete Directives
2025-05-01 09:32:04.300: [INFO][Sync] Loading: Device Info
2025-05-01 09:32:04.300: [INFO][Sync] Loading: User Consents
2025-05-01 09:32:04.300: [INFO][Sync] Loading: Send Tab To Self
2025-05-01 09:32:04.300: [INFO][Sync] Loading: Web Apps
2025-05-01 09:32:04.300: [INFO][Sync] Loading: History
2025-05-01 09:32:04.300: [INFO][Sync] Loading: Saved Tab Group
2025-05-01 09:32:04.300: [INFO][Sync] Loading: Collection
2025-05-01 09:32:04.300: [INFO][Sync] Loading: Edge E Drop
2025-05-01 09:32:04.300: [INFO][Sync] Loading: Edge Hub App Usage
2025-05-01 09:32:04.300: [INFO][Sync] Loading: Edge Tab Group
2025-05-01 09:32:04.300: [INFO][Sync] Loading: Edge Wallet
2025-05-01 09:32:04.303: [INFO][Sync] All data types are ready for configure.
2025-05-01 09:32:05.590: [INFO][Sync] Started DataTypeManager configuration, reason: 5
2025-05-01 09:32:05.590: [INFO][Sync] Configuring for: Bookmarks, Preferences, Passwords, Autofill Profiles, Autofill, Extensions, Sessions, Extension settings, History Delete Directives, Device Info, User Consents, Send Tab To Self, Web Apps, History, Saved Tab Group, Collection, Edge E Drop, Edge Hub App Usage, Edge Tab Group, Edge Wallet, Encryption Keys, reason: 5, current state: 1
2025-05-01 09:32:05.598: [INFO][SyncEngineBackend::DoStartConfiguration] Start configuration
2025-05-01 09:32:05.598: [INFO][SyncManagerImpl::ConfigureSyncer] Types to download:  with reason: 4
2025-05-01 09:32:05.598: [INFO][SyncEngineBackend::DoFinishConfigureDataTypes] Failed to download types:  and succeeded types: 
2025-05-01 09:32:05.598: [INFO][Sync] ConfigurationDone, failed: , succeeded: , remaining count: 4
2025-05-01 09:32:05.598: [WARN][Sync]     Reconfigure requested while configuration ongoing.
2025-05-01 09:32:05.598: [INFO][Sync] Configuring for: Bookmarks, Preferences, Passwords, Autofill Profiles, Autofill, Extensions, Sessions, Extension settings, History Delete Directives, Device Info, User Consents, Send Tab To Self, Web Apps, History, Saved Tab Group, Collection, Edge E Drop, Edge Hub App Usage, Edge Tab Group, Edge Wallet, Encryption Keys, reason: 5, current state: 2
2025-05-01 09:32:05.598: [INFO][Sync] Configure, desired: Bookmarks, Preferences, Passwords, Autofill Profiles, Autofill, Extensions, Sessions, Extension settings, History Delete Directives, Device Info, User Consents, Send Tab To Self, Web Apps, History, Saved Tab Group, Collection, Edge E Drop, Edge Hub App Usage, Edge Tab Group, Edge Wallet, Encryption Keys; Allow fail: 
2025-05-01 09:32:05.598: [INFO][Sync] Loading: Passwords
2025-05-01 09:32:05.598: [INFO][Sync] Loading: Autofill Profiles
2025-05-01 09:32:05.598: [INFO][Sync] Loading: Autofill
2025-05-01 09:32:05.598: [INFO][Sync] All data types are ready for configure.
2025-05-01 09:32:05.598: [INFO][SyncManagerImpl::NudgeForInitialDownload] Initial download nudge for Passwords
2025-05-01 09:32:05.598: [INFO][SyncManagerImpl::ConfigureSyncer] Types to download:  with reason: 5
2025-05-01 09:32:05.598: [INFO][SyncEngineBackend::DoFinishConfigureDataTypes] Failed to download types:  and succeeded types: 
2025-05-01 09:32:05.598: [INFO][Sync] ConfigurationDone, failed: , succeeded: , remaining count: 4
2025-05-01 09:32:05.598: [INFO][Sync] Prepare to configure types: Passwords, Encryption Keys
2025-05-01 09:32:05.598: [INFO][SyncManagerImpl::ConfigureSyncer] Types to download: Passwords, Encryption Keys with reason: 5
2025-05-01 09:32:05.598: [INFO][SyncSchedulerImpl::DoConfigurationSyncCycleJob] Blocked types:  and types to download: Passwords, Encryption Keys
2025-05-01 09:32:06.248: [INFO][SyncEngineBackend::DoFinishConfigureDataTypes] Failed to download types:  and succeeded types: Passwords, Encryption Keys
2025-05-01 09:32:06.250: [INFO][Sync] ConfigurationDone, failed: , succeeded: Passwords, Encryption Keys, remaining count: 3
2025-05-01 09:32:06.250: [INFO][SyncManagerImpl::ConfigureSyncer] Types to download:  with reason: 5
2025-05-01 09:32:06.250: [INFO][SyncEngineBackend::DoFinishConfigureDataTypes] Failed to download types:  and succeeded types: 
2025-05-01 09:32:06.250: [INFO][Sync] ConfigurationDone, failed: , succeeded: , remaining count: 2
2025-05-01 09:32:06.250: [INFO][SyncManagerImpl::ConfigureSyncer] Types to download:  with reason: 5
2025-05-01 09:32:06.250: [INFO][SyncEngineBackend::DoFinishConfigureDataTypes] Failed to download types:  and succeeded types: 
2025-05-01 09:32:06.251: [INFO][Sync] ConfigurationDone, failed: , succeeded: , remaining count: 1
2025-05-01 09:32:06.252: [INFO][SyncManagerImpl::ConfigureSyncer] Types to download:  with reason: 5
2025-05-01 09:32:06.252: [INFO][SyncEngineBackend::DoFinishConfigureDataTypes] Failed to download types:  and succeeded types: 
2025-05-01 09:32:06.252: [INFO][Sync] ConfigurationDone, failed: , succeeded: , remaining count: 0
2025-05-01 09:32:06.253: [INFO][Sync]     Configuration completed, state: 7
2025-05-01 09:32:06.253: [INFO][Sync] Configured DataTypeManager: Ok
2025-05-01 09:32:06.254: [INFO][SyncEngineBackend::DoStartSyncing] Start syncing
2025-05-01 10:22:39.984: [INFO][Sync] Reset engine, reason: 0
2025-05-01 10:22:39.984: [INFO][Sync] Reset engine with reason: 0
